20 30 1 10 1 11 1 15 2 11 2 12 2 13 3 12 3 13 3 14 4 12 4 14 4 20 5 13 5 18 5 19 6 14 6 15 6 16 7 15 7 18 7 20 8 16 8 17 8 19 9 16 9 19 9 20 10 17 10 18 11 17
20 30 1 10 1 11 1 15 2 11 2 12 2 13 3 12 3 14 3 16 4 12 4 17 4 20 5 13 5 18 5 19 6 14 6 15 6 17 7 15 7 19 7 20 8 16 8 17 8 18 9 16 9 18 9 19 10 13 10 14 11 20
20 30 1 10 1 12 1 14 2 11 2 12 2 13 3 11 3 14 3 16 4 12 4 19 4 20 5 13 5 15 5 17 6 14 6 16 6 17 7 15 7 16 7 19 8 17 8 18 8 20 9 18 9 19 9 20 10 13 10 18 11 15
20 30 1 10 1 12 1 13 2 11 2 13 2 14 3 11 3 14 3 15 4 12 4 13 4 16 5 12 5 17 5 19 6 14 6 19 6 20 7 15 7 16 7 17 8 16 8 18 8 20 9 18 9 19 9 20 10 15 10 17 11 18
20 30 1 10 1 12 1 13 2 11 2 13 2 14 3 11 3 14 3 19 4 12 4 13 4 16 5 12 5 19 5 20 6 14 6 16 6 17 7 15 7 17 7 20 8 15 8 18 8 19 9 16 9 17 9 18 10 18 10 20 11 15
20 30 1 10 1 12 1 13 2 11 2 13 2 14 3 11 3 14 3 16 4 12 4 16 4 17 5 12 5 19 5 20 6 13 6 18 6 19 7 15 7 17 7 18 8 15 8 19 8 20 9 16 9 17 9 18 10 14 10 20 11 15
20 30 1 10 1 12 1 13 2 11 2 14 2 16 3 11 3 16 3 20 4 12 4 13 4 14 5 12 5 15 5 17 6 13 6 18 6 20 7 14 7 15 7 19 8 16 8 17 8 18 9 17 9 18 9 19 10 19 10 20 11 15
20 30 1 10 1 12 1 13 2 11 2 16 2 17 3 11 3 17 3 18 4 12 4 13 4 14 5 12 5 15 5 19 6 13 6 16 6 20 7 14 7 15 7 16 8 14 8 18 8 19 9 18 9 19 9 20 10 17 10 20 11 15
20 30 1 10 1 13 1 14 2 11 2 12 2 13 3 11 3 14 3 20 4 12 4 15 4 16 5 12 5 17 5 18 6 13 6 18 6 19 7 14 7 16 7 17 8 15 8 19 8 20 9 17 9 18 9 20 10 16 10 19 11 15
20 30 1 10 1 13 1 18 2 11 2 12 2 13 3 11 3 19 3 20 4 12 4 16 4 17 5 12 5 17 5 18 6 13 6 15 6 16 7 14 7 17 7 20 8 15 8 16 8 19 9 18 9 19 9 20 10 14 10 15 11 14
20 30 1 10 1 14 1 15 2 11 2 12 2 13 3 11 3 13 3 17 4 12 4 15 4 16 5 12 5 15 5 19 6 13 6 16 6 18 7 14 7 18 7 20 8 17 8 19 8 20 9 18 9 19 9 20 10 16 10 17 11 14
20 30 1 10 1 14 1 15 2 11 2 12 2 13 3 11 3 18 3 20 4 12 4 14 4 17 5 12 5 16 5 18 6 13 6 15 6 16 7 13 7 15 7 19 8 17 8 19 8 20 9 18 9 19 9 20 10 16 10 17 11 14
20 30 1 10 1 15 1 18 2 11 2 12 2 13 3 11 3 17 3 20 4 12 4 14 4 15 5 12 5 17 5 18 6 13 6 15 6 16 7 13 7 16 7 19 8 14 8 19 8 20 9 18 9 19 9 20 10 16 10 17 11 14
20 30 1 10 1 14 1 16 2 10 2 15 2 17 3 11 3 13 3 14 4 11 4 14 4 20 5 12 5 16 5 17 6 12 6 17 6 18 7 13 7 18 7 19 8 15 8 18 8 19 9 16 9 19 9 20 10 13 11 15 12 20
20 30 1 10 1 15 1 16 2 10 2 16 2 17 3 11 3 13 3 14 4 11 4 14 4 15 5 12 5 14 5 17 6 12 6 17 6 18 7 13 7 18 7 19 8 15 8 18 8 20 9 16 9 19 9 20 10 13 11 19 12 20
20 30 1 10 1 15 1 16 2 10 2 16 2 17 3 11 3 13 3 14 4 11 4 14 4 17 5 12 5 14 5 15 6 12 6 17 6 20 7 13 7 18 7 19 8 15 8 16 8 19 9 18 9 19 9 20 10 13 11 20 12 18
20 30 1 10 1 15 1 16 2 10 2 18 2 19 3 11 3 13 3 14 4 11 4 16 4 17 5 12 5 14 5 15 6 12 6 15 6 16 7 13 7 19 7 20 8 14 8 17 8 18 9 17 9 18 9 20 10 13 11 20 12 19
20 30 1 9 1 12 1 13 2 10 2 12 2 20 3 11 3 13 3 19 4 12 4 13 4 14 5 14 5 17 5 18 6 14 6 17 6 19 7 15 7 16 7 18 8 15 8 19 8 20 9 18 9 20 10 15 10 16 11 16 11 17
20 30 1 9 1 12 1 13 2 10 2 12 2 13 3 11 3 16 3 17 4 12 4 14 4 15 5 13 5 16 5 20 6 14 6 15 6 16 7 14 7 17 7 18 8 18 8 19 8 20 9 15 9 19 10 17 10 18 11 19 11 20
20 30 1 9 1 12 1 13 2 10 2 12 2 15 3 11 3 13 3 14 4 12 4 15 4 17 5 13 5 18 5 19 6 14 6 16 6 20 7 15 7 19 7 20 8 17 8 18 8 19 9 16 9 18 10 14 10 16 11 17 11 20
20 30 1 9 1 12 1 13 2 10 2 13 2 14 3 11 3 13 3 20 4 12 4 15 4 18 5 12 5 15 5 19 6 14 6 15 6 16 7 16 7 17 7 18 8 17 8 19 8 20 9 14 9 19 10 18 10 20 11 16 11 17
20 30 1 9 1 12 1 13 2 10 2 13 2 14 3 11 3 14 3 20 4 12 4 15 4 16 5 12 5 16 5 20 6 13 6 14 6 15 7 15 7 18 7 19 8 17 8 18 8 19 9 17 9 18 10 19 10 20 11 16 11 17
20 30 1 9 1 12 1 13 2 10 2 13 2 14 3 11 3 14 3 15 4 12 4 15 4 16 5 12 5 19 5 20 6 13 6 14 6 20 7 16 7 17 7 18 8 17 8 18 8 19 9 15 9 17 10 18 10 19 11 16 11 20
20 30 1 9 1 12 1 13 2 10 2 14 2 15 3 11 3 16 3 17 4 12 4 14 4 16 5 12 5 16 5 20 6 13 6 15 6 17 7 13 7 15 7 20 8 14 8 18 8 19 9 18 9 19 10 17 10 18 11 19 11 20
20 30 1 9 1 11 1 13 2 10 2 15 2 16 3 11 3 13 3 17 4 12 4 13 4 14 5 12 5 14 5 15 6 14 6 18 6 19 7 16 7 17 7 18 8 16 8 17 8 20 9 18 9 19 10 19 10 20 11 15 12 20
20 30 1 9 1 11 1 13 2 10 2 13 2 14 3 11 3 14 3 15 4 12 4 16 4 17 5 12 5 17 5 18 6 13 6 18 6 19 7 14 7 15 7 17 8 15 8 18 8 19 9 16 9 20 10 19 10 20 11 16 12 20
20 30 1 9 1 11 1 13 2 10 2 14 2 15 3 11 3 13 3 14 4 12 4 15 4 16 5 12 5 16 5 17 6 13 6 14 6 20 7 15 7 19 7 20 8 17 8 18 8 19 9 16 9 18 10 18 10 19 11 17 12 20
20 30 1 9 1 11 1 13 2 10 2 14 2 15 3 11 3 13 3 14 4 12 4 15 4 16 5 12 5 16 5 17 6 13 6 16 6 19 7 14 7 17 7 18 8 18 8 19 8 20 9 15 9 20 10 19 10 20 11 17 12 18
20 30 1 9 1 11 1 20 2 10 2 15 2 20 3 11 3 13 3 14 4 12 4 13 4 14 5 12 5 14 5 16 6 13 6 17 6 19 7 15 7 17 7 18 8 16 8 19 8 20 9 18 9 19 10 16 10 17 11 15 12 18
20 30 1 9 1 13 1 14 2 10 2 14 2 19 3 11 3 12 3 13 4 11 4 13 4 15 5 12 5 18 5 19 6 15 6 19 6 20 7 16 7 17 7 18 8 16 8 17 8 20 9 17 9 18 10 15 10 16 11 20 12 14
20 30 1 9 1 13 1 15 2 10 2 14 2 15 3 11 3 12 3 14 4 11 4 14 4 18 5 12 5 15 5 17 6 13 6 19 6 20 7 16 7 17 7 18 8 16 8 19 8 20 9 17 9 20 10 18 10 19 11 13 12 16
20 30 1 9 1 13 1 14 2 10 2 15 2 16 3 11 3 12 3 15 4 11 4 19 4 20 5 12 5 14 5 15 6 13 6 14 6 18 7 16 7 17 7 20 8 17 8 18 8 19 9 16 9 17 10 18 10 19 11 13 12 20
20 30 1 9 1 13 1 14 2 10 2 14 2 15 3 11 3 13 3 14 4 11 4 17 4 18 5 12 5 15 5 16 6 12 6 15 6 20 7 13 7 18 7 19 8 16 8 18 8 19 9 16 9 17 10 19 10 20 11 20 12 17
20 30 1 9 1 13 1 15 2 10 2 14 2 16 3 11 3 13 3 14 4 11 4 15 4 16 5 12 5 16 5 17 6 12 6 17 6 19 7 13 7 14 7 20 8 15 8 19 8 20 9 18 9 19 10 18 10 20 11 17 12 18
20 30 1 9 1 13 1 15 2 10 2 15 2 16 3 11 3 14 3 17 4 11 4 18 4 19 5 12 5 16 5 17 6 12 6 18 6 20 7 13 7 16 7 18 8 15 8 19 8 20 9 14 9 20 10 17 10 19 11 13 12 14
20 30 1 9 1 14 1 15 2 10 2 15 2 16 3 11 3 16 3 18 4 11 4 19 4 20 5 12 5 13 5 14 6 12 6 14 6 19 7 13 7 15 7 20 8 16 8 17 8 18 9 18 9 20 10 17 10 19 11 13 12 17
20 30 1 9 1 14 1 15 2 10 2 16 2 17 3 11 3 15 3 16 4 11 4 18 4 19 5 12 5 13 5 14 6 12 6 15 6 16 7 13 7 17 7 18 8 14 8 19 8 20 9 17 9 18 10 19 10 20 11 13 12 20
20 30 1 8 1 12 1 13 2 9 2 13 2 14 3 10 3 13 3 20 4 11 4 14 4 15 5 12 5 15 5 16 6 15 6 16 6 20 7 17 7 18 7 19 8 18 8 19 9 19 9 20 10 16 10 17 11 17 11 18 12 14
20 30 1 8 1 12 1 13 2 9 2 13 2 19 3 10 3 14 3 15 4 11 4 15 4 16 5 12 5 13 5 14 6 14 6 17 6 20 7 18 7 19 7 20 8 15 8 16 9 16 9 17 10 19 10 20 11 17 11 18 12 18
