12 18  0 6  0 7  0 8  1 6  1 7  1 8  2 6  2 8  2 11  3 7  3 9  3 10  4 9  4 10  4 11  5 9  5 10  5 11
Embedding of genus 6:0(6 7 8) 1(6 7 8) 2(6 8 11) 3(7 9 10) 4(9 10 11) 5(9 10 11) 6(0 1 2) 7(0 1 3) 8(0 1 2) 9(3 4 5) 10(3 4 5) 11(2 4 5) 
Embedding of genus 4:0(6 7 8) 1(6 7 8) 2(6 8 11) 3(7 9 10) 4(9 10 11) 5(9 10 11) 6(0 1 2) 7(0 1 3) 8(2 1 0) 9(3 4 5) 10(3 4 5) 11(2 4 5) 
Embedding of genus 2:0(6 7 8) 1(8 7 6) 2(6 8 11) 3(7 9 10) 4(9 10 11) 5(11 10 9) 6(2 1 0) 7(0 1 3) 8(0 1 2) 9(3 4 5) 10(5 4 3) 11(2 4 5) 
The graph has orientable genus 2.
Embedding of genus 6:0(6 7 8) 1(6 7 8) 2(6 8 11) 3(7 9 10) 4(9 10 11) 5(9 10 11) 6(0 1 2) 7(0 1 3) 8(0 1 2) 9(3 4 5) 10(3 4 5) 11(2 4 5) 
Embedding of genus 4:0(6 7 8) 1(6 7 8) 2(6 8 11) 3(7 9 10) 4(9 10 11) 5(9 10 11) 6(0 1 2) 7(0 1 3) 8(2 1 0) 9(3 4 5) 10(3 4 5) 11(2 4 5) 
Embedding of genus 2:0(6 7 8) 1(8 7 6) 2(6 8 11) 3(7 9 10) 4(9 10 11) 5(11 10 9) 6(2 1 0) 7(0 1 3) 8(0 1 2) 9(3 4 5) 10(5 4 3) 11(2 4 5) 
Embedding of genus 2:0(6 7 8) 1(8- 7 6) 2(6 8 11) 3(10 9 7) 4(9 10 11) 5(11 10 9-) 6(2 1 0) 7(0 1 3) 8(0 1- 2) 9(3 4 5-) 10(5 4 3) 11(2 4 5) 
The graph has non-orientable genus 2.
12 18  0 6  0 7  0 8  1 6  1 7  1 8  2 6  2 9  2 10  3 7  3 9  3 11  4 8  4 10  4 11  5 9  5 10  5 11
Embedding of genus 6:0(6 7 8) 1(6 7 8) 2(6 9 10) 3(7 9 11) 4(8 10 11) 5(9 10 11) 6(0 1 2) 7(0 1 3) 8(0 1 4) 9(2 3 5) 10(2 4 5) 11(3 4 5) 
Embedding of genus 4:0(6 7 8) 1(6 7 8) 2(6 9 10) 3(7 9 11) 4(8 10 11) 5(9 10 11) 6(0 1 2) 7(0 1 3) 8(4 1 0) 9(2 3 5) 10(2 4 5) 11(3 4 5) 
Embedding of genus 2:0(6 7 8) 1(6 7 8) 2(6 9 10) 3(11 9 7) 4(8 10 11) 5(11 10 9) 6(0 1 2) 7(0 1 3) 8(0 1 4) 9(2 3 5) 10(5 4 2) 11(3 4 5) 
The graph has orientable genus 2.
Embedding of genus 6:0(6 7 8) 1(6 7 8) 2(6 9 10) 3(7 9 11) 4(8 10 11) 5(9 10 11) 6(0 1 2) 7(0 1 3) 8(0 1 4) 9(2 3 5) 10(2 4 5) 11(3 4 5) 
Embedding of genus 4:0(6 7 8) 1(6 7 8) 2(6 9 10) 3(7 9 11) 4(8 10 11) 5(9 10 11) 6(0 1 2) 7(0 1 3) 8(4 1 0) 9(2 3 5) 10(2 4 5) 11(3 4 5) 
Embedding of genus 2:0(6 7 8) 1(6 7 8) 2(6 9 10) 3(11 9 7) 4(8 10 11) 5(11 10 9) 6(0 1 2) 7(0 1 3) 8(0 1 4) 9(2 3 5) 10(5 4 2) 11(3 4 5) 
Embedding of genus 2:0(6 7 8) 1(8 7 6) 2(6- 9 10) 3(11 9 7) 4(8 10 11) 5(11 10 9) 6(0 1 2-) 7(0 1 3) 8(4 1 0) 9(2 3 5) 10(5 4 2) 11(3 4 5) 
Embedding of genus 1:0(8 7 6) 1(6 7 8-) 2(6- 9 10) 3(11 9 7) 4(8 10 11) 5(11 10 9) 6(0 1 2-) 7(3 1 0) 8(0 1- 4) 9(2 3 5) 10(5 4 2) 11(3 4 5) 
The graph has non-orientable genus 1.
12 18  0 6  0 7  0 8  1 6  1 7  1 9  2 6  2 8  2 10  3 7  3 9  3 11  4 8  4 10  4 11  5 9  5 10  5 11
Embedding of genus 6:0(6 7 8) 1(6 7 9) 2(6 8 10) 3(7 9 11) 4(8 10 11) 5(9 10 11) 6(0 1 2) 7(0 1 3) 8(0 2 4) 9(1 3 5) 10(2 4 5) 11(3 4 5) 
Embedding of genus 4:0(6 7 8) 1(6 7 9) 2(6 8 10) 3(7 9 11) 4(8 10 11) 5(9 10 11) 6(0 1 2) 7(0 1 3) 8(4 2 0) 9(5 3 1) 10(2 4 5) 11(3 4 5) 
Embedding of genus 2:0(6 7 8) 1(6 7 9) 2(6 8 10) 3(7 9 11) 4(8 10 11) 5(11 10 9) 6(2 1 0) 7(3 1 0) 8(4 2 0) 9(5 3 1) 10(5 4 2) 11(3 4 5) 
Embedding of genus 0:0(8 7 6) 1(6 7 9) 2(10 8 6) 3(11 9 7) 4(8 10 11) 5(11 10 9) 6(0 1 2) 7(3 1 0) 8(0 2 4) 9(1 3 5) 10(5 4 2) 11(3 4 5) 
The graph has orientable genus 0.
Embedding of genus 6:0(6 7 8) 1(6 7 9) 2(6 8 10) 3(7 9 11) 4(8 10 11) 5(9 10 11) 6(0 1 2) 7(0 1 3) 8(0 2 4) 9(1 3 5) 10(2 4 5) 11(3 4 5) 
Embedding of genus 4:0(6 7 8) 1(6 7 9) 2(6 8 10) 3(7 9 11) 4(8 10 11) 5(9 10 11) 6(0 1 2) 7(0 1 3) 8(4 2 0) 9(5 3 1) 10(2 4 5) 11(3 4 5) 
Embedding of genus 2:0(6 7 8) 1(6 7 9) 2(6 8 10) 3(7 9 11) 4(8 10 11) 5(11 10 9) 6(2 1 0) 7(3 1 0) 8(4 2 0) 9(5 3 1) 10(5 4 2) 11(3 4 5) 
Embedding of genus 0:0(8 7 6) 1(6 7 9) 2(10 8 6) 3(11 9 7) 4(8 10 11) 5(11 10 9) 6(0 1 2) 7(3 1 0) 8(0 2 4) 9(1 3 5) 10(5 4 2) 11(3 4 5) 
The graph has non-orientable genus 1.
12 18  0 6  0 7  0 8  1 6  1 7  1 9  2 6  2 9  2 10  3 7  3 10  3 11  4 8  4 9  4 11  5 8  5 10  5 11
Embedding of genus 6:0(6 7 8) 1(6 7 9) 2(6 9 10) 3(7 10 11) 4(8 9 11) 5(8 10 11) 6(0 1 2) 7(0 1 3) 8(0 4 5) 9(1 2 4) 10(2 3 5) 11(3 4 5) 
Embedding of genus 4:0(6 7 8) 1(6 7 9) 2(6 9 10) 3(7 10 11) 4(8 9 11) 5(8 10 11) 6(0 1 2) 7(0 1 3) 8(0 4 5) 9(4 2 1) 10(5 3 2) 11(3 4 5) 
Embedding of genus 2:0(6 7 8) 1(6 7 9) 2(6 9 10) 3(11 10 7) 4(11 9 8) 5(8 10 11) 6(2 1 0) 7(3 1 0) 8(5 4 0) 9(1 2 4) 10(2 3 5) 11(3 4 5) 
The graph has orientable genus 2.
Embedding of genus 6:0(6 7 8) 1(6 7 9) 2(6 9 10) 3(7 10 11) 4(8 9 11) 5(8 10 11) 6(0 1 2) 7(0 1 3) 8(0 4 5) 9(1 2 4) 10(2 3 5) 11(3 4 5) 
Embedding of genus 4:0(6 7 8) 1(6 7 9) 2(6 9 10) 3(7 10 11) 4(8 9 11) 5(8 10 11) 6(0 1 2) 7(0 1 3) 8(0 4 5) 9(4 2 1) 10(5 3 2) 11(3 4 5) 
Embedding of genus 2:0(6 7 8) 1(6 7 9) 2(6 9 10) 3(11 10 7) 4(11 9 8) 5(8 10 11) 6(2 1 0) 7(3 1 0) 8(5 4 0) 9(1 2 4) 10(2 3 5) 11(3 4 5) 
Embedding of genus 2:0(8 7 6) 1(6 7 9) 2(10 9 6-) 3(7 10 11-) 4(11 9 8) 5(8 10- 11) 6(0 1 2-) 7(3 1 0) 8(5 4 0) 9(1 2 4) 10(5- 3 2) 11(3- 4 5) 
Embedding of genus 1:0(8 7 6) 1(6 7 9-) 2(10 9 6-) 3(7 10 11-) 4(11 9 8) 5(8 10- 11) 6(0 1 2-) 7(3 1 0) 8(5 4 0) 9(1- 2 4) 10(5- 3 2) 11(3- 4 5) 
The graph has non-orientable genus 1.
12 18  0 6  0 7  0 8  1 6  1 7  1 9  2 6  2 10  2 11  3 7  3 10  3 11  4 8  4 9  4 10  5 8  5 9  5 11
Embedding of genus 6:0(6 7 8) 1(6 7 9) 2(6 10 11) 3(7 10 11) 4(8 9 10) 5(8 9 11) 6(0 1 2) 7(0 1 3) 8(0 4 5) 9(1 4 5) 10(2 3 4) 11(2 3 5) 
Embedding of genus 4:0(6 7 8) 1(6 7 9) 2(6 10 11) 3(7 10 11) 4(8 9 10) 5(8 9 11) 6(0 1 2) 7(0 1 3) 8(5 4 0) 9(5 4 1) 10(2 3 4) 11(2 3 5) 
Embedding of genus 2:0(6 7 8) 1(6 7 9) 2(6 10 11) 3(11 10 7) 4(8 9 10) 5(11 9 8) 6(2 1 0) 7(3 1 0) 8(5 4 0) 9(1 4 5) 10(4 3 2) 11(2 3 5) 
The graph has orientable genus 2.
Embedding of genus 6:0(6 7 8) 1(6 7 9) 2(6 10 11) 3(7 10 11) 4(8 9 10) 5(8 9 11) 6(0 1 2) 7(0 1 3) 8(0 4 5) 9(1 4 5) 10(2 3 4) 11(2 3 5) 
Embedding of genus 4:0(6 7 8) 1(6 7 9) 2(6 10 11) 3(7 10 11) 4(8 9 10) 5(8 9 11) 6(0 1 2) 7(0 1 3) 8(5 4 0) 9(5 4 1) 10(2 3 4) 11(2 3 5) 
Embedding of genus 2:0(6 7 8) 1(6 7 9) 2(6 10 11) 3(11 10 7) 4(8 9 10) 5(11 9 8) 6(2 1 0) 7(3 1 0) 8(5 4 0) 9(1 4 5) 10(4 3 2) 11(2 3 5) 
Embedding of genus 2:0(8 7 6) 1(6 7 9) 2(6- 10 11) 3(11 10 7) 4(8 9 10) 5(8 9- 11) 6(0 1 2-) 7(3 1 0) 8(0 4 5) 9(1 4 5-) 10(4 3 2) 11(2 3 5) 
Embedding of genus 1:0(8 7 6) 1(6 7 9-) 2(6- 10 11) 3(11 10 7) 4(10- 9 8) 5(8 9 11) 6(0 1 2-) 7(3 1 0) 8(0 4 5) 9(5 4 1-) 10(4- 3 2) 11(2 3 5) 
The graph has non-orientable genus 1.
12 18  0 5  0 6  0 7  1 6  1 7  1 8  2 7  2 8  2 9  3 8  3 9  3 10  4 9  4 10  4 11  5 10  5 11  6 11
Embedding of genus 6:0(5 6 7) 1(6 7 8) 2(7 8 9) 3(8 9 10) 4(9 10 11) 5(0 10 11) 6(0 1 11) 7(0 1 2) 8(1 2 3) 9(2 3 4) 10(3 4 5) 11(4 5 6) 
Embedding of genus 4:0(5 6 7) 1(6 7 8) 2(7 8 9) 3(8 9 10) 4(9 10 11) 5(0 10 11) 6(0 1 11) 7(2 1 0) 8(3 2 1) 9(4 3 2) 10(5 4 3) 11(4 5 6) 
Embedding of genus 2:0(5 6 7) 1(6 7 8) 2(7 8 9) 3(8 9 10) 4(9 10 11) 5(11 10 0) 6(11 1 0) 7(2 1 0) 8(3 2 1) 9(4 3 2) 10(5 4 3) 11(4 5 6) 
The graph has orientable genus 2.
Embedding of genus 6:0(5 6 7) 1(6 7 8) 2(7 8 9) 3(8 9 10) 4(9 10 11) 5(0 10 11) 6(0 1 11) 7(0 1 2) 8(1 2 3) 9(2 3 4) 10(3 4 5) 11(4 5 6) 
Embedding of genus 4:0(5 6 7) 1(6 7 8) 2(7 8 9) 3(8 9 10) 4(9 10 11) 5(0 10 11) 6(0 1 11) 7(2 1 0) 8(3 2 1) 9(4 3 2) 10(5 4 3) 11(4 5 6) 
Embedding of genus 2:0(5 6 7) 1(6 7 8) 2(7 8 9) 3(8 9 10) 4(9 10 11) 5(11 10 0) 6(11 1 0) 7(2 1 0) 8(3 2 1) 9(4 3 2) 10(5 4 3) 11(4 5 6) 
Embedding of genus 2:0(5 6 7) 1(8 7 6) 2(7 8- 9) 3(8 9- 10) 4(9 10- 11) 5(0 10 11-) 6(0 1 11) 7(2 1 0) 8(1 2- 3) 9(2 3- 4) 10(3 4- 5) 11(4 5- 6) 
Embedding of genus 1:0(7 6 5) 1(6 7- 8) 2(7 8- 9) 3(8 9- 10) 4(9 10- 11) 5(0 10 11-) 6(11 1 0) 7(0 1- 2) 8(1 2- 3) 9(2 3- 4) 10(3 4- 5) 11(4 5- 6) 
The graph has non-orientable genus 1.
12 18  0 5  0 6  0 10  1 6  1 7  1 8  2 7  2 8  2 9  3 7  3 10  3 11  4 8  4 10  4 11  5 9  5 11  6 9
Embedding of genus 6:0(5 6 10) 1(6 7 8) 2(7 8 9) 3(7 10 11) 4(8 10 11) 5(0 9 11) 6(0 1 9) 7(1 2 3) 8(1 2 4) 9(2 5 6) 10(0 3 4) 11(3 4 5) 
Embedding of genus 4:0(5 6 10) 1(6 7 8) 2(7 8 9) 3(7 10 11) 4(8 10 11) 5(0 9 11) 6(0 1 9) 7(3 2 1) 8(4 2 1) 9(6 5 2) 10(0 3 4) 11(3 4 5) 
Embedding of genus 2:0(5 6 10) 1(6 7 8) 2(9 8 7) 3(7 10 11) 4(11 10 8) 5(0 9 11) 6(9 1 0) 7(3 2 1) 8(1 2 4) 9(2 5 6) 10(4 3 0) 11(3 4 5) 
The graph has orientable genus 2.
Embedding of genus 6:0(5 6 10) 1(6 7 8) 2(7 8 9) 3(7 10 11) 4(8 10 11) 5(0 9 11) 6(0 1 9) 7(1 2 3) 8(1 2 4) 9(2 5 6) 10(0 3 4) 11(3 4 5) 
Embedding of genus 4:0(5 6 10) 1(6 7 8) 2(7 8 9) 3(7 10 11) 4(8 10 11) 5(0 9 11) 6(0 1 9) 7(3 2 1) 8(4 2 1) 9(6 5 2) 10(0 3 4) 11(3 4 5) 
Embedding of genus 2:0(5 6 10) 1(6 7 8) 2(9 8 7) 3(7 10 11) 4(11 10 8) 5(0 9 11) 6(9 1 0) 7(3 2 1) 8(1 2 4) 9(2 5 6) 10(4 3 0) 11(3 4 5) 
Embedding of genus 2:0(5 6 10) 1(6 7 8) 2(9 8 7) 3(7- 10 11) 4(11 10 8) 5(11 9 0) 6(9 1 0) 7(1 2 3-) 8(1 2 4) 9(6 5 2) 10(4 3 0) 11(3 4 5) 
The graph has non-orientable genus 2.
12 18  0 5  0 7  0 9  1 6  1 7  1 8  2 6  2 7  2 8  3 9  3 10  3 11  4 9  4 10  4 11  5 8  5 11  6 10
Embedding of genus 6:0(5 7 9) 1(6 7 8) 2(6 7 8) 3(9 10 11) 4(9 10 11) 5(0 8 11) 6(1 2 10) 7(0 1 2) 8(1 2 5) 9(0 3 4) 10(3 4 6) 11(3 4 5) 
Embedding of genus 4:0(5 7 9) 1(6 7 8) 2(6 7 8) 3(9 10 11) 4(9 10 11) 5(11 8 0) 6(1 2 10) 7(0 1 2) 8(5 2 1) 9(0 3 4) 10(6 4 3) 11(3 4 5) 
Embedding of genus 2:0(5 7 9) 1(6 7 8) 2(8 7 6) 3(9 10 11) 4(11 10 9) 5(11 8 0) 6(1 2 10) 7(0 1 2) 8(5 2 1) 9(4 3 0) 10(3 4 6) 11(3 4 5) 
The graph has orientable genus 2.
Embedding of genus 6:0(5 7 9) 1(6 7 8) 2(6 7 8) 3(9 10 11) 4(9 10 11) 5(0 8 11) 6(1 2 10) 7(0 1 2) 8(1 2 5) 9(0 3 4) 10(3 4 6) 11(3 4 5) 
Embedding of genus 4:0(5 7 9) 1(6 7 8) 2(6 7 8) 3(9 10 11) 4(9 10 11) 5(11 8 0) 6(1 2 10) 7(0 1 2) 8(5 2 1) 9(0 3 4) 10(6 4 3) 11(3 4 5) 
Embedding of genus 2:0(5 7 9) 1(6 7 8) 2(8 7 6) 3(9 10 11) 4(11 10 9) 5(11 8 0) 6(1 2 10) 7(0 1 2) 8(5 2 1) 9(4 3 0) 10(3 4 6) 11(3 4 5) 
Embedding of genus 2:0(5 7 9) 1(6 7 8) 2(8- 7 6) 3(11 10 9) 4(9 10- 11) 5(11- 8 0) 6(10 2 1) 7(0 1 2) 8(5 2- 1) 9(4 3 0) 10(6 4- 3) 11(3 4 5-) 
The graph has non-orientable genus 2.
12 18  0 5  0 7  0 8  1 6  1 7  1 8  2 6  2 8  2 9  3 7  3 10  3 11  4 9  4 10  4 11  5 9  5 11  6 10
Embedding of genus 6:0(5 7 8) 1(6 7 8) 2(6 8 9) 3(7 10 11) 4(9 10 11) 5(0 9 11) 6(1 2 10) 7(0 1 3) 8(0 1 2) 9(2 4 5) 10(3 4 6) 11(3 4 5) 
Embedding of genus 4:0(5 7 8) 1(6 7 8) 2(6 8 9) 3(7 10 11) 4(9 10 11) 5(0 9 11) 6(1 2 10) 7(0 1 3) 8(2 1 0) 9(2 4 5) 10(6 4 3) 11(3 4 5) 
Embedding of genus 2:0(5 7 8) 1(6 7 8) 2(6 8 9) 3(7 10 11) 4(11 10 9) 5(0 9 11) 6(1 2 10) 7(0 1 3) 8(2 1 0) 9(5 4 2) 10(6 4 3) 11(3 4 5) 
Embedding of genus 0:0(8 7 5) 1(6 7 8) 2(6 8 9) 3(7 10 11) 4(11 10 9) 5(11 9 0) 6(1 2 10) 7(0 1 3) 8(2 1 0) 9(5 4 2) 10(6 4 3) 11(3 4 5) 
The graph has orientable genus 0.
Embedding of genus 6:0(5 7 8) 1(6 7 8) 2(6 8 9) 3(7 10 11) 4(9 10 11) 5(0 9 11) 6(1 2 10) 7(0 1 3) 8(0 1 2) 9(2 4 5) 10(3 4 6) 11(3 4 5) 
Embedding of genus 4:0(5 7 8) 1(6 7 8) 2(6 8 9) 3(7 10 11) 4(9 10 11) 5(0 9 11) 6(1 2 10) 7(0 1 3) 8(2 1 0) 9(2 4 5) 10(6 4 3) 11(3 4 5) 
Embedding of genus 2:0(5 7 8) 1(6 7 8) 2(6 8 9) 3(7 10 11) 4(11 10 9) 5(0 9 11) 6(1 2 10) 7(0 1 3) 8(2 1 0) 9(5 4 2) 10(6 4 3) 11(3 4 5) 
Embedding of genus 0:0(8 7 5) 1(6 7 8) 2(6 8 9) 3(7 10 11) 4(11 10 9) 5(11 9 0) 6(1 2 10) 7(0 1 3) 8(2 1 0) 9(5 4 2) 10(6 4 3) 11(3 4 5) 
The graph has non-orientable genus 1.
12 18  0 5  0 7  0 8  1 6  1 7  1 11  2 6  2 8  2 10  3 7  3 9  3 10  4 8  4 9  4 11  5 10  5 11  6 9
Embedding of genus 6:0(5 7 8) 1(6 7 11) 2(6 8 10) 3(7 9 10) 4(8 9 11) 5(0 10 11) 6(1 2 9) 7(0 1 3) 8(0 2 4) 9(3 4 6) 10(2 3 5) 11(1 4 5) 
Embedding of genus 4:0(5 7 8) 1(6 7 11) 2(6 8 10) 3(7 9 10) 4(8 9 11) 5(0 10 11) 6(1 2 9) 7(0 1 3) 8(0 2 4) 9(6 4 3) 10(2 3 5) 11(1 4 5) 
Embedding of genus 2:0(5 7 8) 1(6 7 11) 2(10 8 6) 3(10 9 7) 4(11 9 8) 5(11 10 0) 6(9 2 1) 7(3 1 0) 8(0 2 4) 9(6 4 3) 10(2 3 5) 11(1 4 5) 
The graph has orientable genus 2.
Embedding of genus 6:0(5 7 8) 1(6 7 11) 2(6 8 10) 3(7 9 10) 4(8 9 11) 5(0 10 11) 6(1 2 9) 7(0 1 3) 8(0 2 4) 9(3 4 6) 10(2 3 5) 11(1 4 5) 
Embedding of genus 4:0(5 7 8) 1(6 7 11) 2(6 8 10) 3(7 9 10) 4(8 9 11) 5(0 10 11) 6(1 2 9) 7(0 1 3) 8(0 2 4) 9(6 4 3) 10(2 3 5) 11(1 4 5) 
Embedding of genus 2:0(5 7 8) 1(6 7 11) 2(10 8 6) 3(10 9 7) 4(11 9 8) 5(11 10 0) 6(9 2 1) 7(3 1 0) 8(0 2 4) 9(6 4 3) 10(2 3 5) 11(1 4 5) 
Embedding of genus 2:0(8 7 5) 1(6 7 11) 2(6 8- 10) 3(10- 9 7) 4(11 9 8) 5(0 10 11) 6(9- 2 1) 7(3 1 0) 8(4 2- 0) 9(6- 4 3) 10(2 3- 5) 11(1 4 5) 
The graph has non-orientable genus 2.
12 18  0 5  0 8  0 9  1 6  1 7  1 8  2 6  2 7  2 8  3 7  3 9  3 11  4 9  4 10  4 11  5 10  5 11  6 10
Embedding of genus 6:0(5 8 9) 1(6 7 8) 2(6 7 8) 3(7 9 11) 4(9 10 11) 5(0 10 11) 6(1 2 10) 7(1 2 3) 8(0 1 2) 9(0 3 4) 10(4 5 6) 11(3 4 5) 
Embedding of genus 4:0(5 8 9) 1(6 7 8) 2(6 7 8) 3(7 9 11) 4(9 10 11) 5(0 10 11) 6(1 2 10) 7(1 2 3) 8(0 1 2) 9(4 3 0) 10(6 5 4) 11(3 4 5) 
Embedding of genus 2:0(5 8 9) 1(6 7 8) 2(8 7 6) 3(7 9 11) 4(9 10 11) 5(11 10 0) 6(10 2 1) 7(1 2 3) 8(0 1 2) 9(4 3 0) 10(6 5 4) 11(3 4 5) 
The graph has orientable genus 2.
Embedding of genus 6:0(5 8 9) 1(6 7 8) 2(6 7 8) 3(7 9 11) 4(9 10 11) 5(0 10 11) 6(1 2 10) 7(1 2 3) 8(0 1 2) 9(0 3 4) 10(4 5 6) 11(3 4 5) 
Embedding of genus 4:0(5 8 9) 1(6 7 8) 2(6 7 8) 3(7 9 11) 4(9 10 11) 5(0 10 11) 6(1 2 10) 7(1 2 3) 8(0 1 2) 9(4 3 0) 10(6 5 4) 11(3 4 5) 
Embedding of genus 2:0(5 8 9) 1(6 7 8) 2(8 7 6) 3(7 9 11) 4(9 10 11) 5(11 10 0) 6(10 2 1) 7(1 2 3) 8(0 1 2) 9(4 3 0) 10(6 5 4) 11(3 4 5) 
Embedding of genus 2:0(9 8 5) 1(6 7 8) 2(8 7 6) 3(7 9 11) 4(9 10 11) 5(11 10 0) 6(1 2 10-) 7(1 2 3) 8(2 1 0) 9(4 3 0) 10(4 5 6-) 11(3 4 5) 
The graph has non-orientable genus 2.
12 18  0 5  0 7  0 8  1 6  1 8  1 9  2 6  2 9  2 11  3 7  3 8  3 10  4 9  4 10  4 11  5 10  5 11  6 7
Embedding of genus 6:0(5 7 8) 1(6 8 9) 2(6 9 11) 3(7 8 10) 4(9 10 11) 5(0 10 11) 6(1 2 7) 7(0 3 6) 8(0 1 3) 9(1 2 4) 10(3 4 5) 11(2 4 5) 
Embedding of genus 4:0(5 7 8) 1(6 8 9) 2(6 9 11) 3(7 8 10) 4(9 10 11) 5(0 10 11) 6(1 2 7) 7(0 3 6) 8(0 1 3) 9(4 2 1) 10(3 4 5) 11(2 4 5) 
Embedding of genus 2:0(5 7 8) 1(6 8 9) 2(6 9 11) 3(7 8 10) 4(9 10 11) 5(11 10 0) 6(1 2 7) 7(6 3 0) 8(0 1 3) 9(4 2 1) 10(5 4 3) 11(2 4 5) 
The graph has orientable genus 2.
Embedding of genus 6:0(5 7 8) 1(6 8 9) 2(6 9 11) 3(7 8 10) 4(9 10 11) 5(0 10 11) 6(1 2 7) 7(0 3 6) 8(0 1 3) 9(1 2 4) 10(3 4 5) 11(2 4 5) 
Embedding of genus 4:0(5 7 8) 1(6 8 9) 2(6 9 11) 3(7 8 10) 4(9 10 11) 5(0 10 11) 6(1 2 7) 7(0 3 6) 8(0 1 3) 9(4 2 1) 10(3 4 5) 11(2 4 5) 
Embedding of genus 2:0(5 7 8) 1(6 8 9) 2(6 9 11) 3(7 8 10) 4(9 10 11) 5(11 10 0) 6(1 2 7) 7(6 3 0) 8(0 1 3) 9(4 2 1) 10(5 4 3) 11(2 4 5) 
Embedding of genus 2:0(5 7 8) 1(6 8 9) 2(6 9 11) 3(10 8 7) 4(9 10- 11) 5(0 10 11-) 6(1 2 7) 7(0 3 6) 8(0 1 3) 9(4 2 1) 10(3 4- 5) 11(2 4 5-) 
Embedding of genus 1:0(8 7 5) 1(6 8 9) 2(6 9 11) 3(7 8- 10) 4(9 10- 11) 5(0 10 11-) 6(1 2 7) 7(6 3 0) 8(3- 1 0) 9(4 2 1) 10(3 4- 5) 11(2 4 5-) 
The graph has non-orientable genus 1.
12 18  0 5  0 7  0 8  1 6  1 8  1 9  2 6  2 10  2 11  3 7  3 8  3 10  4 9  4 10  4 11  5 9  5 11  6 7
Embedding of genus 6:0(5 7 8) 1(6 8 9) 2(6 10 11) 3(7 8 10) 4(9 10 11) 5(0 9 11) 6(1 2 7) 7(0 3 6) 8(0 1 3) 9(1 4 5) 10(2 3 4) 11(2 4 5) 
Embedding of genus 4:0(5 7 8) 1(6 8 9) 2(6 10 11) 3(7 8 10) 4(9 10 11) 5(0 9 11) 6(7 2 1) 7(6 3 0) 8(0 1 3) 9(1 4 5) 10(4 3 2) 11(2 4 5) 
Embedding of genus 2:0(5 7 8) 1(6 8 9) 2(6 10 11) 3(7 8 10) 4(11 10 9) 5(11 9 0) 6(7 2 1) 7(0 3 6) 8(3 1 0) 9(5 4 1) 10(2 3 4) 11(2 4 5) 
The graph has orientable genus 2.
Embedding of genus 6:0(5 7 8) 1(6 8 9) 2(6 10 11) 3(7 8 10) 4(9 10 11) 5(0 9 11) 6(1 2 7) 7(0 3 6) 8(0 1 3) 9(1 4 5) 10(2 3 4) 11(2 4 5) 
Embedding of genus 4:0(5 7 8) 1(6 8 9) 2(6 10 11) 3(7 8 10) 4(9 10 11) 5(0 9 11) 6(7 2 1) 7(6 3 0) 8(0 1 3) 9(1 4 5) 10(4 3 2) 11(2 4 5) 
Embedding of genus 2:0(5 7 8) 1(6 8 9) 2(6 10 11) 3(7 8 10) 4(11 10 9) 5(11 9 0) 6(7 2 1) 7(0 3 6) 8(3 1 0) 9(5 4 1) 10(2 3 4) 11(2 4 5) 
Embedding of genus 2:0(5 7 8) 1(9 8 6) 2(6 10 11) 3(10 8 7) 4(11 10 9) 5(0 9 11-) 6(1 2 7-) 7(6- 3 0) 8(3 1 0) 9(1 4 5) 10(2 3 4) 11(2 4 5-) 
Embedding of genus 1:0(5 7 8) 1(9 8 6) 2(6 10 11) 3(10 8 7) 4(11 10 9-) 5(0 9 11-) 6(1 2 7-) 7(6- 3 0) 8(3 1 0) 9(1 4- 5) 10(2 3 4) 11(2 4 5-) 
The graph has non-orientable genus 1.
12 18  0 5  0 7  0 8  1 6  1 8  1 9  2 6  2 10  2 11  3 7  3 9  3 10  4 8  4 10  4 11  5 9  5 11  6 7
Embedding of genus 6:0(5 7 8) 1(6 8 9) 2(6 10 11) 3(7 9 10) 4(8 10 11) 5(0 9 11) 6(1 2 7) 7(0 3 6) 8(0 1 4) 9(1 3 5) 10(2 3 4) 11(2 4 5) 
Embedding of genus 4:0(5 7 8) 1(6 8 9) 2(6 10 11) 3(7 9 10) 4(8 10 11) 5(0 9 11) 6(1 2 7) 7(0 3 6) 8(0 1 4) 9(5 3 1) 10(4 3 2) 11(2 4 5) 
Embedding of genus 2:0(5 7 8) 1(6 8 9) 2(6 10 11) 3(7 9 10) 4(11 10 8) 5(11 9 0) 6(7 2 1) 7(0 3 6) 8(4 1 0) 9(1 3 5) 10(2 3 4) 11(2 4 5) 
The graph has orientable genus 2.
Embedding of genus 6:0(5 7 8) 1(6 8 9) 2(6 10 11) 3(7 9 10) 4(8 10 11) 5(0 9 11) 6(1 2 7) 7(0 3 6) 8(0 1 4) 9(1 3 5) 10(2 3 4) 11(2 4 5) 
Embedding of genus 4:0(5 7 8) 1(6 8 9) 2(6 10 11) 3(7 9 10) 4(8 10 11) 5(0 9 11) 6(1 2 7) 7(0 3 6) 8(0 1 4) 9(5 3 1) 10(4 3 2) 11(2 4 5) 
Embedding of genus 2:0(5 7 8) 1(6 8 9) 2(6 10 11) 3(7 9 10) 4(11 10 8) 5(11 9 0) 6(7 2 1) 7(0 3 6) 8(4 1 0) 9(1 3 5) 10(2 3 4) 11(2 4 5) 
Embedding of genus 2:0(8 7 5) 1(6 8 9) 2(6 10 11) 3(10 9 7) 4(11 10 8) 5(11- 9 0) 6(1 2 7-) 7(0 3 6-) 8(0 1 4) 9(5 3 1) 10(2 3 4) 11(2 4 5-) 
Embedding of genus 1:0(8 7- 5) 1(9 8- 6) 2(6 10 11) 3(7 9- 10) 4(11 10 8) 5(0 9 11) 6(7 2 1) 7(0- 3 6) 8(4 1- 0) 9(5 3- 1) 10(2 3 4) 11(2 4 5) 
The graph has non-orientable genus 1.
12 18  0 5  0 7  0 8  1 6  1 9  1 11  2 6  2 10  2 11  3 7  3 8  3 9  4 8  4 9  4 10  5 10  5 11  6 7
Embedding of genus 6:0(5 7 8) 1(6 9 11) 2(6 10 11) 3(7 8 9) 4(8 9 10) 5(0 10 11) 6(1 2 7) 7(0 3 6) 8(0 3 4) 9(1 3 4) 10(2 4 5) 11(1 2 5) 
Embedding of genus 4:0(5 7 8) 1(6 9 11) 2(6 10 11) 3(7 8 9) 4(8 9 10) 5(0 10 11) 6(1 2 7) 7(0 3 6) 8(0 3 4) 9(1 3 4) 10(5 4 2) 11(1 2 5) 
Embedding of genus 2:0(5 7 8) 1(6 9 11) 2(6 10 11) 3(9 8 7) 4(8 9 10) 5(0 10 11) 6(1 2 7) 7(6 3 0) 8(0 3 4) 9(4 3 1) 10(5 4 2) 11(1 2 5) 
The graph has orientable genus 2.
Embedding of genus 6:0(5 7 8) 1(6 9 11) 2(6 10 11) 3(7 8 9) 4(8 9 10) 5(0 10 11) 6(1 2 7) 7(0 3 6) 8(0 3 4) 9(1 3 4) 10(2 4 5) 11(1 2 5) 
Embedding of genus 4:0(5 7 8) 1(6 9 11) 2(6 10 11) 3(7 8 9) 4(8 9 10) 5(0 10 11) 6(1 2 7) 7(0 3 6) 8(0 3 4) 9(1 3 4) 10(5 4 2) 11(1 2 5) 
Embedding of genus 2:0(5 7 8) 1(6 9 11) 2(6 10 11) 3(9 8 7) 4(8 9 10) 5(0 10 11) 6(1 2 7) 7(6 3 0) 8(0 3 4) 9(4 3 1) 10(5 4 2) 11(1 2 5) 
Embedding of genus 2:0(8 7 5) 1(11 9 6) 2(6 10 11) 3(7 8 9) 4(10 9 8) 5(11 10 0) 6(1 2 7-) 7(0 3 6-) 8(4 3 0) 9(1 3 4) 10(2 4 5) 11(1 2 5) 
Embedding of genus 1:0(5 7 8) 1(11 9 6) 2(6 10 11) 3(9 8 7) 4(8 9 10-) 5(11- 10 0) 6(7 2 1) 7(6 3 0) 8(0 3 4) 9(4 3 1) 10(5 4- 2) 11(1 2 5-) 
The graph has non-orientable genus 1.
12 18  0 5  0 7  0 11  1 6  1 8  1 9  2 6  2 10  2 11  3 7  3 8  3 9  4 8  4 10  4 11  5 9  5 10  6 7
Embedding of genus 4:0(5 7 11) 1(6 8 9) 2(6 10 11) 3(7 8 9) 4(8 10 11) 5(0 9 10) 6(1 2 7) 7(0 3 6) 8(1 3 4) 9(1 3 5) 10(2 4 5) 11(0 2 4) 
Embedding of genus 2:0(5 7 11) 1(6 8 9) 2(6 10 11) 3(9 8 7) 4(8 10 11) 5(10 9 0) 6(1 2 7) 7(0 3 6) 8(1 3 4) 9(1 3 5) 10(5 4 2) 11(0 2 4) 
The graph has orientable genus 2.
Embedding of genus 4:0(5 7 11) 1(6 8 9) 2(6 10 11) 3(7 8 9) 4(8 10 11) 5(0 9 10) 6(1 2 7) 7(0 3 6) 8(1 3 4) 9(1 3 5) 10(2 4 5) 11(0 2 4) 
Embedding of genus 2:0(5 7 11) 1(6 8 9) 2(6 10 11) 3(9 8 7) 4(8 10 11) 5(10 9 0) 6(1 2 7) 7(0 3 6) 8(1 3 4) 9(1 3 5) 10(5 4 2) 11(0 2 4) 
Embedding of genus 2:0(11 7 5) 1(9 8 6) 2(6 10 11) 3(7 8 9) 4(11 10 8) 5(10- 9 0) 6(7- 2 1) 7(0 3 6-) 8(1 3 4) 9(5 3 1) 10(5- 4 2) 11(0 2 4) 
The graph has non-orientable genus 2.
12 18  0 5  0 8  0 10  1 6  1 8  1 9  2 6  2 10  2 11  3 7  3 8  3 9  4 7  4 10  4 11  5 9  5 11  6 7
Embedding of genus 6:0(5 8 10) 1(6 8 9) 2(6 10 11) 3(7 8 9) 4(7 10 11) 5(0 9 11) 6(1 2 7) 7(3 4 6) 8(0 1 3) 9(1 3 5) 10(0 2 4) 11(2 4 5) 
Embedding of genus 4:0(5 8 10) 1(6 8 9) 2(6 10 11) 3(7 8 9) 4(7 10 11) 5(0 9 11) 6(1 2 7) 7(3 4 6) 8(3 1 0) 9(5 3 1) 10(0 2 4) 11(2 4 5) 
Embedding of genus 2:0(5 8 10) 1(6 8 9) 2(6 10 11) 3(9 8 7) 4(11 10 7) 5(0 9 11) 6(1 2 7) 7(3 4 6) 8(3 1 0) 9(1 3 5) 10(4 2 0) 11(2 4 5) 
The graph has orientable genus 2.
Embedding of genus 6:0(5 8 10) 1(6 8 9) 2(6 10 11) 3(7 8 9) 4(7 10 11) 5(0 9 11) 6(1 2 7) 7(3 4 6) 8(0 1 3) 9(1 3 5) 10(0 2 4) 11(2 4 5) 
Embedding of genus 4:0(5 8 10) 1(6 8 9) 2(6 10 11) 3(7 8 9) 4(7 10 11) 5(0 9 11) 6(1 2 7) 7(3 4 6) 8(3 1 0) 9(5 3 1) 10(0 2 4) 11(2 4 5) 
Embedding of genus 2:0(5 8 10) 1(6 8 9) 2(6 10 11) 3(9 8 7) 4(11 10 7) 5(0 9 11) 6(1 2 7) 7(3 4 6) 8(3 1 0) 9(1 3 5) 10(4 2 0) 11(2 4 5) 
Embedding of genus 2:0(5 8 10) 1(6 8 9) 2(6 10 11) 3(7 8 9-) 4(11 10 7) 5(11- 9 0) 6(7- 2 1) 7(6- 4 3) 8(0 1 3) 9(5 3- 1) 10(4 2 0) 11(2 4 5-) 
The graph has non-orientable genus 2.
12 18  0 4  0 7  0 9  1 5  1 7  1 8  2 6  2 7  2 8  3 9  3 10  3 11  4 8  4 10  5 9  5 11  6 10  6 11
Embedding of genus 6:0(4 7 9) 1(5 7 8) 2(6 7 8) 3(9 10 11) 4(0 8 10) 5(1 9 11) 6(2 10 11) 7(0 1 2) 8(1 2 4) 9(0 3 5) 10(3 4 6) 11(3 5 6) 
Embedding of genus 4:0(4 7 9) 1(5 7 8) 2(6 7 8) 3(9 10 11) 4(0 8 10) 5(1 9 11) 6(2 10 11) 7(0 1 2) 8(1 2 4) 9(0 3 5) 10(6 4 3) 11(3 5 6) 
Embedding of genus 2:0(4 7 9) 1(5 7 8) 2(6 7 8) 3(11 10 9) 4(10 8 0) 5(1 9 11) 6(2 10 11) 7(0 1 2) 8(4 2 1) 9(5 3 0) 10(6 4 3) 11(3 5 6) 
The graph has orientable genus 2.
Embedding of genus 6:0(4 7 9) 1(5 7 8) 2(6 7 8) 3(9 10 11) 4(0 8 10) 5(1 9 11) 6(2 10 11) 7(0 1 2) 8(1 2 4) 9(0 3 5) 10(3 4 6) 11(3 5 6) 
Embedding of genus 4:0(4 7 9) 1(5 7 8) 2(6 7 8) 3(9 10 11) 4(0 8 10) 5(1 9 11) 6(2 10 11) 7(0 1 2) 8(1 2 4) 9(0 3 5) 10(6 4 3) 11(3 5 6) 
Embedding of genus 2:0(4 7 9) 1(5 7 8) 2(6 7 8) 3(11 10 9) 4(10 8 0) 5(1 9 11) 6(2 10 11) 7(0 1 2) 8(4 2 1) 9(5 3 0) 10(6 4 3) 11(3 5 6) 
Embedding of genus 2:0(9 7 4) 1(8 7 5) 2(6 7 8-) 3(11 10 9) 4(0 8 10-) 5(11 9 1) 6(2 10 11) 7(2 1 0) 8(1 2- 4) 9(5 3 0) 10(6 4- 3) 11(3 5 6) 
Embedding of genus 1:0(9- 7 4) 1(8 7 5) 2(6 7 8-) 3(11 10 9) 4(0 8 10-) 5(11 9 1) 6(2 10 11) 7(2 1 0) 8(1 2- 4) 9(5 3 0-) 10(6 4- 3) 11(3 5 6) 
The graph has non-orientable genus 1.
12 18  0 4  0 7  0 8  1 5  1 7  1 8  2 6  2 8  2 9  3 7  3 9  3 10  4 9  4 11  5 10  5 11  6 10  6 11
Embedding of genus 6:0(4 7 8) 1(5 7 8) 2(6 8 9) 3(7 9 10) 4(0 9 11) 5(1 10 11) 6(2 10 11) 7(0 1 3) 8(0 1 2) 9(2 3 4) 10(3 5 6) 11(4 5 6) 
Embedding of genus 4:0(4 7 8) 1(5 7 8) 2(6 8 9) 3(7 9 10) 4(0 9 11) 5(1 10 11) 6(2 10 11) 7(0 1 3) 8(0 1 2) 9(2 3 4) 10(6 5 3) 11(4 5 6) 
Embedding of genus 2:0(4 7 8) 1(5 7 8) 2(9 8 6) 3(7 9 10) 4(0 9 11) 5(1 10 11) 6(11 10 2) 7(0 1 3) 8(0 1 2) 9(2 3 4) 10(6 5 3) 11(4 5 6) 
The graph has orientable genus 2.
Embedding of genus 6:0(4 7 8) 1(5 7 8) 2(6 8 9) 3(7 9 10) 4(0 9 11) 5(1 10 11) 6(2 10 11) 7(0 1 3) 8(0 1 2) 9(2 3 4) 10(3 5 6) 11(4 5 6) 
Embedding of genus 4:0(4 7 8) 1(5 7 8) 2(6 8 9) 3(7 9 10) 4(0 9 11) 5(1 10 11) 6(2 10 11) 7(0 1 3) 8(0 1 2) 9(2 3 4) 10(6 5 3) 11(4 5 6) 
Embedding of genus 2:0(4 7 8) 1(5 7 8) 2(9 8 6) 3(7 9 10) 4(0 9 11) 5(1 10 11) 6(11 10 2) 7(0 1 3) 8(0 1 2) 9(2 3 4) 10(6 5 3) 11(4 5 6) 
Embedding of genus 2:0(4 7 8) 1(8 7 5) 2(9 8 6) 3(7 9 10) 4(0 9 11-) 5(1 10 11) 6(11 10 2) 7(3 1 0) 8(0 1 2) 9(2 3 4) 10(6 5 3) 11(4- 5 6) 
Embedding of genus 1:0(4 7 8) 1(8 7 5) 2(9 8- 6) 3(7 9 10) 4(11- 9 0) 5(1 10 11) 6(11 10 2) 7(3 1 0) 8(0 1 2-) 9(2 3 4) 10(6 5 3) 11(4- 5 6) 
The graph has non-orientable genus 1.
12 18  0 4  0 7  0 8  1 5  1 7  1 8  2 6  2 8  2 9  3 7  3 10  3 11  4 9  4 10  5 9  5 11  6 10  6 11
Embedding of genus 6:0(4 7 8) 1(5 7 8) 2(6 8 9) 3(7 10 11) 4(0 9 10) 5(1 9 11) 6(2 10 11) 7(0 1 3) 8(0 1 2) 9(2 4 5) 10(3 4 6) 11(3 5 6) 
Embedding of genus 4:0(4 7 8) 1(5 7 8) 2(6 8 9) 3(7 10 11) 4(0 9 10) 5(1 9 11) 6(2 10 11) 7(3 1 0) 8(0 1 2) 9(2 4 5) 10(3 4 6) 11(3 5 6) 
Embedding of genus 2:0(4 7 8) 1(5 7 8) 2(6 8 9) 3(11 10 7) 4(10 9 0) 5(11 9 1) 6(2 10 11) 7(3 1 0) 8(2 1 0) 9(5 4 2) 10(6 4 3) 11(3 5 6) 
The graph has orientable genus 2.
Embedding of genus 6:0(4 7 8) 1(5 7 8) 2(6 8 9) 3(7 10 11) 4(0 9 10) 5(1 9 11) 6(2 10 11) 7(0 1 3) 8(0 1 2) 9(2 4 5) 10(3 4 6) 11(3 5 6) 
Embedding of genus 4:0(4 7 8) 1(5 7 8) 2(6 8 9) 3(7 10 11) 4(0 9 10) 5(1 9 11) 6(2 10 11) 7(3 1 0) 8(0 1 2) 9(2 4 5) 10(3 4 6) 11(3 5 6) 
Embedding of genus 2:0(4 7 8) 1(5 7 8) 2(6 8 9) 3(11 10 7) 4(10 9 0) 5(11 9 1) 6(2 10 11) 7(3 1 0) 8(2 1 0) 9(5 4 2) 10(6 4 3) 11(3 5 6) 
Embedding of genus 2:0(8 7 4) 1(5 7 8) 2(6 8 9) 3(11 10 7) 4(10 9 0) 5(1 9- 11) 6(2 10 11) 7(0 1 3) 8(2 1 0) 9(2 4 5-) 10(6 4 3) 11(3 5 6) 
Embedding of genus 1:0(8 7 4) 1(5 7 8) 2(6 8- 9) 3(11 10 7) 4(10 9 0) 5(1 9- 11) 6(2 10 11) 7(0 1 3) 8(2- 1 0) 9(5- 4 2) 10(6 4 3) 11(3 5 6) 
The graph has non-orientable genus 1.
12 18  0 4  0 7  0 9  1 5  1 7  1 8  2 6  2 8  2 9  3 7  3 10  3 11  4 8  4 10  5 9  5 11  6 10  6 11
Embedding of genus 6:0(4 7 9) 1(5 7 8) 2(6 8 9) 3(7 10 11) 4(0 8 10) 5(1 9 11) 6(2 10 11) 7(0 1 3) 8(1 2 4) 9(0 2 5) 10(3 4 6) 11(3 5 6) 
Embedding of genus 4:0(4 7 9) 1(5 7 8) 2(6 8 9) 3(7 10 11) 4(0 8 10) 5(1 9 11) 6(2 10 11) 7(3 1 0) 8(1 2 4) 9(0 2 5) 10(3 4 6) 11(3 5 6) 
Embedding of genus 2:0(4 7 9) 1(5 7 8) 2(6 8 9) 3(7 10 11) 4(0 8 10) 5(11 9 1) 6(2 10 11) 7(3 1 0) 8(4 2 1) 9(5 2 0) 10(3 4 6) 11(3 5 6) 
The graph has orientable genus 2.
Embedding of genus 6:0(4 7 9) 1(5 7 8) 2(6 8 9) 3(7 10 11) 4(0 8 10) 5(1 9 11) 6(2 10 11) 7(0 1 3) 8(1 2 4) 9(0 2 5) 10(3 4 6) 11(3 5 6) 
Embedding of genus 4:0(4 7 9) 1(5 7 8) 2(6 8 9) 3(7 10 11) 4(0 8 10) 5(1 9 11) 6(2 10 11) 7(3 1 0) 8(1 2 4) 9(0 2 5) 10(3 4 6) 11(3 5 6) 
Embedding of genus 2:0(4 7 9) 1(5 7 8) 2(6 8 9) 3(7 10 11) 4(0 8 10) 5(11 9 1) 6(2 10 11) 7(3 1 0) 8(4 2 1) 9(5 2 0) 10(3 4 6) 11(3 5 6) 
Embedding of genus 2:0(4 7 9) 1(5 7 8) 2(9 8- 6) 3(11 10 7) 4(0 8 10-) 5(1 9 11) 6(2 10 11) 7(0 1 3) 8(1 2- 4) 9(0 2 5) 10(6 4- 3) 11(3 5 6) 
Embedding of genus 1:0(4 7- 9) 1(5 7 8) 2(9 8- 6) 3(11 10 7) 4(0 8 10-) 5(1 9 11) 6(2 10 11) 7(0- 1 3) 8(1 2- 4) 9(0 2 5) 10(6 4- 3) 11(3 5 6) 
The graph has non-orientable genus 1.
12 18  0 4  0 7  0 10  1 5  1 7  1 8  2 6  2 8  2 11  3 7  3 9  3 11  4 8  4 9  5 10  5 11  6 9  6 10
Embedding of genus 6:0(4 7 10) 1(5 7 8) 2(6 8 11) 3(7 9 11) 4(0 8 9) 5(1 10 11) 6(2 9 10) 7(0 1 3) 8(1 2 4) 9(3 4 6) 10(0 5 6) 11(2 3 5) 
Embedding of genus 4:0(4 7 10) 1(5 7 8) 2(6 8 11) 3(7 9 11) 4(0 8 9) 5(1 10 11) 6(2 9 10) 7(3 1 0) 8(1 2 4) 9(3 4 6) 10(0 5 6) 11(2 3 5) 
Embedding of genus 2:0(4 7 10) 1(5 7 8) 2(6 8 11) 3(7 9 11) 4(0 8 9) 5(1 10 11) 6(10 9 2) 7(3 1 0) 8(1 2 4) 9(3 4 6) 10(6 5 0) 11(2 3 5) 
The graph has orientable genus 2.
Embedding of genus 6:0(4 7 10) 1(5 7 8) 2(6 8 11) 3(7 9 11) 4(0 8 9) 5(1 10 11) 6(2 9 10) 7(0 1 3) 8(1 2 4) 9(3 4 6) 10(0 5 6) 11(2 3 5) 
Embedding of genus 4:0(4 7 10) 1(5 7 8) 2(6 8 11) 3(7 9 11) 4(0 8 9) 5(1 10 11) 6(2 9 10) 7(3 1 0) 8(1 2 4) 9(3 4 6) 10(0 5 6) 11(2 3 5) 
Embedding of genus 2:0(4 7 10) 1(5 7 8) 2(6 8 11) 3(7 9 11) 4(0 8 9) 5(1 10 11) 6(10 9 2) 7(3 1 0) 8(1 2 4) 9(3 4 6) 10(6 5 0) 11(2 3 5) 
Embedding of genus 2:0(4 7 10) 1(5 7 8) 2(6 8- 11) 3(11 9 7) 4(0 8 9-) 5(1 10 11) 6(10 9 2) 7(0 1 3) 8(1 2- 4) 9(3 4- 6) 10(6 5 0) 11(2 3 5) 
The graph has non-orientable genus 2.
