10 15  0 5  0 6  0 7  1 5  1 6  1 7  2 5  2 8  2 9  3 6  3 8  3 9  4 7  4 8  4 9
Embedding of genus 6:0(5 6 7) 1(5 6 7) 2(5 8 9) 3(6 8 9) 4(7 8 9) 5(0 1 2) 6(0 1 3) 7(0 1 4) 8(2 3 4) 9(2 3 4) 
Embedding of genus 4:0(5 6 7) 1(5 6 7) 2(5 8 9) 3(6 8 9) 4(7 8 9) 5(0 1 2) 6(0 1 3) 7(4 1 0) 8(2 3 4) 9(2 3 4) 
Embedding of genus 2:0(5 6 7) 1(7 6 5) 2(5 8 9) 3(6 8 9) 4(9 8 7) 5(2 1 0) 6(0 1 3) 7(0 1 4) 8(4 3 2) 9(2 3 4) 
The graph has orientable genus 2.
Embedding of genus 6:0(5 6 7) 1(5 6 7) 2(5 8 9) 3(6 8 9) 4(7 8 9) 5(0 1 2) 6(0 1 3) 7(0 1 4) 8(2 3 4) 9(2 3 4) 
Embedding of genus 4:0(5 6 7) 1(5 6 7) 2(5 8 9) 3(6 8 9) 4(7 8 9) 5(0 1 2) 6(0 1 3) 7(4 1 0) 8(2 3 4) 9(2 3 4) 
Embedding of genus 2:0(5 6 7) 1(7 6 5) 2(5 8 9) 3(6 8 9) 4(9 8 7) 5(2 1 0) 6(0 1 3) 7(0 1 4) 8(4 3 2) 9(2 3 4) 
Embedding of genus 2:0(5 6 7) 1(7 6 5) 2(5- 8 9) 3(9 8 6) 4(7 8 9) 5(0 1 2-) 6(0 1 3) 7(4 1 0) 8(4 3 2) 9(2 3 4) 
The graph has non-orientable genus 2.
10 15  0 5  0 6  0 7  1 5  1 7  1 8  2 5  2 8  2 9  3 6  3 7  3 9  4 6  4 8  4 9
Embedding of genus 6:0(5 6 7) 1(5 7 8) 2(5 8 9) 3(6 7 9) 4(6 8 9) 5(0 1 2) 6(0 3 4) 7(0 1 3) 8(1 2 4) 9(2 3 4) 
Embedding of genus 4:0(5 6 7) 1(5 7 8) 2(5 8 9) 3(6 7 9) 4(6 8 9) 5(0 1 2) 6(0 3 4) 7(0 1 3) 8(4 2 1) 9(2 3 4) 
Embedding of genus 2:0(5 6 7) 1(5 7 8) 2(5 8 9) 3(6 7 9) 4(6 8 9) 5(0 1 2) 6(0 3 4) 7(3 1 0) 8(4 2 1) 9(2 3 4) 
The graph has orientable genus 2.
Embedding of genus 6:0(5 6 7) 1(5 7 8) 2(5 8 9) 3(6 7 9) 4(6 8 9) 5(0 1 2) 6(0 3 4) 7(0 1 3) 8(1 2 4) 9(2 3 4) 
Embedding of genus 4:0(5 6 7) 1(5 7 8) 2(5 8 9) 3(6 7 9) 4(6 8 9) 5(0 1 2) 6(0 3 4) 7(0 1 3) 8(4 2 1) 9(2 3 4) 
Embedding of genus 2:0(5 6 7) 1(5 7 8) 2(5 8 9) 3(6 7 9) 4(6 8 9) 5(0 1 2) 6(0 3 4) 7(3 1 0) 8(4 2 1) 9(2 3 4) 
Embedding of genus 2:0(5 6 7) 1(5 7 8) 2(5 8 9) 3(6 7 9-) 4(9 8 6) 5(0 1 2) 6(4 3 0) 7(3 1 0) 8(4 2 1) 9(2 3- 4) 
Embedding of genus 1:0(7 6 5) 1(8- 7 5) 2(5 8 9) 3(6 7 9-) 4(9- 8 6) 5(2 1 0) 6(0 3 4) 7(0 1 3) 8(1- 2 4) 9(2 3- 4-) 
The graph has non-orientable genus 1.
10 15  0 4  0 5  0 6  1 5  1 6  1 7  2 6  2 7  2 8  3 7  3 8  3 9  4 8  4 9  5 9
Embedding of genus 4:0(4 5 6) 1(5 6 7) 2(6 7 8) 3(7 8 9) 4(0 8 9) 5(0 1 9) 6(0 1 2) 7(1 2 3) 8(2 3 4) 9(3 4 5) 
Embedding of genus 2:0(4 5 6) 1(5 6 7) 2(6 7 8) 3(7 8 9) 4(9 8 0) 5(9 1 0) 6(2 1 0) 7(3 2 1) 8(4 3 2) 9(3 4 5) 
Embedding of genus 0:0(6 5 4) 1(5 6 7) 2(8 7 6) 3(7 8 9) 4(9 8 0) 5(0 1 9) 6(2 1 0) 7(1 2 3) 8(4 3 2) 9(3 4 5) 
The graph has orientable genus 0.
Embedding of genus 4:0(4 5 6) 1(5 6 7) 2(6 7 8) 3(7 8 9) 4(0 8 9) 5(0 1 9) 6(0 1 2) 7(1 2 3) 8(2 3 4) 9(3 4 5) 
Embedding of genus 2:0(4 5 6) 1(5 6 7) 2(6 7 8) 3(7 8 9) 4(9 8 0) 5(9 1 0) 6(2 1 0) 7(3 2 1) 8(4 3 2) 9(3 4 5) 
Embedding of genus 0:0(6 5 4) 1(5 6 7) 2(8 7 6) 3(7 8 9) 4(9 8 0) 5(0 1 9) 6(2 1 0) 7(1 2 3) 8(4 3 2) 9(3 4 5) 
The graph has non-orientable genus 1.
10 15  0 4  0 6  0 7  1 5  1 7  1 8  2 5  2 8  2 9  3 6  3 7  3 9  4 8  4 9  5 6
Embedding of genus 6:0(4 6 7) 1(5 7 8) 2(5 8 9) 3(6 7 9) 4(0 8 9) 5(1 2 6) 6(0 3 5) 7(0 1 3) 8(1 2 4) 9(2 3 4) 
Embedding of genus 4:0(4 6 7) 1(5 7 8) 2(5 8 9) 3(6 7 9) 4(0 8 9) 5(1 2 6) 6(0 3 5) 7(0 1 3) 8(4 2 1) 9(2 3 4) 
Embedding of genus 2:0(4 6 7) 1(5 7 8) 2(5 8 9) 3(9 7 6) 4(0 8 9) 5(1 2 6) 6(0 3 5) 7(0 1 3) 8(4 2 1) 9(2 3 4) 
The graph has orientable genus 2.
Embedding of genus 6:0(4 6 7) 1(5 7 8) 2(5 8 9) 3(6 7 9) 4(0 8 9) 5(1 2 6) 6(0 3 5) 7(0 1 3) 8(1 2 4) 9(2 3 4) 
Embedding of genus 4:0(4 6 7) 1(5 7 8) 2(5 8 9) 3(6 7 9) 4(0 8 9) 5(1 2 6) 6(0 3 5) 7(0 1 3) 8(4 2 1) 9(2 3 4) 
Embedding of genus 2:0(4 6 7) 1(5 7 8) 2(5 8 9) 3(9 7 6) 4(0 8 9) 5(1 2 6) 6(0 3 5) 7(0 1 3) 8(4 2 1) 9(2 3 4) 
Embedding of genus 2:0(4 6 7) 1(8 7 5) 2(9 8 5) 3(9 7 6) 4(0 8 9) 5(1 2 6-) 6(0 3 5-) 7(3 1 0) 8(1 2 4) 9(2 3 4) 
Embedding of genus 1:0(4 6 7-) 1(8 7- 5) 2(9 8 5) 3(9 7 6) 4(0 8 9) 5(6- 2 1) 6(0 3 5-) 7(0- 1- 3) 8(1 2 4) 9(2 3 4) 
The graph has non-orientable genus 1.
10 15  0 3  0 6  0 8  1 4  1 6  1 7  2 5  2 6  2 7  3 7  3 9  4 8  4 9  5 8  5 9
Embedding of genus 4:0(3 6 8) 1(4 6 7) 2(5 6 7) 3(0 7 9) 4(1 8 9) 5(2 8 9) 6(0 1 2) 7(1 2 3) 8(0 4 5) 9(3 4 5) 
Embedding of genus 2:0(3 6 8) 1(4 6 7) 2(5 6 7) 3(0 7 9) 4(1 8 9) 5(9 8 2) 6(0 1 2) 7(1 2 3) 8(5 4 0) 9(3 4 5) 
The graph has orientable genus 2.
Embedding of genus 4:0(3 6 8) 1(4 6 7) 2(5 6 7) 3(0 7 9) 4(1 8 9) 5(2 8 9) 6(0 1 2) 7(1 2 3) 8(0 4 5) 9(3 4 5) 
Embedding of genus 2:0(3 6 8) 1(4 6 7) 2(5 6 7) 3(0 7 9) 4(1 8 9) 5(9 8 2) 6(0 1 2) 7(1 2 3) 8(5 4 0) 9(3 4 5) 
Embedding of genus 2:0(3 6 8) 1(4 6 7) 2(5 6 7-) 3(0 7 9-) 4(1 8 9) 5(9 8 2) 6(0 1 2) 7(1 2- 3) 8(5 4 0) 9(3- 4 5) 
Embedding of genus 1:0(3 6 8) 1(4 6- 7) 2(5 6 7-) 3(0 7 9-) 4(1 8 9) 5(9 8 2) 6(0 1- 2) 7(1 2- 3) 8(5 4 0) 9(3- 4 5) 
The graph has non-orientable genus 1.
10 15  0 3  0 6  0 9  1 4  1 6  1 8  2 5  2 6  2 7  3 7  3 8  4 7  4 9  5 8  5 9
Embedding of genus 4:0(3 6 9) 1(4 6 8) 2(5 6 7) 3(0 7 8) 4(1 7 9) 5(2 8 9) 6(0 1 2) 7(2 3 4) 8(1 3 5) 9(0 4 5) 
Embedding of genus 2:0(3 6 9) 1(4 6 8) 2(5 6 7) 3(0 7 8) 4(1 7 9) 5(9 8 2) 6(2 1 0) 7(4 3 2) 8(5 3 1) 9(0 4 5) 
The graph has orientable genus 2.
Embedding of genus 4:0(3 6 9) 1(4 6 8) 2(5 6 7) 3(0 7 8) 4(1 7 9) 5(2 8 9) 6(0 1 2) 7(2 3 4) 8(1 3 5) 9(0 4 5) 
Embedding of genus 2:0(3 6 9) 1(4 6 8) 2(5 6 7) 3(0 7 8) 4(1 7 9) 5(9 8 2) 6(2 1 0) 7(4 3 2) 8(5 3 1) 9(0 4 5) 
Embedding of genus 2:0(3 6 9) 1(4 6 8) 2(5 6 7) 3(8 7 0) 4(1 7- 9) 5(9- 8 2) 6(2 1 0) 7(2 3 4-) 8(5 3 1) 9(0 4 5-) 
Embedding of genus 1:0(3 6 9) 1(4 6 8) 2(5 6 7) 3(8- 7 0) 4(1 7- 9) 5(9- 8 2) 6(2 1 0) 7(2 3 4-) 8(5 3- 1) 9(0 4 5-) 
The graph has non-orientable genus 1.
