22 33  0 9  0 12  0 13  1 10  1 12  1 13  2 11  2 13  2 14  3 12  3 20  3 21  4 14  4 15  4 16  5 14  5 18  5 19  6 15  6 16  6 17  7 15  7 19  7 20  8 17  8 18  8 19  9 16  9 18  10 17  10 21  11 20  11 21
22 33  0 9  0 13  0 15  1 10  1 15  1 21  2 11  2 12  2 14  3 11  3 18  3 19  4 12  4 14  4 15  5 13  5 17  5 19  6 14  6 16  6 17  7 16  7 20  7 21  8 18  8 19  8 20  9 20  9 21  10 16  10 17  11 13  12 18
22 33  0 10  0 13  0 14  1 11  1 12  1 13  2 11  2 14  2 15  3 12  3 15  3 18  4 12  4 17  4 18  5 13  5 16  5 17  6 14  6 15  6 16  7 16  7 18  7 19  8 17  8 20  8 21  9 19  9 20  9 21  10 19  10 21  11 20
22 33  0 9  0 12  0 13  1 10  1 13  1 16  2 11  2 14  2 15  3 12  3 13  3 14  4 12  4 17  4 18  5 14  5 16  5 17  6 15  6 18  6 19  7 15  7 18  7 21  8 16  8 17  8 19  9 19  9 20  10 20  10 21  11 20  11 21
22 33  0 11  0 12  0 13  1 11  1 12  1 16  2 11  2 16  2 17  3 12  3 18  3 20  4 13  4 14  4 15  5 13  5 18  5 19  6 14  6 15  6 21  7 14  7 16  7 19  8 15  8 17  8 18  9 17  9 20  9 21  10 19  10 20  10 21
22 33  0 9  0 12  0 13  1 10  1 13  1 14  2 11  2 14  2 15  3 12  3 16  3 17  4 12  4 20  4 21  5 13  5 17  5 21  6 14  6 15  6 16  7 16  7 17  7 18  8 18  8 19  8 20  9 15  9 19  10 20  10 21  11 18  11 19
22 33  0 10  0 13  0 14  1 11  1 12  1 13  2 11  2 15  2 16  3 12  3 14  3 15  4 12  4 16  4 17  5 13  5 14  5 20  6 15  6 20  6 21  7 16  7 19  7 21  8 17  8 18  8 19  9 17  9 20  9 21  10 18  10 19  11 18
22 33  0 9  0 12  0 13  1 10  1 14  1 15  2 11  2 15  2 21  3 12  3 13  3 14  4 12  4 16  4 17  5 13  5 18  5 19  6 14  6 15  6 16  7 17  7 20  7 21  8 18  8 19  8 20  9 16  9 19  10 20  10 21  11 17  11 18
22 33  0 9  0 12  0 13  1 10  1 14  1 15  2 11  2 16  2 17  3 12  3 13  3 14  4 12  4 18  4 19  5 13  5 20  5 21  6 14  6 15  6 21  7 15  7 16  7 17  8 16  8 19  8 20  9 17  9 18  10 18  10 19  11 20  11 21
22 33  0 9  0 12  0 13  1 10  1 14  1 15  2 11  2 16  2 17  3 12  3 13  3 14  4 12  4 15  4 16  5 13  5 18  5 19  6 14  6 17  6 21  7 16  7 19  7 20  8 17  8 18  8 19  9 15  9 18  10 20  10 21  11 20  11 21
22 33  0 9  0 12  0 13  1 10  1 14  1 15  2 11  2 16  2 17  3 12  3 13  3 14  4 12  4 15  4 16  5 13  5 18  5 19  6 14  6 20  6 21  7 16  7 17  7 18  8 18  8 19  8 20  9 15  9 19  10 17  10 21  11 20  11 21
22 33  0 8  0 13  0 14  1 9  1 13  1 14  2 10  2 15  2 16  3 11  3 17  3 18  4 12  4 14  4 15  5 12  5 19  5 20  6 13  6 16  6 19  7 15  7 20  7 21  8 16  8 17  9 18  9 19  10 18  10 21  11 20  11 21  12 17
22 33  0 8  0 13  0 14  1 9  1 13  1 14  2 10  2 15  2 16  3 11  3 17  3 18  4 12  4 14  4 17  5 12  5 19  5 20  6 13  6 16  6 19  7 15  7 20  7 21  8 16  8 17  9 18  9 19  10 18  10 21  11 20  11 21  12 15
22 33  0 9  0 13  0 14  1 10  1 14  1 15  2 11  2 13  2 14  3 11  3 16  3 17  4 12  4 15  4 16  5 12  5 15  5 19  6 13  6 20  6 21  7 16  7 20  7 21  8 17  8 18  8 19  9 17  9 18  10 19  10 20  11 21  12 18
22 33  0 9  0 14  0 16  1 10  1 16  1 17  2 11  2 12  2 14  3 11  3 17  3 18  4 12  4 13  4 15  5 13  5 16  5 19  6 14  6 20  6 21  7 15  7 20  7 21  8 18  8 19  8 20  9 15  9 17  10 18  10 19  11 13  12 21
22 33  0 9  0 12  0 13  1 10  1 13  1 14  2 11  2 16  2 17  3 12  3 15  3 16  4 12  4 15  4 19  5 13  5 16  5 21  6 14  6 15  6 18  7 14  7 19  7 20  8 17  8 18  8 19  9 20  9 21  10 17  10 18  11 20  11 21
22 33  0 9  0 13  0 15  1 10  1 14  1 16  2 11  2 15  2 17  3 12  3 13  3 14  4 12  4 17  4 18  5 12  5 18  5 19  6 13  6 14  6 21  7 15  7 17  7 20  8 19  8 20  8 21  9 16  9 19  10 20  10 21  11 16  11 18
22 33  0 8  0 13  0 16  1 9  1 15  1 16  2 10  2 16  2 17  3 11  3 17  3 18  4 12  4 13  4 14  5 12  5 14  5 15  6 13  6 18  6 19  7 15  7 18  7 21  8 14  8 17  9 20  9 21  10 19  10 20  11 20  11 21  12 19
22 33  0 10  0 13  0 21  1 11  1 12  1 13  2 11  2 20  2 21  3 12  3 13  3 16  4 12  4 18  4 19  5 14  5 17  5 18  6 15  6 16  6 17  7 15  7 18  7 19  8 16  8 17  8 20  9 19  9 20  9 21  10 14  10 15  11 14
22 33  0 9  0 13  0 14  1 10  1 14  1 15  2 11  2 15  2 16  3 11  3 18  3 21  4 12  4 13  4 19  5 12  5 16  5 18  6 14  6 15  6 19  7 16  7 20  7 21  8 17  8 19  8 20  9 20  9 21  10 17  10 18  11 13  12 17
22 33  0 9  0 12  0 13  1 10  1 15  1 16  2 11  2 17  2 18  3 12  3 14  3 15  4 12  4 20  4 21  5 13  5 16  5 17  6 13  6 16  6 19  7 14  7 15  7 17  8 14  8 19  8 20  9 18  9 21  10 18  10 19  11 20  11 21
22 33  0 8  0 12  0 15  1 9  1 13  1 14  2 10  2 14  2 19  3 11  3 16  3 17  4 12  4 13  4 14  5 13  5 20  5 21  6 15  6 18  6 19  7 18  7 19  7 20  8 17  8 18  9 17  9 21  10 15  10 16  11 20  11 21  12 16
22 33  0 8  0 13  0 14  1 9  1 14  1 18  2 10  2 16  2 17  3 11  3 17  3 18  4 12  4 13  4 14  5 12  5 15  5 16  6 13  6 17  6 21  7 15  7 18  7 19  8 20  8 21  9 15  9 16  10 20  10 21  11 19  11 20  12 19
22 33  0 9  0 14  0 15  1 10  1 17  1 18  2 11  2 15  2 16  3 11  3 15  3 19  4 12  4 13  4 16  5 12  5 16  5 17  6 13  6 18  6 19  7 14  7 20  7 21  8 17  8 19  8 20  9 18  9 21  10 20  10 21  11 13  12 14
22 33  0 9  0 15  0 16  1 10  1 16  1 17  2 11  2 14  2 15  3 11  3 15  3 18  4 12  4 13  4 17  5 12  5 16  5 21  6 13  6 17  6 19  7 14  7 20  7 21  8 18  8 19  8 20  9 18  9 19  10 20  10 21  11 13  12 14
22 33  0 9  0 13  0 15  1 10  1 16  1 17  2 11  2 12  2 14  3 11  3 20  3 21  4 12  4 17  4 21  5 13  5 15  5 16  6 14  6 16  6 17  7 15  7 18  7 19  8 18  8 19  8 20  9 14  9 19  10 20  10 21  11 13  12 18
22 33  0 8  0 13  0 21  1 9  1 13  1 14  2 10  2 14  2 15  3 11  3 15  3 19  4 12  4 15  4 16  5 12  5 20  5 21  6 16  6 17  6 18  7 18  7 20  7 21  8 14  8 18  9 17  9 19  10 19  10 20  11 16  11 17  12 13
22 33  0 9  0 14  0 15  1 10  1 16  1 17  2 11  2 13  2 14  3 11  3 14  3 19  4 12  4 13  4 15  5 12  5 15  5 16  6 13  6 17  6 18  7 17  7 18  7 19  8 19  8 20  8 21  9 18  9 20  10 20  10 21  11 16  12 21
22 33  0 9  0 13  0 14  1 10  1 15  1 16  2 11  2 16  2 18  3 11  3 17  3 18  4 12  4 14  4 15  5 12  5 14  5 17  6 13  6 20  6 21  7 15  7 18  7 19  8 17  8 19  8 20  9 16  9 21  10 20  10 21  11 13  12 19
22 33  0 8  0 12  0 13  1 9  1 14  1 15  2 10  2 15  2 19  3 11  3 17  3 18  4 12  4 13  4 14  5 13  5 20  5 21  6 14  6 15  6 17  7 16  7 19  7 20  8 18  8 21  9 18  9 19  10 16  10 17  11 20  11 21  12 16
22 33  0 8  0 12  0 13  1 9  1 14  1 15  2 10  2 15  2 16  3 11  3 16  3 17  4 12  4 13  4 14  5 13  5 16  5 21  6 14  6 19  6 20  7 15  7 17  7 18  8 20  8 21  9 18  9 19  10 20  10 21  11 18  11 19  12 17
22 33  0 8  0 12  0 13  1 9  1 14  1 15  2 10  2 15  2 16  3 11  3 16  3 17  4 12  4 13  4 14  5 13  5 18  5 19  6 14  6 17  6 21  7 17  7 18  7 19  8 15  8 18  9 20  9 21  10 19  10 20  11 20  11 21  12 16
22 33  0 8  0 13  0 16  1 9  1 14  1 18  2 10  2 15  2 19  3 11  3 17  3 18  4 12  4 13  4 14  5 12  5 14  5 15  6 13  6 17  6 21  7 18  7 19  7 20  8 20  8 21  9 15  9 16  10 16  10 17  11 20  11 21  12 19
22 33  0 9  0 14  0 15  1 10  1 17  1 18  2 11  2 15  2 16  3 11  3 18  3 19  4 12  4 13  4 14  5 12  5 13  5 17  6 14  6 18  6 19  7 15  7 16  7 17  8 16  8 19  8 21  9 20  9 21  10 20  10 21  11 13  12 20
22 33  0 9  0 14  0 19  1 10  1 15  1 16  2 11  2 13  2 14  3 11  3 15  3 16  4 12  4 13  4 14  5 12  5 16  5 17  6 13  6 20  6 21  7 15  7 18  7 19  8 17  8 20  8 21  9 17  9 18  10 19  10 20  11 18  12 21
22 33  0 10  0 15  0 16  1 11  1 14  1 15  2 11  2 16  2 17  3 12  3 13  3 14  4 12  4 13  4 18  5 12  5 14  5 19  6 13  6 16  6 19  7 15  7 17  7 18  8 17  8 20  8 21  9 18  9 19  9 20  10 20  10 21  11 21
22 33  0 10  0 13  0 14  1 11  1 12  1 13  2 11  2 14  2 15  3 12  3 13  3 20  4 12  4 16  4 17  5 14  5 15  5 16  6 15  6 20  6 21  7 16  7 19  7 21  8 17  8 18  8 19  9 17  9 20  9 21  10 18  10 19  11 18
22 33  0 9  0 13  0 15  1 10  1 16  1 17  2 11  2 12  2 14  3 11  3 18  3 19  4 12  4 14  4 15  5 13  5 14  5 16  6 15  6 17  6 21  7 16  7 17  7 18  8 18  8 19  8 20  9 20  9 21  10 20  10 21  11 13  12 19
22 33  0 9  0 13  0 15  1 10  1 16  1 17  2 11  2 12  2 14  3 11  3 18  3 19  4 12  4 14  4 15  5 13  5 14  5 16  6 15  6 20  6 21  7 16  7 19  7 20  8 17  8 18  8 19  9 17  9 21  10 20  10 21  11 13  12 18
22 33  0 9  0 11  0 13  1 10  1 13  1 16  2 11  2 13  2 14  3 12  3 14  3 18  4 12  4 20  4 21  5 14  5 18  5 19  6 15  6 16  6 21  7 16  7 17  7 18  8 17  8 19  8 20  9 15  9 17  10 20  10 21  11 19  12 15
22 33  0 9  0 15  0 16  1 10  1 16  1 21  2 11  2 14  2 18  3 11  3 16  3 17  4 12  4 13  4 14  5 12  5 14  5 15  6 13  6 19  6 20  7 15  7 17  7 19  8 18  8 20  8 21  9 20  9 21  10 17  10 18  11 13  12 19
22 33  0 9  0 11  0 13  1 10  1 13  1 21  2 11  2 15  2 16  3 12  3 13  3 14  4 12  4 14  4 15  5 14  5 17  5 18  6 15  6 16  6 19  7 17  7 20  7 21  8 18  8 19  8 20  9 20  9 21  10 16  10 17  11 18  12 19
22 33  0 10  0 12  0 13  1 11  1 13  1 14  2 11  2 13  2 19  3 12  3 15  3 17  4 12  4 20  4 21  5 14  5 15  5 16  6 14  6 16  6 20  7 16  7 17  7 18  8 17  8 18  8 19  9 19  9 20  9 21  10 18  10 21  11 15
22 33  0 10  0 12  0 13  1 11  1 15  1 17  2 11  2 20  2 21  3 12  3 13  3 20  4 12  4 14  4 15  5 13  5 14  5 15  6 14  6 16  6 18  7 16  7 19  7 21  8 17  8 18  8 19  9 18  9 20  9 21  10 17  10 19  11 16
22 33  0 9  0 13  0 14  1 10  1 15  1 16  2 11  2 16  2 17  3 11  3 20  3 21  4 12  4 14  4 17  5 12  5 20  5 21  6 13  6 15  6 21  7 14  7 16  7 18  8 17  8 19  8 20  9 18  9 19  10 18  10 19  11 13  12 15
22 33  0 8  0 12  0 13  1 9  1 13  1 19  2 10  2 15  2 16  3 11  3 17  3 18  4 12  4 13  4 14  5 14  5 16  5 17  6 15  6 18  6 21  7 17  7 19  7 20  8 18  8 19  9 14  9 15  10 20  10 21  11 20  11 21  12 16
22 33  0 8  0 13  0 14  1 9  1 13  1 14  2 10  2 14  2 21  3 11  3 15  3 16  4 12  4 13  4 16  5 12  5 17  5 18  6 15  6 18  6 19  7 17  7 20  7 21  8 18  8 19  9 20  9 21  10 16  10 17  11 19  11 20  12 15
