18 27  0 9  0 10  0 11  1 9  1 10  1 11  2 9  2 11  2 12  3 10  3 12  3 13  4 12  4 14  4 15  5 13  5 16  5 17  6 13  6 16  6 17  7 14  7 15  7 16  8 14  8 15  8 17
18 27  0 9  0 10  0 11  1 9  1 10  1 11  2 9  2 11  2 14  3 10  3 12  3 13  4 12  4 13  4 14  5 12  5 13  5 17  6 14  6 15  6 16  7 15  7 16  7 17  8 15  8 16  8 17
18 27  0 9  0 10  0 11  1 9  1 10  1 11  2 9  2 11  2 14  3 10  3 12  3 13  4 12  4 13  4 14  5 12  5 14  5 15  6 13  6 16  6 17  7 15  7 16  7 17  8 15  8 16  8 17
18 27  0 9  0 10  0 11  1 9  1 10  1 12  2 9  2 15  2 16  3 10  3 15  3 17  4 11  4 12  4 15  5 11  5 13  5 14  6 12  6 13  6 14  7 13  7 16  7 17  8 14  8 16  8 17
18 27  0 9  0 10  0 11  1 9  1 10  1 12  2 9  2 14  2 16  3 10  3 15  3 17  4 11  4 12  4 13  5 11  5 16  5 17  6 12  6 16  6 17  7 13  7 14  7 15  8 13  8 14  8 15
18 27  0 9  0 10  0 11  1 9  1 10  1 15  2 9  2 12  2 14  3 10  3 13  3 14  4 11  4 12  4 13  5 11  5 15  5 16  6 12  6 15  6 17  7 13  7 16  7 17  8 14  8 16  8 17
18 27  0 9  0 10  0 11  1 9  1 12  1 13  2 9  2 14  2 15  3 10  3 12  3 15  4 10  4 14  4 16  5 11  5 13  5 14  6 11  6 15  6 17  7 12  7 16  7 17  8 13  8 16  8 17
18 27  0 9  0 10  0 11  1 9  1 12  1 13  2 9  2 15  2 16  3 10  3 12  3 17  4 10  4 14  4 15  5 11  5 13  5 14  6 11  6 16  6 17  7 12  7 14  7 15  8 13  8 16  8 17
18 27  0 9  0 10  0 11  1 9  1 12  1 13  2 9  2 15  2 16  3 10  3 12  3 17  4 10  4 14  4 16  5 11  5 13  5 14  6 11  6 15  6 17  7 12  7 14  7 15  8 13  8 16  8 17
18 27  0 9  0 10  0 11  1 9  1 12  1 13  2 9  2 14  2 17  3 10  3 13  3 14  4 10  4 15  4 16  5 11  5 13  5 16  6 11  6 15  6 17  7 12  7 14  7 15  8 12  8 16  8 17
18 27  0 8  0 9  0 13  1 9  1 10  1 11  2 10  2 11  2 12  3 10  3 15  3 17  4 11  4 16  4 17  5 12  5 13  5 14  6 13  6 16  6 17  7 14  7 15  7 16  8 12  8 14  9 15
18 27  0 8  0 9  0 13  1 9  1 10  1 11  2 10  2 11  2 12  3 10  3 16  3 17  4 11  4 16  4 17  5 12  5 13  5 14  6 13  6 15  6 16  7 14  7 15  7 17  8 12  8 15  9 14
18 27  0 8  0 9  0 12  1 9  1 10  1 11  2 10  2 12  2 13  3 10  3 14  3 15  4 11  4 15  4 16  5 12  5 16  5 17  6 13  6 15  6 17  7 14  7 16  7 17  8 11  8 13  9 14
18 27  0 8  0 9  0 12  1 9  1 10  1 11  2 10  2 12  2 13  3 10  3 15  3 17  4 11  4 15  4 16  5 12  5 16  5 17  6 13  6 14  6 15  7 14  7 16  7 17  8 11  8 13  9 14
18 27  0 8  0 10  0 12  1 9  1 10  1 11  2 9  2 10  2 11  3 12  3 13  3 14  4 12  4 13  4 14  5 13  5 14  5 15  6 15  6 16  6 17  7 15  7 16  7 17  8 11  8 16  9 17
18 27  0 8  0 10  0 12  1 9  1 10  1 11  2 9  2 10  2 11  3 12  3 13  3 14  4 12  4 13  4 14  5 13  5 16  5 17  6 14  6 16  6 17  7 15  7 16  7 17  8 11  8 15  9 15
18 27  0 8  0 10  0 11  1 9  1 10  1 12  2 9  2 11  2 12  3 10  3 11  3 13  4 12  4 15  4 17  5 13  5 16  5 17  6 14  6 15  6 16  7 14  7 16  7 17  8 13  8 14  9 15
18 27  0 8  0 10  0 11  1 9  1 10  1 17  2 9  2 11  2 13  3 10  3 12  3 13  4 11  4 12  4 17  5 13  5 14  5 15  6 14  6 15  6 16  7 14  7 15  7 16  8 16  8 17  9 12
18 27  0 8  0 10  0 12  1 9  1 10  1 11  2 9  2 12  2 13  3 10  3 13  3 17  4 11  4 13  4 14  5 12  5 14  5 15  6 14  6 16  6 17  7 15  7 16  7 17  8 11  8 15  9 16
18 27  0 8  0 10  0 12  1 9  1 10  1 11  2 9  2 12  2 13  3 10  3 13  3 14  4 11  4 16  4 17  5 12  5 15  5 16  6 13  6 15  6 17  7 14  7 16  7 17  8 11  8 14  9 15
18 27  0 8  0 10  0 12  1 9  1 10  1 11  2 9  2 12  2 17  3 10  3 13  3 16  4 11  4 15  4 16  5 12  5 14  5 15  6 13  6 15  6 17  7 14  7 16  7 17  8 11  8 14  9 13
18 27  0 8  0 10  0 12  1 9  1 10  1 11  2 9  2 12  2 14  3 10  3 15  3 17  4 11  4 13  4 14  5 12  5 16  5 17  6 13  6 15  6 16  7 14  7 16  7 17  8 11  8 15  9 13
18 27  0 8  0 10  0 12  1 9  1 10  1 11  2 9  2 13  2 14  3 10  3 13  3 16  4 11  4 12  4 13  5 12  5 14  5 15  6 14  6 16  6 17  7 15  7 16  7 17  8 11  8 15  9 17
18 27  0 8  0 10  0 12  1 9  1 10  1 11  2 9  2 14  2 15  3 10  3 13  3 16  4 11  4 12  4 17  5 12  5 13  5 14  6 14  6 16  6 17  7 15  7 16  7 17  8 11  8 15  9 13
18 27  0 8  0 10  0 12  1 9  1 10  1 11  2 9  2 14  2 15  3 10  3 13  3 16  4 11  4 16  4 17  5 12  5 13  5 14  6 12  6 15  6 17  7 14  7 16  7 17  8 11  8 15  9 13
18 27  0 8  0 10  0 12  1 9  1 10  1 11  2 9  2 16  2 17  3 10  3 14  3 16  4 11  4 14  4 17  5 12  5 13  5 14  6 12  6 15  6 16  7 13  7 15  7 17  8 11  8 15  9 13
18 27  0 8  0 11  0 15  1 9  1 10  1 11  2 9  2 10  2 11  3 10  3 14  3 16  4 12  4 13  4 14  5 12  5 13  5 14  6 15  6 16  6 17  7 15  7 16  7 17  8 12  8 13  9 17
18 27  0 8  0 14  0 15  1 9  1 10  1 11  2 9  2 10  2 11  3 10  3 12  3 13  4 11  4 15  4 16  5 12  5 13  5 14  6 12  6 13  6 14  7 15  7 16  7 17  8 16  8 17  9 17
18 27  0 8  0 10  0 11  1 9  1 11  1 12  2 9  2 11  2 13  3 10  3 12  3 14  4 10  4 13  4 15  5 12  5 13  5 17  6 14  6 16  6 17  7 15  7 16  7 17  8 14  8 15  9 16
18 27  0 8  0 10  0 11  1 9  1 11  1 12  2 9  2 11  2 15  3 10  3 12  3 14  4 10  4 15  4 16  5 12  5 15  5 17  6 13  6 16  6 17  7 14  7 16  7 17  8 13  8 14  9 13
18 27  0 8  0 10  0 11  1 9  1 11  1 12  2 9  2 11  2 15  3 10  3 12  3 14  4 10  4 16  4 17  5 12  5 15  5 16  6 13  6 16  6 17  7 14  7 15  7 17  8 13  8 14  9 13
18 27  0 8  0 10  0 11  1 9  1 13  1 14  2 9  2 15  2 16  3 10  3 11  3 12  4 10  4 11  4 12  5 12  5 13  5 15  6 13  6 14  6 17  7 15  7 16  7 17  8 14  8 16  9 17
18 27  0 8  0 10  0 11  1 9  1 13  1 14  2 9  2 15  2 16  3 10  3 11  3 12  4 10  4 11  4 12  5 12  5 13  5 15  6 13  6 16  6 17  7 14  7 15  7 17  8 14  8 16  9 17
18 27  0 8  0 10  0 11  1 9  1 11  1 12  2 9  2 12  2 13  3 10  3 13  3 14  4 10  4 14  4 15  5 11  5 16  5 17  6 12  6 15  6 16  7 13  7 14  7 17  8 16  8 17  9 15
18 27  0 8  0 10  0 11  1 9  1 11  1 12  2 9  2 12  2 16  3 10  3 13  3 17  4 10  4 14  4 15  5 11  5 14  5 15  6 12  6 13  6 14  7 15  7 16  7 17  8 16  8 17  9 13
18 27  0 8  0 10  0 11  1 9  1 11  1 12  2 9  2 12  2 16  3 10  3 13  3 14  4 10  4 14  4 15  5 11  5 16  5 17  6 12  6 13  6 15  7 14  7 15  7 17  8 16  8 17  9 13
18 27  0 8  0 10  0 11  1 9  1 11  1 13  2 9  2 15  2 17  3 10  3 12  3 13  4 10  4 14  4 15  5 11  5 12  5 14  6 13  6 15  6 16  7 14  7 16  7 17  8 16  8 17  9 12
18 27  0 8  0 10  0 11  1 9  1 11  1 13  2 9  2 16  2 17  3 10  3 12  3 13  4 10  4 13  4 14  5 11  5 16  5 17  6 12  6 14  6 15  7 14  7 15  7 17  8 15  8 16  9 12
18 27  0 8  0 10  0 11  1 9  1 11  1 13  2 9  2 14  2 16  3 10  3 12  3 13  4 10  4 16  4 17  5 11  5 15  5 17  6 12  6 15  6 16  7 13  7 14  7 15  8 14  8 17  9 12
18 27  0 8  0 10  0 11  1 9  1 11  1 13  2 9  2 14  2 15  3 10  3 12  3 13  4 10  4 14  4 17  5 11  5 14  5 15  6 12  6 16  6 17  7 15  7 16  7 17  8 13  8 16  9 12
18 27  0 8  0 10  0 11  1 9  1 11  1 13  2 9  2 14  2 15  3 10  3 12  3 13  4 10  4 15  4 17  5 11  5 16  5 17  6 12  6 15  6 16  7 14  7 16  7 17  8 13  8 14  9 12
18 27  0 8  0 10  0 11  1 9  1 13  1 14  2 9  2 14  2 15  3 10  3 12  3 13  4 10  4 12  4 15  5 11  5 12  5 14  6 11  6 16  6 17  7 13  7 15  7 16  8 16  8 17  9 17
18 27  0 8  0 11  0 15  1 9  1 10  1 11  2 9  2 12  2 13  3 10  3 11  3 12  4 10  4 15  4 16  5 13  5 14  5 15  6 13  6 16  6 17  7 14  7 16  7 17  8 12  8 14  9 17
18 27  0 8  0 11  0 15  1 9  1 10  1 11  2 9  2 13  2 14  3 10  3 11  3 14  4 10  4 15  4 16  5 12  5 15  5 17  6 13  6 16  6 17  7 14  7 16  7 17  8 12  8 13  9 12
18 27  0 8  0 11  0 15  1 9  1 10  1 11  2 9  2 13  2 14  3 10  3 11  3 14  4 10  4 15  4 16  5 12  5 16  5 17  6 13  6 15  6 17  7 14  7 16  7 17  8 12  8 13  9 12
18 27  0 8  0 11  0 12  1 9  1 10  1 11  2 9  2 12  2 13  3 10  3 12  3 14  4 10  4 13  4 17  5 11  5 13  5 15  6 14  6 16  6 17  7 15  7 16  7 17  8 14  8 15  9 16
18 27  0 8  0 11  0 12  1 9  1 10  1 11  2 9  2 12  2 13  3 10  3 13  3 14  4 10  4 13  4 15  5 11  5 12  5 17  6 14  6 16  6 17  7 15  7 16  7 17  8 14  8 15  9 16
18 27  0 8  0 11  0 12  1 9  1 10  1 11  2 9  2 13  2 14  3 10  3 12  3 13  4 10  4 13  4 16  5 11  5 12  5 15  6 14  6 16  6 17  7 15  7 16  7 17  8 14  8 15  9 17
18 27  0 8  0 11  0 12  1 9  1 10  1 11  2 9  2 12  2 13  3 10  3 13  3 14  4 10  4 16  4 17  5 11  5 14  5 15  6 12  6 13  6 16  7 15  7 16  7 17  8 14  8 17  9 15
18 27  0 8  0 11  0 12  1 9  1 10  1 11  2 9  2 12  2 14  3 10  3 13  3 14  4 10  4 16  4 17  5 11  5 15  5 17  6 12  6 13  6 15  7 14  7 16  7 17  8 15  8 16  9 13
18 27  0 8  0 11  0 12  1 9  1 10  1 11  2 9  2 12  2 15  3 10  3 13  3 14  4 10  4 16  4 17  5 11  5 14  5 15  6 12  6 13  6 16  7 15  7 16  7 17  8 14  8 17  9 13
18 27  0 8  0 11  0 12  1 9  1 10  1 11  2 9  2 12  2 14  3 10  3 13  3 14  4 10  4 16  4 17  5 11  5 15  5 16  6 12  6 15  6 17  7 14  7 16  7 17  8 13  8 15  9 13
18 27  0 8  0 11  0 12  1 9  1 10  1 11  2 9  2 14  2 15  3 10  3 12  3 13  4 10  4 14  4 16  5 11  5 16  5 17  6 12  6 15  6 17  7 13  7 15  7 16  8 13  8 14  9 17
18 27  0 8  0 11  0 12  1 9  1 10  1 11  2 9  2 16  2 17  3 10  3 12  3 14  4 10  4 16  4 17  5 11  5 13  5 14  6 12  6 13  6 15  7 14  7 15  7 17  8 15  8 16  9 13
18 27  0 8  0 11  0 12  1 9  1 10  1 11  2 9  2 15  2 16  3 10  3 12  3 14  4 10  4 13  4 16  5 11  5 14  5 17  6 12  6 15  6 17  7 13  7 14  7 15  8 16  8 17  9 13
18 27  0 8  0 11  0 12  1 9  1 10  1 11  2 9  2 15  2 16  3 10  3 12  3 14  4 10  4 13  4 16  5 11  5 14  5 17  6 12  6 16  6 17  7 13  7 14  7 15  8 15  8 17  9 13
18 27  0 8  0 11  0 12  1 9  1 10  1 11  2 9  2 15  2 16  3 10  3 12  3 14  4 10  4 13  4 16  5 11  5 15  5 17  6 12  6 16  6 17  7 13  7 14  7 15  8 14  8 17  9 13
18 27  0 8  0 11  0 12  1 9  1 10  1 11  2 9  2 15  2 17  3 10  3 12  3 14  4 10  4 16  4 17  5 11  5 13  5 16  6 12  6 15  6 16  7 13  7 14  7 17  8 14  8 15  9 13
18 27  0 8  0 11  0 12  1 9  1 10  1 11  2 9  2 14  2 16  3 10  3 12  3 14  4 10  4 15  4 16  5 11  5 15  5 17  6 12  6 13  6 17  7 13  7 14  7 15  8 16  8 17  9 13
18 27  0 8  0 11  0 12  1 9  1 10  1 11  2 9  2 14  2 17  3 10  3 12  3 14  4 10  4 16  4 17  5 11  5 15  5 16  6 12  6 13  6 16  7 13  7 15  7 17  8 14  8 15  9 13
18 27  0 8  0 11  0 12  1 9  1 10  1 11  2 9  2 15  2 17  3 10  3 12  3 14  4 10  4 16  4 17  5 11  5 15  5 16  6 12  6 13  6 16  7 13  7 14  7 17  8 14  8 15  9 13
18 27  0 8  0 11  0 12  1 9  1 10  1 11  2 9  2 14  2 15  3 10  3 12  3 14  4 10  4 16  4 17  5 11  5 16  5 17  6 12  6 15  6 17  7 13  7 14  7 16  8 13  8 15  9 13
18 27  0 8  0 11  0 12  1 9  1 10  1 11  2 9  2 15  2 17  3 10  3 12  3 14  4 10  4 16  4 17  5 11  5 14  5 16  6 12  6 15  6 16  7 13  7 14  7 17  8 13  8 15  9 13
18 27  0 8  0 11  0 12  1 9  1 10  1 11  2 9  2 16  2 17  3 10  3 12  3 14  4 10  4 15  4 17  5 11  5 15  5 16  6 12  6 14  6 16  7 13  7 14  7 17  8 13  8 15  9 13
18 27  0 8  0 11  0 12  1 9  1 10  1 11  2 9  2 15  2 16  3 10  3 13  3 16  4 10  4 14  4 15  5 11  5 14  5 17  6 12  6 13  6 14  7 12  7 15  7 17  8 16  8 17  9 13
18 27  0 8  0 11  0 12  1 9  1 10  1 11  2 9  2 15  2 16  3 10  3 13  3 16  4 10  4 14  4 15  5 11  5 14  5 17  6 12  6 13  6 14  7 12  7 16  7 17  8 15  8 17  9 13
18 27  0 8  0 11  0 15  1 9  1 10  1 11  2 9  2 15  2 16  3 10  3 12  3 14  4 10  4 15  4 17  5 11  5 13  5 14  6 13  6 16  6 17  7 14  7 16  7 17  8 12  8 13  9 12
18 27  0 8  0 11  0 17  1 9  1 10  1 11  2 9  2 15  2 17  3 10  3 12  3 14  4 10  4 15  4 16  5 11  5 14  5 16  6 13  6 14  6 15  7 13  7 16  7 17  8 12  8 13  9 12
18 27  0 8  0 11  0 15  1 9  1 10  1 11  2 9  2 14  2 16  3 10  3 13  3 14  4 10  4 16  4 17  5 11  5 13  5 17  6 12  6 14  6 15  7 15  7 16  7 17  8 12  8 13  9 12
18 27  0 8  0 11  0 15  1 9  1 10  1 11  2 9  2 14  2 15  3 10  3 13  3 14  4 10  4 16  4 17  5 11  5 16  5 17  6 12  6 14  6 16  7 13  7 15  7 17  8 12  8 13  9 12
18 27  0 8  0 13  0 14  1 9  1 10  1 11  2 9  2 11  2 12  3 10  3 12  3 13  4 10  4 16  4 17  5 11  5 14  5 17  6 12  6 16  6 17  7 13  7 14  7 15  8 15  8 16  9 15
18 27  0 8  0 13  0 14  1 9  1 10  1 11  2 9  2 11  2 12  3 10  3 12  3 13  4 10  4 16  4 17  5 11  5 14  5 15  6 12  6 16  6 17  7 14  7 15  7 17  8 15  8 16  9 13
18 27  0 8  0 12  0 13  1 9  1 10  1 11  2 9  2 11  2 17  3 10  3 13  3 14  4 10  4 16  4 17  5 11  5 13  5 15  6 12  6 14  6 15  7 14  7 16  7 17  8 15  8 16  9 12
18 27  0 8  0 12  0 13  1 9  1 10  1 11  2 9  2 11  2 17  3 10  3 13  3 15  4 10  4 16  4 17  5 11  5 13  5 14  6 12  6 14  6 16  7 15  7 16  7 17  8 14  8 15  9 12
18 27  0 8  0 12  0 17  1 9  1 10  1 11  2 9  2 12  2 13  3 10  3 11  3 12  4 10  4 14  4 15  5 11  5 15  5 16  6 13  6 15  6 17  7 14  7 16  7 17  8 13  8 14  9 16
18 27  0 8  0 12  0 17  1 9  1 10  1 11  2 9  2 13  2 14  3 10  3 11  3 12  4 10  4 16  4 17  5 11  5 16  5 17  6 13  6 14  6 15  7 13  7 14  7 15  8 15  8 16  9 12
18 27  0 8  0 12  0 13  1 9  1 10  1 11  2 9  2 13  2 14  3 10  3 11  3 14  4 10  4 16  4 17  5 11  5 16  5 17  6 12  6 13  6 15  7 14  7 15  7 16  8 15  8 17  9 12
18 27  0 8  0 14  0 15  1 9  1 10  1 11  2 9  2 14  2 17  3 10  3 11  3 13  4 10  4 13  4 16  5 11  5 15  5 16  6 12  6 13  6 14  7 12  7 15  7 17  8 16  8 17  9 12
18 27  0 8  0 13  0 16  1 9  1 10  1 11  2 9  2 16  2 17  3 10  3 12  3 13  4 10  4 14  4 15  5 11  5 12  5 13  6 11  6 16  6 17  7 12  7 14  7 15  8 15  8 17  9 14
18 27  0 8  0 14  0 16  1 9  1 10  1 11  2 9  2 13  2 14  3 10  3 12  3 14  4 10  4 13  4 15  5 11  5 12  5 13  6 11  6 16  6 17  7 12  7 16  7 17  8 15  8 17  9 15
18 27  0 8  0 12  0 13  1 9  1 10  1 11  2 9  2 13  2 16  3 10  3 12  3 14  4 10  4 15  4 16  5 11  5 13  5 17  6 11  6 14  6 15  7 14  7 16  7 17  8 15  8 17  9 12
18 27  0 8  0 12  0 13  1 9  1 10  1 11  2 9  2 16  2 17  3 10  3 12  3 14  4 10  4 13  4 15  5 11  5 13  5 14  6 11  6 15  6 17  7 14  7 15  7 16  8 16  8 17  9 12
18 27  0 8  0 12  0 13  1 9  1 10  1 11  2 9  2 15  2 17  3 10  3 12  3 15  4 10  4 13  4 14  5 11  5 13  5 14  6 11  6 16  6 17  7 14  7 15  7 16  8 16  8 17  9 12
18 27  0 8  0 12  0 13  1 9  1 10  1 11  2 9  2 14  2 17  3 10  3 12  3 16  4 10  4 13  4 14  5 11  5 13  5 15  6 11  6 16  6 17  7 15  7 16  7 17  8 14  8 15  9 12
18 27  0 8  0 12  0 13  1 9  1 10  1 11  2 9  2 14  2 15  3 10  3 12  3 14  4 10  4 16  4 17  5 11  5 13  5 14  6 11  6 16  6 17  7 13  7 15  7 17  8 15  8 16  9 12
18 27  0 8  0 12  0 13  1 9  1 10  1 11  2 9  2 15  2 17  3 10  3 12  3 14  4 10  4 15  4 16  5 11  5 13  5 14  6 11  6 16  6 17  7 13  7 16  7 17  8 14  8 15  9 12
18 27  0 8  0 13  0 14  1 9  1 10  1 11  2 9  2 14  2 15  3 10  3 12  3 13  4 10  4 16  4 17  5 11  5 12  5 13  6 11  6 16  6 17  7 14  7 15  7 17  8 15  8 16  9 12
18 27  0 8  0 13  0 16  1 9  1 10  1 11  2 9  2 16  2 17  3 10  3 12  3 15  4 10  4 13  4 14  5 11  5 12  5 13  6 11  6 14  6 15  7 14  7 16  7 17  8 15  8 17  9 12
18 27  0 8  0 13  0 16  1 9  1 10  1 11  2 9  2 14  2 17  3 10  3 12  3 13  4 10  4 15  4 16  5 11  5 13  5 14  6 11  6 16  6 17  7 12  7 15  7 17  8 14  8 15  9 12
18 27  0 8  0 13  0 16  1 9  1 10  1 11  2 9  2 15  2 17  3 10  3 12  3 13  4 10  4 15  4 16  5 11  5 13  5 14  6 11  6 16  6 17  7 12  7 14  7 17  8 14  8 15  9 12
18 27  0 8  0 14  0 16  1 9  1 12  1 14  2 9  2 16  2 17  3 10  3 11  3 12  4 10  4 11  4 12  5 10  5 11  5 15  6 13  6 14  6 15  7 13  7 16  7 17  8 15  8 17  9 13
18 27  0 8  0 11  0 14  1 9  1 12  1 16  2 9  2 14  2 17  3 10  3 11  3 12  4 10  4 13  4 14  5 10  5 16  5 17  6 11  6 15  6 16  7 13  7 15  7 17  8 12  8 13  9 15
18 27  0 8  0 13  0 14  1 9  1 13  1 17  2 9  2 14  2 16  3 10  3 11  3 12  4 10  4 11  4 12  5 10  5 12  5 13  6 11  6 15  6 16  7 14  7 15  7 17  8 16  8 17  9 15
18 27  0 8  0 10  0 11  1 9  1 11  1 12  2 9  2 15  2 17  3 10  3 11  3 13  4 12  4 14  4 15  5 12  5 15  5 16  6 13  6 16  6 17  7 14  7 16  7 17  8 13  8 14  9 10
18 27  0 8  0 10  0 11  1 9  1 11  1 12  2 9  2 13  2 14  3 10  3 11  3 12  4 13  4 14  4 15  5 13  5 14  5 16  6 15  6 16  6 17  7 15  7 16  7 17  8 12  8 17  9 10
18 27  0 8  0 10  0 11  1 9  1 11  1 12  2 9  2 13  2 15  3 10  3 12  3 16  4 11  4 14  4 15  5 12  5 13  5 14  6 13  6 16  6 17  7 15  7 16  7 17  8 14  8 17  9 10
18 27  0 8  0 10  0 11  1 9  1 11  1 12  2 9  2 15  2 16  3 10  3 12  3 15  4 11  4 13  4 14  5 12  5 13  5 14  6 13  6 15  6 17  7 14  7 16  7 17  8 16  8 17  9 10
18 27  0 8  0 10  0 11  1 9  1 11  1 12  2 9  2 15  2 17  3 10  3 12  3 15  4 11  4 13  4 14  5 12  5 13  5 14  6 13  6 16  6 17  7 14  7 16  7 17  8 15  8 16  9 10
18 27  0 8  0 10  0 11  1 9  1 11  1 12  2 9  2 16  2 17  3 10  3 12  3 15  4 11  4 13  4 14  5 12  5 13  5 14  6 13  6 15  6 17  7 14  7 16  7 17  8 15  8 16  9 10
18 27  0 8  0 10  0 11  1 9  1 11  1 14  2 9  2 12  2 13  3 10  3 14  3 15  4 11  4 12  4 13  5 12  5 15  5 16  6 13  6 15  6 17  7 14  7 16  7 17  8 16  8 17  9 10
18 27  0 8  0 10  0 11  1 9  1 11  1 12  2 9  2 13  2 15  3 10  3 13  3 16  4 11  4 14  4 15  5 12  5 13  5 14  6 12  6 16  6 17  7 15  7 16  7 17  8 14  8 17  9 10
18 27  0 8  0 12  0 17  1 9  1 11  1 12  2 9  2 13  2 14  3 10  3 11  3 12  4 10  4 16  4 17  5 11  5 16  5 17  6 13  6 14  6 15  7 13  7 14  7 15  8 15  8 16  9 10
18 27  0 8  0 14  0 15  1 9  1 11  1 12  2 9  2 13  2 14  3 10  3 11  3 12  4 10  4 13  4 14  5 11  5 15  5 16  6 12  6 15  6 17  7 13  7 16  7 17  8 16  8 17  9 10
18 27  0 8  0 9  0 14  1 8  1 15  1 17  2 9  2 12  2 16  3 10  3 11  3 12  4 10  4 14  4 15  5 11  5 16  5 17  6 12  6 13  6 14  7 13  7 15  7 16  8 11  9 13  10 17
18 27  0 8  0 9  0 14  1 8  1 16  1 17  2 9  2 12  2 16  3 10  3 11  3 12  4 10  4 14  4 15  5 11  5 15  5 17  6 12  6 13  6 14  7 13  7 15  7 16  8 11  9 13  10 17
18 27  0 8  0 12  0 14  1 8  1 15  1 17  2 9  2 11  2 12  3 9  3 13  3 14  4 10  4 11  4 13  5 10  5 14  5 17  6 12  6 15  6 16  7 13  7 16  7 17  8 11  9 16  10 15
18 27  0 7  0 10  0 11  1 8  1 10  1 11  2 9  2 11  2 12  3 10  3 12  3 15  4 12  4 13  4 14  5 13  5 16  5 17  6 14  6 16  6 17  7 15  7 16  8 15  8 17  9 13  9 14
18 27  0 7  0 10  0 11  1 8  1 10  1 12  2 9  2 11  2 12  3 10  3 11  3 13  4 12  4 13  4 14  5 13  5 15  5 16  6 14  6 15  6 17  7 14  7 15  8 16  8 17  9 16  9 17
18 27  0 7  0 10  0 11  1 8  1 10  1 17  2 9  2 11  2 14  3 10  3 11  3 12  4 12  4 16  4 17  5 13  5 14  5 15  6 13  6 14  6 15  7 15  7 16  8 12  8 13  9 16  9 17
18 27  0 7  0 10  0 11  1 8  1 10  1 12  2 9  2 11  2 12  3 10  3 13  3 14  4 11  4 13  4 16  5 12  5 14  5 17  6 13  6 15  6 17  7 14  7 15  8 16  8 17  9 15  9 16
18 27  0 7  0 10  0 11  1 8  1 10  1 16  2 9  2 11  2 12  3 10  3 12  3 14  4 11  4 13  4 15  5 14  5 16  5 17  6 15  6 16  6 17  7 13  7 17  8 12  8 13  9 14  9 15
18 27  0 7  0 10  0 11  1 8  1 10  1 15  2 9  2 11  2 12  3 10  3 13  3 14  4 11  4 12  4 16  5 14  5 16  5 17  6 15  6 16  6 17  7 13  7 17  8 12  8 13  9 14  9 15
18 27  0 7  0 10  0 11  1 8  1 10  1 13  2 9  2 11  2 12  3 10  3 14  3 15  4 11  4 13  4 14  5 12  5 15  5 16  6 13  6 15  6 17  7 16  7 17  8 12  8 14  9 16  9 17
18 27  0 7  0 10  0 11  1 8  1 10  1 13  2 9  2 11  2 12  3 10  3 15  3 16  4 11  4 13  4 14  5 12  5 16  5 17  6 13  6 15  6 17  7 14  7 15  8 12  8 14  9 16  9 17
18 27  0 7  0 10  0 11  1 8  1 10  1 13  2 9  2 11  2 12  3 10  3 16  3 17  4 11  4 13  4 17  5 12  5 15  5 16  6 13  6 14  6 15  7 14  7 16  8 12  8 14  9 15  9 17
18 27  0 7  0 10  0 11  1 8  1 10  1 14  2 9  2 11  2 12  3 10  3 14  3 16  4 11  4 15  4 17  5 12  5 16  5 17  6 13  6 16  6 17  7 13  7 15  8 12  8 13  9 14  9 15
18 27  0 7  0 10  0 11  1 8  1 10  1 17  2 9  2 11  2 17  3 10  3 14  3 15  4 11  4 12  4 15  5 12  5 16  5 17  6 13  6 15  6 16  7 14  7 16  8 12  8 13  9 13  9 14
18 27  0 7  0 10  0 12  1 8  1 10  1 11  2 9  2 11  2 12  3 10  3 13  3 14  4 12  4 13  4 14  5 13  5 16  5 17  6 14  6 16  6 17  7 11  7 15  8 15  8 16  9 15  9 17
18 27  0 7  0 10  0 12  1 8  1 10  1 11  2 9  2 11  2 12  3 10  3 13  3 14  4 12  4 14  4 15  5 13  5 15  5 16  6 14  6 15  6 17  7 11  7 13  8 16  8 17  9 16  9 17
18 27  0 7  0 10  0 12  1 8  1 10  1 11  2 9  2 11  2 12  3 10  3 15  3 16  4 12  4 13  4 14  5 13  5 16  5 17  6 14  6 16  6 17  7 11  7 15  8 13  8 14  9 15  9 17
18 27  0 7  0 10  0 14  1 8  1 10  1 11  2 9  2 11  2 15  3 10  3 15  3 17  4 12  4 15  4 16  5 13  5 16  5 17  6 14  6 16  6 17  7 11  7 12  8 13  8 14  9 12  9 13
18 27  0 7  0 10  0 12  1 8  1 10  1 11  2 9  2 12  2 13  3 10  3 11  3 14  4 12  4 13  4 17  5 14  5 16  5 17  6 15  6 16  6 17  7 11  7 13  8 14  8 15  9 15  9 16
18 27  0 7  0 10  0 14  1 8  1 10  1 11  2 9  2 12  2 13  3 10  3 11  3 12  4 12  4 16  4 17  5 13  5 14  5 15  6 14  6 15  6 17  7 11  7 16  8 13  8 15  9 16  9 17
18 27  0 7  0 10  0 12  1 8  1 10  1 11  2 9  2 12  2 13  3 10  3 12  3 17  4 11  4 16  4 17  5 13  5 14  5 15  6 14  6 16  6 17  7 11  7 14  8 13  8 15  9 15  9 16
18 27  0 7  0 10  0 12  1 8  1 10  1 11  2 9  2 12  2 13  3 10  3 13  3 14  4 11  4 14  4 15  5 12  5 14  5 17  6 13  6 15  6 17  7 11  7 16  8 15  8 16  9 16  9 17
18 27  0 7  0 10  0 12  1 8  1 10  1 11  2 9  2 12  2 13  3 10  3 13  3 14  4 11  4 14  4 15  5 12  5 14  5 17  6 13  6 16  6 17  7 11  7 16  8 15  8 16  9 15  9 17
18 27  0 7  0 10  0 12  1 8  1 10  1 11  2 9  2 12  2 13  3 10  3 13  3 17  4 11  4 16  4 17  5 12  5 15  5 16  6 14  6 16  6 17  7 11  7 14  8 13  8 15  9 14  9 15
18 27  0 7  0 10  0 12  1 8  1 10  1 11  2 9  2 12  2 13  3 10  3 16  3 17  4 11  4 15  4 17  5 12  5 13  5 15  6 14  6 16  6 17  7 11  7 14  8 13  8 14  9 15  9 16
18 27  0 7  0 10  0 12  1 8  1 10  1 11  2 9  2 12  2 13  3 10  3 15  3 17  4 11  4 15  4 16  5 12  5 14  5 15  6 14  6 16  6 17  7 11  7 13  8 13  8 14  9 16  9 17
18 27  0 7  0 10  0 12  1 8  1 10  1 11  2 9  2 13  2 16  3 10  3 16  3 17  4 11  4 14  4 15  5 12  5 13  5 14  6 14  6 16  6 17  7 11  7 13  8 12  8 15  9 15  9 17
18 27  0 7  0 10  0 11  1 8  1 11  1 12  2 9  2 11  2 13  3 10  3 12  3 14  4 10  4 13  4 15  5 12  5 15  5 16  6 14  6 15  6 17  7 13  7 14  8 16  8 17  9 16  9 17
18 27  0 7  0 10  0 11  1 8  1 11  1 12  2 9  2 11  2 16  3 10  3 12  3 13  4 10  4 15  4 16  5 12  5 14  5 17  6 13  6 16  6 17  7 13  7 14  8 15  8 17  9 14  9 15
18 27  0 7  0 10  0 11  1 8  1 11  1 12  2 9  2 11  2 16  3 10  3 12  3 13  4 10  4 15  4 16  5 12  5 16  5 17  6 13  6 15  6 17  7 13  7 14  8 14  8 17  9 14  9 15
18 27  0 7  0 10  0 11  1 8  1 11  1 12  2 9  2 11  2 13  3 10  3 13  3 14  4 10  4 15  4 16  5 12  5 14  5 15  6 12  6 16  6 17  7 13  7 16  8 14  8 17  9 15  9 17
18 27  0 7  0 10  0 11  1 8  1 11  1 12  2 9  2 11  2 17  3 10  3 13  3 15  4 10  4 16  4 17  5 12  5 13  5 16  6 12  6 14  6 15  7 14  7 17  8 15  8 16  9 13  9 14
18 27  0 7  0 10  0 11  1 8  1 11  1 12  2 9  2 11  2 13  3 10  3 12  3 13  4 10  4 16  4 17  5 13  5 14  5 15  6 14  6 16  6 17  7 12  7 14  8 15  8 17  9 15  9 16
18 27  0 7  0 10  0 11  1 8  1 11  1 12  2 9  2 11  2 13  3 10  3 12  3 13  4 10  4 14  4 15  5 13  5 14  5 15  6 15  6 16  6 17  7 12  7 16  8 14  8 17  9 16  9 17
18 27  0 7  0 10  0 11  1 8  1 11  1 12  2 9  2 11  2 13  3 10  3 12  3 17  4 10  4 13  4 14  5 14  5 16  5 17  6 15  6 16  6 17  7 12  7 15  8 13  8 16  9 14  9 15
18 27  0 7  0 10  0 11  1 8  1 11  1 12  2 9  2 11  2 17  3 10  3 12  3 13  4 10  4 14  4 15  5 14  5 16  5 17  6 15  6 16  6 17  7 12  7 15  8 13  8 16  9 13  9 14
18 27  0 7  0 10  0 11  1 8  1 11  1 16  2 9  2 11  2 12  3 10  3 12  3 15  4 10  4 13  4 14  5 14  5 16  5 17  6 15  6 16  6 17  7 13  7 17  8 12  8 13  9 14  9 15
18 27  0 7  0 10  0 11  1 8  1 11  1 13  2 9  2 11  2 12  3 10  3 12  3 14  4 10  4 13  4 15  5 14  5 16  5 17  6 15  6 16  6 17  7 14  7 15  8 12  8 16  9 13  9 17
18 27  0 7  0 10  0 11  1 8  1 11  1 13  2 9  2 11  2 12  3 10  3 12  3 14  4 10  4 15  4 17  5 13  5 16  5 17  6 14  6 16  6 17  7 15  7 16  8 12  8 15  9 13  9 14
18 27  0 7  0 10  0 11  1 8  1 11  1 16  2 9  2 11  2 12  3 10  3 12  3 15  4 10  4 13  4 14  5 14  5 16  5 17  6 15  6 16  6 17  7 14  7 15  8 12  8 13  9 13  9 17
18 27  0 7  0 10  0 11  1 8  1 11  1 15  2 9  2 11  2 12  3 10  3 12  3 14  4 10  4 15  4 17  5 13  5 16  5 17  6 14  6 16  6 17  7 15  7 16  8 12  8 13  9 13  9 14
18 27  0 7  0 10  0 11  1 8  1 11  1 15  2 9  2 11  2 12  3 10  3 13  3 14  4 10  4 13  4 17  5 14  5 16  5 17  6 15  6 16  6 17  7 12  7 16  8 12  8 13  9 14  9 15
18 27  0 7  0 10  0 11  1 8  1 11  1 16  2 9  2 11  2 12  3 10  3 13  3 14  4 10  4 13  4 15  5 14  5 16  5 17  6 15  6 16  6 17  7 12  7 17  8 12  8 13  9 14  9 15
18 27  0 7  0 10  0 11  1 8  1 11  1 12  2 9  2 12  2 17  3 10  3 11  3 15  4 10  4 12  4 13  5 14  5 16  5 17  6 15  6 16  6 17  7 14  7 15  8 13  8 16  9 13  9 14
18 27  0 7  0 10  0 11  1 8  1 11  1 14  2 9  2 12  2 13  3 10  3 11  3 12  4 10  4 14  4 16  5 12  5 15  5 16  6 13  6 14  6 17  7 13  7 15  8 16  8 17  9 15  9 17
18 27  0 7  0 10  0 11  1 8  1 12  1 13  2 9  2 13  2 14  3 10  3 11  3 12  4 10  4 11  4 12  5 13  5 16  5 17  6 14  6 15  6 16  7 14  7 15  8 16  8 17  9 15  9 17
18 27  0 7  0 10  0 11  1 8  1 12  1 13  2 9  2 14  2 16  3 10  3 11  3 12  4 10  4 11  4 12  5 13  5 14  5 15  6 13  6 16  6 17  7 14  7 15  8 16  8 17  9 15  9 17
18 27  0 7  0 10  0 11  1 8  1 11  1 12  2 9  2 12  2 13  3 10  3 12  3 14  4 10  4 13  4 14  5 11  5 13  5 15  6 14  6 15  6 16  7 16  7 17  8 15  8 17  9 16  9 17
18 27  0 7  0 10  0 11  1 8  1 11  1 12  2 9  2 12  2 13  3 10  3 12  3 14  4 10  4 15  4 16  5 11  5 13  5 14  6 14  6 15  6 17  7 13  7 15  8 16  8 17  9 16  9 17
18 27  0 7  0 10  0 11  1 8  1 11  1 12  2 9  2 12  2 13  3 10  3 12  3 14  4 10  4 15  4 16  5 11  5 13  5 15  6 14  6 15  6 17  7 13  7 14  8 16  8 17  9 16  9 17
18 27  0 7  0 10  0 11  1 8  1 11  1 12  2 9  2 12  2 17  3 10  3 12  3 13  4 10  4 14  4 16  5 11  5 15  5 17  6 13  6 15  6 16  7 13  7 14  8 16  8 17  9 14  9 15
18 27  0 7  0 10  0 11  1 8  1 11  1 12  2 9  2 12  2 17  3 10  3 12  3 13  4 10  4 15  4 16  5 11  5 14  5 16  6 13  6 16  6 17  7 13  7 14  8 15  8 17  9 14  9 15
18 27  0 7  0 10  0 11  1 8  1 11  1 12  2 9  2 12  2 16  3 10  3 12  3 13  4 10  4 14  4 17  5 11  5 15  5 17  6 13  6 15  6 16  7 16  7 17  8 13  8 14  9 14  9 15
18 27  0 7  0 10  0 11  1 8  1 11  1 12  2 9  2 12  2 16  3 10  3 12  3 13  4 10  4 15  4 17  5 11  5 15  5 16  6 13  6 16  6 17  7 14  7 17  8 13  8 14  9 14  9 15
18 27  0 7  0 10  0 11  1 8  1 11  1 12  2 9  2 12  2 16  3 10  3 12  3 13  4 10  4 16  4 17  5 11  5 15  5 16  6 13  6 15  6 17  7 14  7 17  8 13  8 14  9 14  9 15
18 27  0 7  0 10  0 11  1 8  1 11  1 12  2 9  2 12  2 13  3 10  3 12  3 14  4 10  4 15  4 17  5 11  5 16  5 17  6 14  6 16  6 17  7 13  7 14  8 13  8 15  9 15  9 16
18 27  0 7  0 10  0 11  1 8  1 11  1 12  2 9  2 12  2 17  3 10  3 12  3 13  4 10  4 16  4 17  5 11  5 14  5 15  6 14  6 15  6 16  7 13  7 15  8 16  8 17  9 13  9 14
18 27  0 7  0 10  0 11  1 8  1 11  1 12  2 9  2 12  2 17  3 10  3 12  3 13  4 10  4 16  4 17  5 11  5 16  5 17  6 14  6 15  6 16  7 14  7 15  8 13  8 15  9 13  9 14
18 27  0 7  0 10  0 11  1 8  1 11  1 12  2 9  2 13  2 14  3 10  3 12  3 13  4 10  4 12  4 16  5 11  5 13  5 15  6 15  6 16  6 17  7 14  7 15  8 14  8 17  9 16  9 17
18 27  0 7  0 10  0 11  1 8  1 11  1 15  2 9  2 13  2 14  3 10  3 12  3 13  4 10  4 12  4 16  5 11  5 12  5 13  6 14  6 15  6 16  7 15  7 17  8 14  8 17  9 16  9 17
18 27  0 7  0 10  0 11  1 8  1 11  1 12  2 9  2 12  2 13  3 10  3 13  3 14  4 10  4 16  4 17  5 11  5 13  5 14  6 12  6 14  6 15  7 16  7 17  8 15  8 16  9 15  9 17
18 27  0 7  0 10  0 11  1 8  1 11  1 12  2 9  2 12  2 13  3 10  3 13  3 14  4 10  4 16  4 17  5 11  5 13  5 15  6 12  6 14  6 17  7 14  7 15  8 16  8 17  9 15  9 16
18 27  0 7  0 10  0 11  1 8  1 11  1 12  2 9  2 12  2 13  3 10  3 13  3 14  4 10  4 16  4 17  5 11  5 16  5 17  6 12  6 14  6 17  7 13  7 15  8 14  8 15  9 15  9 16
18 27  0 7  0 10  0 11  1 8  1 11  1 12  2 9  2 12  2 13  3 10  3 13  3 14  4 10  4 16  4 17  5 11  5 16  5 17  6 12  6 15  6 17  7 13  7 14  8 15  8 16  9 14  9 15
18 27  0 7  0 10  0 11  1 8  1 11  1 12  2 9  2 12  2 13  3 10  3 13  3 14  4 10  4 16  4 17  5 11  5 16  5 17  6 12  6 15  6 16  7 13  7 15  8 14  8 15  9 14  9 17
18 27  0 7  0 10  0 11  1 8  1 11  1 12  2 9  2 12  2 13  3 10  3 13  3 14  4 10  4 15  4 17  5 11  5 14  5 17  6 12  6 14  6 15  7 16  7 17  8 13  8 16  9 15  9 16
18 27  0 7  0 10  0 11  1 8  1 11  1 12  2 9  2 12  2 13  3 10  3 13  3 14  4 10  4 16  4 17  5 11  5 14  5 17  6 12  6 14  6 15  7 15  7 17  8 13  8 16  9 15  9 16
18 27  0 7  0 10  0 11  1 8  1 11  1 12  2 9  2 12  2 13  3 10  3 13  3 14  4 10  4 16  4 17  5 11  5 16  5 17  6 12  6 15  6 16  7 14  7 15  8 13  8 15  9 14  9 17
18 27  0 7  0 10  0 11  1 8  1 11  1 12  2 9  2 12  2 13  3 10  3 14  3 17  4 10  4 15  4 16  5 11  5 15  5 17  6 12  6 13  6 14  7 16  7 17  8 13  8 16  9 14  9 15
18 27  0 7  0 10  0 11  1 8  1 11  1 12  2 9  2 13  2 14  3 10  3 12  3 13  4 10  4 16  4 17  5 11  5 14  5 15  6 12  6 14  6 17  7 13  7 15  8 16  8 17  9 15  9 16
18 27  0 7  0 10  0 11  1 8  1 11  1 17  2 9  2 13  2 14  3 10  3 12  3 13  4 10  4 15  4 17  5 11  5 12  5 13  6 12  6 14  6 16  7 16  7 17  8 14  8 15  9 15  9 16
18 27  0 7  0 10  0 11  1 8  1 11  1 14  2 9  2 13  2 16  3 10  3 12  3 13  4 10  4 14  4 17  5 11  5 12  5 13  6 12  6 15  6 16  7 15  7 17  8 16  8 17  9 14  9 15
18 27  0 7  0 10  0 11  1 8  1 11  1 12  2 9  2 12  2 13  3 10  3 13  3 14  4 10  4 16  4 17  5 11  5 13  5 14  6 14  6 15  6 16  7 12  7 15  8 15  8 17  9 16  9 17
18 27  0 7  0 10  0 11  1 8  1 11  1 12  2 9  2 12  2 13  3 10  3 13  3 14  4 10  4 16  4 17  5 11  5 13  5 14  6 14  6 15  6 16  7 12  7 15  8 16  8 17  9 15  9 17
18 27  0 7  0 10  0 11  1 8  1 11  1 12  2 9  2 13  2 14  3 10  3 12  3 13  4 10  4 14  4 17  5 11  5 13  5 15  6 15  6 16  6 17  7 12  7 16  8 14  8 15  9 16  9 17
18 27  0 7  0 10  0 11  1 8  1 11  1 17  2 9  2 13  2 14  3 10  3 12  3 14  4 10  4 15  4 16  5 11  5 12  5 13  6 13  6 15  6 17  7 12  7 16  8 14  8 15  9 16  9 17
18 27  0 7  0 10  0 11  1 8  1 11  1 17  2 9  2 13  2 14  3 10  3 12  3 15  4 10  4 13  4 17  5 11  5 14  5 15  6 12  6 16  6 17  7 14  7 16  8 12  8 13  9 15  9 16
18 27  0 7  0 10  0 11  1 8  1 12  1 13  2 9  2 13  2 14  3 10  3 11  3 12  4 10  4 13  4 15  5 11  5 14  5 17  6 15  6 16  6 17  7 12  7 16  8 14  8 15  9 16  9 17
18 27  0 7  0 12  0 15  1 8  1 13  1 14  2 9  2 13  2 16  3 10  3 11  3 12  4 10  4 11  4 12  5 10  5 11  5 13  6 14  6 15  6 16  7 14  7 17  8 16  8 17  9 15  9 17
18 27  0 7  0 12  0 16  1 8  1 13  1 14  2 9  2 14  2 17  3 10  3 11  3 12  4 10  4 11  4 12  5 10  5 11  5 13  6 13  6 15  6 17  7 14  7 15  8 16  8 17  9 15  9 16
18 27  0 7  0 11  0 13  1 8  1 12  1 14  2 9  2 14  2 16  3 10  3 11  3 12  4 10  4 13  4 14  5 10  5 16  5 17  6 11  6 16  6 17  7 12  7 15  8 13  8 15  9 15  9 17
18 27  0 7  0 9  0 11  1 8  1 11  1 17  2 9  2 12  2 13  3 10  3 11  3 12  4 10  4 13  4 15  5 12  5 14  5 16  6 13  6 16  6 17  7 14  7 15  8 15  8 16  9 17  10 14
18 27  0 7  0 9  0 11  1 8  1 11  1 16  2 9  2 12  2 13  3 10  3 11  3 12  4 10  4 14  4 15  5 12  5 16  5 17  6 13  6 15  6 16  7 15  7 17  8 13  8 14  9 14  10 17
18 27  0 7  0 9  0 11  1 8  1 11  1 14  2 9  2 15  2 16  3 10  3 11  3 12  4 10  4 12  4 13  5 12  5 14  5 15  6 14  6 16  6 17  7 15  7 17  8 13  8 17  9 13  10 16
18 27  0 7  0 9  0 11  1 8  1 11  1 15  2 9  2 12  2 16  3 10  3 11  3 12  4 10  4 13  4 14  5 14  5 16  5 17  6 15  6 16  6 17  7 14  7 15  8 12  8 13  9 13  10 17
18 27  0 7  0 9  0 11  1 8  1 11  1 13  2 9  2 13  2 15  3 10  3 11  3 12  4 10  4 13  4 14  5 14  5 16  5 17  6 15  6 16  6 17  7 14  7 15  8 12  8 16  9 12  10 17
18 27  0 7  0 9  0 11  1 8  1 11  1 13  2 9  2 14  2 15  3 10  3 11  3 12  4 10  4 13  4 14  5 14  5 16  5 17  6 15  6 16  6 17  7 13  7 15  8 12  8 16  9 12  10 17
18 27  0 7  0 9  0 11  1 8  1 12  1 13  2 9  2 11  2 16  3 10  3 11  3 12  4 10  4 15  4 17  5 13  5 14  5 15  6 13  6 16  6 17  7 15  7 16  8 14  8 17  9 12  10 14
18 27  0 7  0 9  0 11  1 8  1 11  1 12  2 9  2 12  2 15  3 10  3 12  3 13  4 10  4 13  4 14  5 11  5 14  5 15  6 15  6 16  6 17  7 16  7 17  8 14  8 17  9 13  10 16
18 27  0 7  0 9  0 11  1 8  1 11  1 12  2 9  2 13  2 14  3 10  3 12  3 14  4 10  4 16  4 17  5 11  5 14  5 15  6 13  6 16  6 17  7 15  7 16  8 15  8 17  9 12  10 13
18 27  0 7  0 9  0 11  1 8  1 11  1 12  2 9  2 14  2 16  3 10  3 12  3 17  4 10  4 14  4 15  5 11  5 13  5 14  6 13  6 15  6 16  7 15  7 17  8 16  8 17  9 12  10 13
18 27  0 7  0 9  0 11  1 8  1 11  1 12  2 9  2 13  2 14  3 10  3 12  3 17  4 10  4 15  4 16  5 11  5 14  5 15  6 14  6 15  6 16  7 13  7 17  8 16  8 17  9 12  10 13
18 27  0 7  0 9  0 11  1 8  1 11  1 12  2 9  2 13  2 15  3 10  3 12  3 14  4 10  4 16  4 17  5 11  5 15  5 16  6 14  6 16  6 17  7 13  7 17  8 14  8 15  9 12  10 13
18 27  0 7  0 9  0 12  1 8  1 11  1 14  2 9  2 12  2 13  3 10  3 14  3 15  4 10  4 16  4 17  5 11  5 15  5 17  6 12  6 14  6 16  7 13  7 15  8 13  8 17  9 16  10 11
18 27  0 7  0 9  0 17  1 8  1 13  1 14  2 9  2 11  2 12  3 10  3 12  3 13  4 10  4 14  4 16  5 11  5 15  5 16  6 12  6 15  6 17  7 14  7 15  8 16  8 17  9 13  10 11
18 27  0 7  0 9  0 17  1 8  1 13  1 14  2 9  2 11  2 12  3 10  3 12  3 13  4 10  4 14  4 16  5 11  5 15  5 17  6 12  6 15  6 16  7 14  7 15  8 16  8 17  9 13  10 11
18 27  0 7  0 9  0 17  1 8  1 13  1 14  2 9  2 11  2 12  3 10  3 12  3 13  4 10  4 15  4 16  5 11  5 14  5 17  6 12  6 15  6 16  7 14  7 15  8 16  8 17  9 13  10 11
18 27  0 7  0 9  0 17  1 8  1 13  1 14  2 9  2 11  2 12  3 10  3 12  3 14  4 10  4 16  4 17  5 11  5 15  5 17  6 12  6 13  6 16  7 14  7 15  8 15  8 16  9 13  10 11
18 27  0 7  0 11  0 12  1 8  1 11  1 15  2 9  2 10  2 11  3 9  3 13  3 17  4 10  4 12  4 13  5 14  5 16  5 17  6 15  6 16  6 17  7 14  7 15  8 13  8 14  9 12  10 16
18 27  0 7  0 11  0 12  1 8  1 11  1 17  2 9  2 10  2 11  3 9  3 14  3 15  4 10  4 12  4 13  5 14  5 16  5 17  6 15  6 16  6 17  7 13  7 16  8 13  8 14  9 12  10 15
18 27  0 7  0 11  0 12  1 8  1 11  1 17  2 9  2 10  2 11  3 9  3 14  3 15  4 10  4 12  4 15  5 14  5 16  5 17  6 15  6 16  6 17  7 13  7 16  8 13  8 14  9 12  10 13
18 27  0 7  0 11  0 12  1 8  1 12  1 13  2 9  2 10  2 12  3 9  3 13  3 17  4 10  4 13  4 14  5 11  5 15  5 16  6 14  6 16  6 17  7 14  7 15  8 16  8 17  9 11  10 15
18 27  0 7  0 11  0 12  1 8  1 12  1 13  2 9  2 10  2 12  3 9  3 15  3 16  4 10  4 13  4 17  5 11  5 13  5 15  6 14  6 15  6 17  7 14  7 16  8 16  8 17  9 11  10 14
18 27  0 7  0 11  0 12  1 8  1 12  1 13  2 9  2 10  2 12  3 9  3 13  3 15  4 10  4 15  4 17  5 11  5 15  5 16  6 13  6 14  6 17  7 14  7 16  8 16  8 17  9 11  10 14
18 27  0 7  0 11  0 12  1 8  1 12  1 17  2 9  2 10  2 12  3 9  3 13  3 14  4 10  4 13  4 14  5 11  5 15  5 17  6 13  6 15  6 16  7 16  7 17  8 14  8 15  9 11  10 16
18 27  0 7  0 11  0 12  1 8  1 12  1 13  2 9  2 10  2 12  3 9  3 14  3 16  4 10  4 14  4 15  5 11  5 13  5 14  6 13  6 15  6 17  7 15  7 16  8 16  8 17  9 11  10 17
18 27  0 7  0 11  0 12  1 8  1 12  1 13  2 9  2 10  2 12  3 9  3 16  3 17  4 10  4 14  4 15  5 11  5 13  5 14  6 13  6 15  6 16  7 15  7 17  8 14  8 16  9 11  10 17
18 27  0 7  0 11  0 12  1 8  1 12  1 13  2 9  2 10  2 12  3 9  3 14  3 16  4 10  4 15  4 17  5 11  5 13  5 15  6 13  6 14  6 17  7 15  7 16  8 16  8 17  9 11  10 14
18 27  0 7  0 11  0 12  1 8  1 12  1 13  2 9  2 10  2 12  3 9  3 15  3 16  4 10  4 15  4 17  5 11  5 13  5 15  6 13  6 16  6 17  7 14  7 16  8 14  8 17  9 11  10 14
18 27  0 7  0 11  0 12  1 8  1 12  1 13  2 9  2 10  2 12  3 9  3 14  3 15  4 10  4 13  4 14  5 11  5 15  5 16  6 14  6 16  6 17  7 13  7 17  8 15  8 17  9 11  10 16
18 27  0 7  0 11  0 12  1 8  1 12  1 13  2 9  2 10  2 12  3 9  3 16  3 17  4 10  4 13  4 14  5 11  5 14  5 15  6 14  6 15  6 16  7 13  7 17  8 15  8 16  9 11  10 17
18 27  0 7  0 11  0 16  1 8  1 12  1 13  2 9  2 10  2 12  3 9  3 14  3 16  4 10  4 13  4 17  5 11  5 13  5 15  6 12  6 15  6 17  7 14  7 15  8 16  8 17  9 11  10 14
18 27  0 7  0 11  0 13  1 8  1 12  1 13  2 9  2 10  2 12  3 9  3 15  3 16  4 10  4 13  4 17  5 11  5 14  5 15  6 14  6 16  6 17  7 12  7 16  8 15  8 17  9 11  10 14
18 27  0 7  0 11  0 13  1 8  1 12  1 15  2 9  2 10  2 12  3 9  3 16  3 17  4 10  4 13  4 14  5 11  5 14  5 15  6 13  6 15  6 16  7 12  7 17  8 14  8 16  9 11  10 17
18 27  0 7  0 11  0 13  1 8  1 12  1 16  2 9  2 10  2 12  3 9  3 16  3 17  4 10  4 14  4 15  5 11  5 15  5 17  6 13  6 15  6 16  7 12  7 14  8 13  8 14  9 11  10 17
18 27  0 7  0 11  0 15  1 8  1 12  1 16  2 9  2 10  2 12  3 9  3 14  3 17  4 10  4 14  4 15  5 11  5 13  5 16  6 15  6 16  6 17  7 12  7 13  8 13  8 14  9 11  10 17
18 27  0 7  0 11  0 14  1 8  1 12  1 16  2 9  2 10  2 12  3 9  3 15  3 17  4 10  4 14  4 15  5 11  5 16  5 17  6 13  6 15  6 16  7 12  7 13  8 13  8 14  9 11  10 17
18 27  0 7  0 11  0 14  1 8  1 12  1 16  2 9  2 10  2 12  3 9  3 16  3 17  4 10  4 14  4 15  5 11  5 15  5 17  6 13  6 15  6 16  7 12  7 13  8 13  8 14  9 11  10 17
18 27  0 7  0 11  0 14  1 8  1 12  1 16  2 9  2 10  2 12  3 9  3 15  3 17  4 10  4 14  4 17  5 11  5 16  5 17  6 13  6 15  6 16  7 12  7 13  8 13  8 14  9 11  10 15
18 27  0 7  0 11  0 14  1 8  1 12  1 16  2 9  2 10  2 12  3 9  3 16  3 17  4 10  4 14  4 17  5 11  5 15  5 17  6 13  6 15  6 16  7 12  7 13  8 13  8 14  9 11  10 15
18 27  0 7  0 11  0 13  1 8  1 14  1 15  2 9  2 10  2 15  3 9  3 14  3 17  4 10  4 13  4 16  5 11  5 15  5 17  6 12  6 13  6 14  7 12  7 16  8 16  8 17  9 11  10 12
18 27  0 7  0 12  0 14  1 8  1 12  1 13  2 9  2 10  2 12  3 9  3 15  3 16  4 10  4 11  4 13  5 11  5 14  5 17  6 15  6 16  6 17  7 13  7 16  8 14  8 15  9 11  10 17
18 27  0 7  0 12  0 13  1 8  1 13  1 14  2 9  2 10  2 12  3 9  3 16  3 17  4 10  4 11  4 12  5 11  5 16  5 17  6 13  6 14  6 15  7 14  7 16  8 15  8 17  9 11  10 15
18 27  0 7  0 12  0 13  1 8  1 13  1 14  2 9  2 10  2 12  3 9  3 14  3 15  4 10  4 11  4 13  5 11  5 15  5 16  6 12  6 15  6 17  7 14  7 17  8 16  8 17  9 11  10 16
18 27  0 7  0 12  0 13  1 8  1 13  1 14  2 9  2 10  2 12  3 9  3 15  3 17  4 10  4 11  4 13  5 11  5 14  5 15  6 12  6 15  6 16  7 16  7 17  8 16  8 17  9 11  10 14
18 27  0 7  0 12  0 13  1 8  1 13  1 17  2 9  2 10  2 12  3 9  3 14  3 16  4 10  4 11  4 13  5 11  5 15  5 16  6 12  6 15  6 17  7 16  7 17  8 14  8 15  9 11  10 14
18 27  0 7  0 12  0 13  1 8  1 13  1 17  2 9  2 10  2 12  3 9  3 15  3 16  4 10  4 11  4 13  5 11  5 14  5 16  6 12  6 16  6 17  7 15  7 17  8 14  8 15  9 11  10 14
18 27  0 7  0 12  0 14  1 8  1 14  1 15  2 9  2 10  2 12  3 9  3 15  3 17  4 10  4 11  4 13  5 11  5 14  5 17  6 12  6 13  6 16  7 13  7 15  8 16  8 17  9 11  10 16
18 27  0 7  0 12  0 14  1 8  1 12  1 13  2 9  2 11  2 12  3 9  3 16  3 17  4 10  4 11  4 13  5 10  5 14  5 17  6 11  6 15  6 17  7 13  7 16  8 15  8 16  9 14  10 15
18 27  0 7  0 11  0 12  1 8  1 11  1 17  2 9  2 13  2 14  3 9  3 16  3 17  4 10  4 12  4 14  5 10  5 15  5 16  6 12  6 13  6 16  7 15  7 17  8 14  8 15  9 11  10 13
18 27  0 7  0 11  0 16  1 8  1 12  1 13  2 9  2 12  2 14  3 9  3 15  3 17  4 10  4 11  4 12  5 10  5 13  5 14  6 13  6 16  6 17  7 14  7 15  8 16  8 17  9 11  10 15
18 27  0 7  0 11  0 15  1 8  1 12  1 16  2 9  2 12  2 14  3 9  3 15  3 16  4 10  4 11  4 12  5 10  5 15  5 17  6 13  6 16  6 17  7 14  7 17  8 13  8 14  9 11  10 13
18 27  0 7  0 11  0 16  1 8  1 12  1 13  2 9  2 13  2 15  3 9  3 14  3 16  4 10  4 11  4 12  5 10  5 13  5 17  6 12  6 15  6 17  7 14  7 15  8 16  8 17  9 11  10 14
18 27  0 7  0 11  0 13  1 8  1 13  1 14  2 9  2 12  2 13  3 9  3 15  3 16  4 10  4 11  4 12  5 10  5 14  5 15  6 12  6 14  6 16  7 15  7 17  8 16  8 17  9 11  10 17
18 27  0 7  0 11  0 13  1 8  1 13  1 14  2 9  2 12  2 14  3 9  3 13  3 16  4 10  4 11  4 12  5 10  5 14  5 17  6 12  6 15  6 16  7 15  7 17  8 16  8 17  9 11  10 15
18 27  0 7  0 11  0 12  1 8  1 14  1 17  2 9  2 13  2 14  3 9  3 16  3 17  4 10  4 11  4 15  5 10  5 12  5 13  6 12  6 16  6 17  7 13  7 15  8 15  8 16  9 11  10 14
18 27  0 7  0 11  0 15  1 8  1 14  1 17  2 9  2 13  2 14  3 9  3 16  3 17  4 10  4 11  4 12  5 10  5 13  5 15  6 12  6 16  6 17  7 12  7 13  8 15  8 16  9 11  10 14
18 27  0 7  0 12  0 13  1 8  1 12  1 17  2 9  2 13  2 14  3 9  3 15  3 16  4 10  4 11  4 12  5 10  5 13  5 14  6 11  6 16  6 17  7 15  7 17  8 14  8 15  9 11  10 16
18 27  0 7  0 12  0 13  1 8  1 12  1 14  2 9  2 13  2 14  3 9  3 15  3 16  4 10  4 11  4 12  5 10  5 14  5 15  6 11  6 13  6 16  7 15  7 17  8 16  8 17  9 11  10 17
18 27  0 7  0 12  0 14  1 8  1 13  1 17  2 9  2 12  2 13  3 9  3 14  3 16  4 10  4 11  4 13  5 10  5 15  5 17  6 11  6 15  6 16  7 16  7 17  8 14  8 15  9 11  10 12
18 27  0 6  0 10  0 11  1 7  1 11  1 12  2 8  2 11  2 14  3 9  3 12  3 15  4 10  4 12  4 13  5 13  5 15  5 16  6 13  6 14  7 15  7 17  8 16  8 17  9 14  9 17  10 16
18 27  0 6  0 10  0 11  1 7  1 11  1 17  2 8  2 11  2 12  3 9  3 14  3 15  4 10  4 12  4 13  5 13  5 15  5 16  6 13  6 14  7 12  7 14  8 15  8 17  9 16  9 17  10 16
18 27  0 6  0 10  0 11  1 7  1 11  1 12  2 8  2 11  2 13  3 9  3 12  3 14  4 10  4 13  4 15  5 13  5 14  5 17  6 14  6 16  7 15  7 16  8 15  8 17  9 16  9 17  10 12
18 27  0 6  0 10  0 11  1 7  1 11  1 12  2 8  2 11  2 13  3 9  3 12  3 14  4 10  4 13  4 16  5 13  5 14  5 17  6 14  6 15  7 15  7 16  8 15  8 17  9 16  9 17  10 12
18 27  0 6  0 10  0 11  1 7  1 11  1 12  2 8  2 11  2 16  3 9  3 12  3 13  4 10  4 16  4 17  5 13  5 15  5 16  6 15  6 17  7 14  7 17  8 13  8 14  9 14  9 15  10 12
18 27  0 6  0 10  0 11  1 7  1 11  1 12  2 8  2 11  2 16  3 9  3 12  3 17  4 10  4 16  4 17  5 13  5 15  5 16  6 13  6 14  7 15  7 17  8 13  8 14  9 14  9 15  10 12
18 27  0 6  0 10  0 11  1 7  1 11  1 12  2 8  2 11  2 14  3 9  3 12  3 13  4 10  4 14  4 16  5 14  5 15  5 17  6 15  6 16  7 13  7 15  8 13  8 17  9 16  9 17  10 12
18 27  0 6  0 10  0 11  1 7  1 11  1 12  2 8  2 11  2 15  3 9  3 12  3 15  4 10  4 14  4 17  5 13  5 16  5 17  6 15  6 16  7 16  7 17  8 13  8 14  9 13  9 14  10 12
18 27  0 6  0 10  0 11  1 7  1 11  1 13  2 8  2 11  2 12  3 9  3 14  3 15  4 10  4 13  4 14  5 13  5 16  5 17  6 15  6 17  7 12  7 14  8 15  8 16  9 16  9 17  10 12
18 27  0 6  0 10  0 11  1 7  1 11  1 13  2 8  2 11  2 12  3 9  3 14  3 15  4 10  4 15  4 16  5 13  5 16  5 17  6 13  6 14  7 12  7 14  8 15  8 17  9 16  9 17  10 12
18 27  0 6  0 10  0 11  1 7  1 11  1 15  2 8  2 12  2 13  3 9  3 14  3 17  4 10  4 11  4 12  5 13  5 16  5 17  6 12  6 14  7 13  7 14  8 16  8 17  9 15  9 16  10 15
18 27  0 6  0 10  0 11  1 7  1 11  1 12  2 8  2 12  2 13  3 9  3 13  3 14  4 10  4 11  4 16  5 15  5 16  5 17  6 13  6 15  7 14  7 17  8 14  8 15  9 16  9 17  10 12
18 27  0 6  0 10  0 11  1 7  1 11  1 12  2 8  2 12  2 15  3 9  3 13  3 14  4 10  4 11  4 13  5 14  5 15  5 16  6 13  6 16  7 14  7 17  8 16  8 17  9 15  9 17  10 12
18 27  0 6  0 10  0 15  1 7  1 11  1 16  2 8  2 11  2 13  3 9  3 14  3 15  4 10  4 11  4 12  5 15  5 16  5 17  6 13  6 14  7 12  7 13  8 12  8 17  9 16  9 17  10 14
18 27  0 6  0 10  0 11  1 7  1 11  1 12  2 8  2 12  2 13  3 9  3 12  3 17  4 10  4 13  4 16  5 11  5 13  5 14  6 15  6 16  7 16  7 17  8 15  8 17  9 14  9 15  10 14
18 27  0 6  0 10  0 11  1 7  1 11  1 12  2 8  2 12  2 13  3 9  3 13  3 14  4 10  4 12  4 16  5 11  5 15  5 16  6 14  6 15  7 14  7 17  8 15  8 17  9 16  9 17  10 13
18 27  0 6  0 10  0 11  1 7  1 11  1 12  2 8  2 12  2 13  3 9  3 13  3 14  4 10  4 14  4 15  5 11  5 15  5 16  6 12  6 16  7 14  7 17  8 15  8 17  9 16  9 17  10 13
18 27  0 6  0 10  0 11  1 7  1 11  1 12  2 8  2 12  2 13  3 9  3 13  3 14  4 10  4 14  4 17  5 11  5 15  5 16  6 12  6 15  7 14  7 16  8 16  8 17  9 15  9 17  10 13
18 27  0 6  0 10  0 11  1 7  1 11  1 12  2 8  2 12  2 13  3 9  3 13  3 17  4 10  4 15  4 17  5 11  5 14  5 16  6 12  6 14  7 15  7 16  8 16  8 17  9 14  9 15  10 13
18 27  0 6  0 10  0 11  1 7  1 11  1 12  2 8  2 13  2 16  3 9  3 13  3 14  4 10  4 12  4 13  5 11  5 16  5 17  6 12  6 14  7 16  7 17  8 14  8 15  9 15  9 17  10 15
18 27  0 6  0 10  0 16  1 7  1 11  1 13  2 8  2 11  2 12  3 9  3 12  3 13  4 10  4 13  4 15  5 11  5 14  5 16  6 14  6 15  7 12  7 17  8 15  8 17  9 16  9 17  10 14
18 27  0 6  0 10  0 14  1 7  1 12  1 14  2 8  2 12  2 13  3 9  3 14  3 15  4 10  4 11  4 12  5 11  5 15  5 17  6 11  6 13  7 13  7 16  8 15  8 16  9 16  9 17  10 17
18 27  0 6  0 11  0 12  1 7  1 11  1 12  2 8  2 11  2 13  3 9  3 12  3 13  4 10  4 13  4 14  5 10  5 15  5 17  6 14  6 15  7 16  7 17  8 14  8 15  9 16  9 17  10 16
18 27  0 6  0 11  0 12  1 7  1 11  1 15  2 8  2 12  2 13  3 9  3 12  3 14  4 10  4 13  4 14  5 10  5 15  5 16  6 13  6 16  7 14  7 17  8 15  8 17  9 16  9 17  10 11
18 27  0 6  0 11  0 12  1 7  1 11  1 14  2 8  2 12  2 13  3 9  3 12  3 15  4 10  4 13  4 14  5 10  5 15  5 17  6 13  6 16  7 16  7 17  8 15  8 16  9 14  9 17  10 11
18 27  0 6  0 11  0 12  1 7  1 11  1 14  2 8  2 12  2 13  3 9  3 12  3 17  4 10  4 13  4 14  5 10  5 15  5 16  6 16  6 17  7 13  7 16  8 15  8 17  9 14  9 15  10 11
18 27  0 6  0 11  0 12  1 7  1 11  1 13  2 8  2 12  2 16  3 9  3 13  3 14  4 10  4 12  4 13  5 10  5 15  5 16  6 14  6 17  7 15  7 17  8 14  8 15  9 16  9 17  10 11
18 27  0 6  0 11  0 12  1 7  1 11  1 15  2 8  2 12  2 13  3 9  3 13  3 14  4 10  4 12  4 14  5 10  5 15  5 16  6 13  6 16  7 14  7 17  8 16  8 17  9 15  9 17  10 11
