8 16  0 2  0 5  0 6  0 7  1 3  1 4  1 7  2 5  2 6  2 7  3 4  3 5  3 7  4 6  4 7  5 6
8 17  0 2  0 4  0 5  1 3  1 6  1 7  2 3  2 4  2 5  3 6  3 7  4 5  4 6  4 7  5 6  5 7  6 7
9 16  0 7  0 8  1 4  1 5  1 6  1 8  2 5  2 7  2 8  3 6  3 7  3 8  4 5  4 6  4 8  5 6
9 16  0 7  0 8  1 4  1 5  1 6  1 8  2 5  2 7  2 8  3 6  3 7  3 8  4 5  4 6  4 7  5 6
9 17  0 7  0 8  1 4  1 5  1 6  2 6  2 7  2 8  3 4  3 5  3 7  3 8  4 5  4 6  4 8  5 6  5 8
9 16  0 7  0 8  1 4  1 5  1 6  1 8  2 6  2 7  2 8  3 4  3 5  3 7  3 8  4 5  4 6  5 6
9 16  0 4  0 5  0 6  1 7  1 8  2 5  2 7  2 8  3 6  3 7  3 8  4 5  4 6  4 7  4 8  5 6
9 16  0 4  0 5  0 8  1 6  1 7  1 8  2 6  2 7  2 8  3 4  3 6  3 7  4 5  4 8  5 6  5 8
9 16  0 5  0 6  0 7  0 8  1 3  1 4  2 3  2 4  2 5  3 7  3 8  4 8  5 6  5 7  6 7  6 8
9 19  0 5  0 6  0 7  1 2  1 3  1 4  1 8  2 3  2 4  2 8  3 4  3 8  4 8  5 6  5 7  5 8  6 7  6 8  7 8
10 16  0 6  0 9  1 7  1 8  2 6  2 8  2 9  3 7  3 8  3 9  4 5  4 6  4 9  5 7  5 8  6 7
10 16  0 8  0 9  1 6  1 7  1 9  2 5  2 8  2 9  3 7  3 8  3 9  4 6  4 7  4 8  5 6  5 7
10 16  0 8  0 9  1 6  1 7  1 9  2 5  2 8  2 9  3 6  3 8  3 9  4 6  4 7  4 9  5 6  5 7
10 16  0 6  0 8  0 9  1 5  1 7  2 6  2 8  2 9  3 7  3 8  3 9  4 5  4 7  4 9  5 6  6 7
10 17  0 6  0 9  1 7  1 8  2 5  2 6  2 9  3 4  3 7  3 8  4 5  4 6  4 9  5 7  5 8  6 7  8 9
10 15  0 8  0 9  1 6  1 7  1 9  2 4  2 8  2 9  3 5  3 8  3 9  4 6  4 7  5 6  5 7
10 16  0 6  0 9  1 7  1 8  2 4  2 6  2 9  3 5  3 6  3 9  4 7  4 8  5 7  5 8  7 9  8 9
10 18  0 7  0 8  1 4  1 5  1 6  1 9  2 7  2 8  2 9  3 7  3 8  3 9  4 5  4 6  4 9  5 6  5 9  6 9
10 18  0 7  0 8  0 9  1 4  1 5  1 6  2 7  2 8  2 9  3 7  3 8  3 9  4 5  4 6  4 9  5 6  5 9  6 9
10 17  0 6  0 9  1 7  1 8  2 3  2 6  2 9  3 7  3 8  4 5  4 6  4 8  4 9  5 7  5 8  5 9  8 9
11 17  0 8  0 9  0 10  1 6  1 7  2 8  2 9  2 10  3 8  3 9  3 10  4 6  4 7  4 10  5 6  5 7  5 10
