20 30  0 10  0 11  0 12  1 10  1 11  1 12  2 10  2 12  2 13  3 11  3 16  3 19  4 13  4 14  4 15  5 13  5 17  5 18  6 14  6 15  6 16  7 14  7 15  7 16  8 17  8 18  8 19  9 17  9 18  9 19
20 30  0 10  0 11  0 12  1 10  1 11  1 12  2 10  2 12  2 16  3 11  3 13  3 16  4 13  4 14  4 15  5 13  5 14  5 15  6 14  6 15  6 19  7 16  7 17  7 18  8 17  8 18  8 19  9 17  9 18  9 19
20 30  0 10  0 11  0 12  1 10  1 11  1 13  2 10  2 15  2 17  3 11  3 16  3 18  4 12  4 14  4 15  5 12  5 17  5 18  6 13  6 14  6 16  7 13  7 17  7 19  8 14  8 18  8 19  9 15  9 16  9 19
20 30  0 10  0 11  0 12  1 10  1 13  1 15  2 10  2 13  2 16  3 11  3 13  3 14  4 11  4 17  4 18  5 12  5 14  5 15  6 12  6 14  6 16  7 15  7 16  7 19  8 17  8 18  8 19  9 17  9 18  9 19
20 30  0 10  0 11  0 12  1 10  1 13  1 14  2 10  2 16  2 19  3 11  3 13  3 15  4 11  4 17  4 18  5 12  5 14  5 19  6 12  6 15  6 18  7 13  7 15  7 16  8 14  8 16  8 17  9 17  9 18  9 19
20 30  0 10  0 11  0 12  1 10  1 13  1 14  2 10  2 15  2 17  3 11  3 13  3 15  4 11  4 18  4 19  5 12  5 14  5 16  6 12  6 16  6 19  7 13  7 16  7 18  8 14  8 17  8 18  9 15  9 17  9 19
20 30  0 10  0 11  0 12  1 10  1 13  1 14  2 10  2 15  2 17  3 11  3 13  3 15  4 11  4 17  4 18  5 12  5 14  5 16  6 12  6 16  6 18  7 13  7 18  7 19  8 14  8 17  8 19  9 15  9 16  9 19
20 30  0 9  0 10  0 19  1 10  1 11  1 12  2 11  2 12  2 14  3 11  3 13  3 17  4 12  4 16  4 18  5 13  5 14  5 15  6 14  6 16  6 17  7 15  7 18  7 19  8 17  8 18  8 19  9 15  9 16  10 13
20 30  0 9  0 10  0 19  1 10  1 11  1 12  2 11  2 14  2 15  3 11  3 15  3 16  4 12  4 16  4 17  5 12  5 18  5 19  6 13  6 16  6 18  7 14  7 17  7 19  8 15  8 17  8 18  9 13  9 14  10 13
20 30  0 9  0 10  0 14  1 10  1 11  1 12  2 11  2 12  2 19  3 11  3 15  3 16  4 13  4 14  4 15  5 13  5 17  5 18  6 14  6 16  6 18  7 15  7 16  7 19  8 17  8 18  8 19  9 12  9 13  10 17
20 30  0 9  0 10  0 14  1 10  1 11  1 12  2 11  2 13  2 15  3 11  3 16  3 19  4 12  4 17  4 18  5 13  5 14  5 16  6 14  6 18  6 19  7 15  7 16  7 17  8 15  8 17  8 18  9 12  9 13  10 19
20 30  0 9  0 10  0 14  1 10  1 11  1 12  2 11  2 14  2 15  3 11  3 15  3 19  4 12  4 16  4 19  5 13  5 15  5 16  6 13  6 17  6 18  7 14  7 16  7 17  8 17  8 18  8 19  9 12  9 13  10 18
20 30  0 9  0 10  0 14  1 10  1 11  1 12  2 11  2 14  2 15  3 11  3 15  3 19  4 12  4 16  4 18  5 13  5 15  5 16  6 13  6 17  6 19  7 14  7 17  7 18  8 16  8 18  8 19  9 12  9 13  10 17
20 30  0 9  0 11  0 13  1 10  1 11  1 12  2 10  2 18  2 19  3 11  3 17  3 19  4 12  4 15  4 16  5 13  5 14  5 15  6 13  6 18  6 19  7 14  7 16  7 17  8 15  8 16  8 18  9 12  9 17  10 14
20 30  0 9  0 11  0 12  1 10  1 12  1 13  2 10  2 12  2 18  3 11  3 13  3 15  4 11  4 18  4 19  5 13  5 15  5 17  6 14  6 15  6 16  7 14  7 16  7 19  8 17  8 18  8 19  9 16  9 17  10 14
20 30  0 9  0 11  0 12  1 10  1 12  1 13  2 10  2 12  2 16  3 11  3 14  3 15  4 11  4 18  4 19  5 13  5 14  5 15  6 13  6 17  6 18  7 15  7 16  7 17  8 16  8 18  8 19  9 17  9 19  10 14
20 30  0 9  0 11  0 12  1 10  1 18  1 19  2 10  2 18  2 19  3 11  3 12  3 13  4 11  4 12  4 13  5 13  5 14  5 15  6 14  6 15  6 16  7 14  7 15  7 16  8 16  8 17  8 18  9 17  9 19  10 17
20 30  0 9  0 11  0 12  1 10  1 12  1 13  2 10  2 13  2 18  3 11  3 13  3 15  4 11  4 15  4 19  5 12  5 16  5 19  6 14  6 15  6 16  7 14  7 16  7 17  8 17  8 18  8 19  9 17  9 18  10 14
20 30  0 9  0 11  0 12  1 10  1 12  1 13  2 10  2 13  2 18  3 11  3 13  3 15  4 11  4 17  4 19  5 12  5 15  5 17  6 14  6 16  6 17  7 15  7 18  7 19  8 16  8 18  8 19  9 14  9 16  10 14
20 30  0 9  0 11  0 12  1 10  1 12  1 13  2 10  2 13  2 14  3 11  3 14  3 15  4 11  4 18  4 19  5 12  5 15  5 19  6 13  6 15  6 16  7 14  7 16  7 17  8 16  8 17  8 19  9 17  9 18  10 18
20 30  0 9  0 11  0 12  1 10  1 12  1 13  2 10  2 13  2 14  3 11  3 14  3 15  4 11  4 16  4 17  5 12  5 18  5 19  6 13  6 15  6 16  7 14  7 17  7 18  8 16  8 18  8 19  9 15  9 17  10 19
20 30  0 9  0 11  0 12  1 10  1 12  1 13  2 10  2 13  2 14  3 11  3 14  3 15  4 11  4 17  4 18  5 12  5 16  5 17  6 13  6 15  6 19  7 14  7 16  7 19  8 17  8 18  8 19  9 15  9 16  10 18
20 30  0 9  0 11  0 12  1 10  1 12  1 13  2 10  2 13  2 14  3 11  3 14  3 15  4 11  4 16  4 19  5 12  5 17  5 18  6 13  6 16  6 17  7 14  7 18  7 19  8 15  8 16  8 17  9 15  9 19  10 18
20 30  0 9  0 11  0 12  1 10  1 12  1 13  2 10  2 13  2 17  3 11  3 14  3 15  4 11  4 14  4 18  5 12  5 16  5 19  6 13  6 15  6 16  7 15  7 17  7 19  8 16  8 17  8 18  9 18  9 19  10 14
20 30  0 9  0 11  0 12  1 10  1 12  1 13  2 10  2 13  2 15  3 11  3 14  3 19  4 11  4 15  4 16  5 12  5 16  5 17  6 13  6 18  6 19  7 15  7 18  7 19  8 16  8 17  8 18  9 14  9 17  10 14
20 30  0 9  0 11  0 12  1 10  1 13  1 14  2 10  2 14  2 15  3 11  3 12  3 13  4 11  4 15  4 16  5 12  5 17  5 19  6 13  6 18  6 19  7 14  7 16  7 17  8 15  8 17  8 18  9 16  9 18  10 19
20 30  0 9  0 12  0 19  1 10  1 11  1 12  2 10  2 15  2 17  3 11  3 12  3 15  4 11  4 18  4 19  5 13  5 14  5 16  6 14  6 17  6 18  7 15  7 16  7 17  8 16  8 18  8 19  9 13  9 14  10 13
20 30  0 9  0 12  0 13  1 10  1 11  1 12  2 10  2 13  2 14  3 11  3 13  3 15  4 11  4 18  4 19  5 12  5 14  5 16  6 14  6 17  6 18  7 15  7 16  7 17  8 16  8 18  8 19  9 15  9 17  10 19
20 30  0 9  0 12  0 13  1 10  1 11  1 12  2 10  2 13  2 18  3 11  3 13  3 15  4 11  4 16  4 17  5 12  5 18  5 19  6 14  6 15  6 16  7 14  7 16  7 19  8 17  8 18  8 19  9 15  9 17  10 14
20 30  0 9  0 12  0 13  1 10  1 11  1 12  2 10  2 13  2 16  3 11  3 14  3 15  4 11  4 16  4 17  5 12  5 18  5 19  6 13  6 14  6 15  7 15  7 17  7 18  8 16  8 18  8 19  9 17  9 19  10 14
20 30  0 9  0 12  0 13  1 10  1 11  1 12  2 10  2 14  2 15  3 11  3 13  3 14  4 11  4 18  4 19  5 12  5 15  5 16  6 13  6 16  6 17  7 14  7 17  7 18  8 15  8 16  8 19  9 17  9 18  10 19
20 30  0 9  0 12  0 13  1 10  1 11  1 12  2 10  2 17  2 18  3 11  3 13  3 15  4 11  4 15  4 17  5 12  5 18  5 19  6 13  6 14  6 19  7 14  7 15  7 16  8 16  8 18  8 19  9 16  9 17  10 14
20 30  0 9  0 12  0 13  1 10  1 11  1 12  2 10  2 18  2 19  3 11  3 13  3 15  4 11  4 17  4 18  5 12  5 15  5 16  6 13  6 15  6 19  7 14  7 16  7 17  8 14  8 17  8 19  9 16  9 18  10 14
20 30  0 9  0 12  0 13  1 10  1 11  1 12  2 10  2 18  2 19  3 11  3 14  3 15  4 11  4 16  4 17  5 12  5 14  5 19  6 13  6 15  6 16  7 13  7 16  7 19  8 15  8 17  8 18  9 17  9 18  10 14
20 30  0 9  0 12  0 13  1 10  1 11  1 12  2 10  2 18  2 19  3 11  3 14  3 15  4 11  4 16  4 17  5 12  5 17  5 18  6 13  6 15  6 16  7 13  7 16  7 19  8 15  8 17  8 18  9 14  9 19  10 14
20 30  0 9  0 13  0 14  1 10  1 11  1 12  2 10  2 12  2 13  3 11  3 14  3 15  4 11  4 16  4 17  5 12  5 15  5 16  6 13  6 14  6 19  7 15  7 18  7 19  8 17  8 18  8 19  9 16  9 17  10 18
20 30  0 9  0 14  0 15  1 10  1 11  1 12  2 10  2 12  2 13  3 11  3 13  3 16  4 11  4 14  4 17  5 12  5 15  5 19  6 13  6 16  6 18  7 14  7 15  7 16  8 17  8 18  8 19  9 18  9 19  10 17
20 30  0 9  0 15  0 16  1 10  1 11  1 12  2 10  2 12  2 13  3 11  3 14  3 17  4 11  4 14  4 18  5 12  5 16  5 17  6 13  6 14  6 15  7 13  7 18  7 19  8 15  8 16  8 19  9 17  9 18  10 19
20 30  0 9  0 13  0 14  1 10  1 11  1 12  2 10  2 12  2 16  3 11  3 14  3 15  4 11  4 17  4 19  5 12  5 17  5 18  6 13  6 16  6 17  7 14  7 18  7 19  8 15  8 16  8 18  9 15  9 19  10 13
20 30  0 9  0 13  0 14  1 10  1 11  1 12  2 10  2 14  2 16  3 11  3 12  3 13  4 11  4 17  4 19  5 12  5 18  5 19  6 13  6 18  6 19  7 14  7 16  7 17  8 15  8 16  8 18  9 15  9 17  10 15
20 30  0 9  0 13  0 14  1 10  1 11  1 12  2 10  2 14  2 19  3 11  3 12  3 13  4 11  4 17  4 18  5 12  5 17  5 18  6 13  6 18  6 19  7 14  7 16  7 17  8 15  8 16  8 19  9 15  9 16  10 15
20 30  0 9  0 13  0 14  1 10  1 11  1 12  2 10  2 16  2 17  3 11  3 12  3 15  4 11  4 13  4 19  5 12  5 18  5 19  6 14  6 15  6 16  7 14  7 16  7 18  8 17  8 18  8 19  9 15  9 17  10 13
20 30  0 9  0 13  0 14  1 10  1 11  1 12  2 10  2 14  2 15  3 11  3 13  3 16  4 11  4 16  4 17  5 12  5 15  5 16  6 12  6 18  6 19  7 13  7 18  7 19  8 14  8 15  8 19  9 17  9 18  10 17
20 30  0 9  0 13  0 14  1 10  1 11  1 12  2 10  2 17  2 19  3 11  3 14  3 15  4 11  4 14  4 19  5 12  5 16  5 18  6 12  6 18  6 19  7 13  7 15  7 16  8 15  8 17  8 18  9 16  9 17  10 13
20 30  0 9  0 16  0 18  1 10  1 11  1 12  2 10  2 18  2 19  3 11  3 14  3 16  4 11  4 14  4 17  5 12  5 15  5 16  6 12  6 15  6 17  7 13  7 14  7 15  8 13  8 18  8 19  9 17  9 19  10 13
20 30  0 9  0 12  0 15  1 10  1 15  1 16  2 10  2 16  2 17  3 11  3 12  3 13  4 11  4 12  4 19  5 11  5 14  5 16  6 13  6 17  6 18  7 14  7 17  7 18  8 15  8 18  8 19  9 13  9 14  10 19
20 30  0 9  0 14  0 15  1 10  1 13  1 14  2 10  2 15  2 19  3 11  3 12  3 13  4 11  4 12  4 15  5 11  5 14  5 18  6 12  6 16  6 17  7 13  7 16  7 17  8 17  8 18  8 19  9 18  9 19  10 16
20 30  0 9  0 11  0 12  1 10  1 13  1 14  2 10  2 15  2 18  3 11  3 12  3 13  4 12  4 16  4 19  5 13  5 17  5 18  6 14  6 15  6 16  7 14  7 15  7 19  8 17  8 18  8 19  9 16  9 17  10 11
20 30  0 9  0 11  0 12  1 10  1 13  1 14  2 10  2 18  2 19  3 11  3 12  3 13  4 12  4 15  4 18  5 13  5 16  5 17  6 14  6 15  6 16  7 14  7 17  7 19  8 15  8 17  8 18  9 16  9 19  10 11
20 30  0 9  0 13  0 19  1 10  1 12  1 13  2 10  2 18  2 19  3 11  3 14  3 15  4 11  4 16  4 17  5 12  5 13  5 14  6 12  6 16  6 17  7 14  7 15  7 18  8 17  8 18  8 19  9 15  9 16  10 11
20 30  0 9  0 14  0 15  1 9  1 16  1 17  2 10  2 12  2 13  3 10  3 13  3 14  4 11  4 12  4 15  5 11  5 15  5 16  6 13  6 17  6 18  7 14  7 18  7 19  8 16  8 17  8 19  9 12  10 19  11 18
20 30  0 9  0 14  0 17  1 9  1 15  1 18  2 10  2 12  2 13  3 10  3 14  3 15  4 11  4 13  4 14  5 11  5 18  5 19  6 12  6 13  6 19  7 15  7 16  7 17  8 16  8 17  8 19  9 12  10 18  11 16
20 30  0 9  0 16  0 17  1 9  1 17  1 19  2 10  2 12  2 13  3 10  3 14  3 18  4 11  4 13  4 16  5 11  5 16  5 18  6 12  6 13  6 19  7 14  7 15  7 17  8 15  8 18  8 19  9 12  10 15  11 14
20 30  0 9  0 15  0 17  1 9  1 18  1 19  2 10  2 12  2 13  3 10  3 14  3 19  4 11  4 13  4 14  5 11  5 14  5 15  6 12  6 15  6 19  7 13  7 16  7 17  8 16  8 17  8 18  9 12  10 16  11 18
20 30  0 9  0 16  0 17  1 9  1 18  1 19  2 10  2 12  2 13  3 10  3 14  3 19  4 11  4 15  4 17  5 11  5 17  5 18  6 12  6 15  6 19  7 13  7 14  7 16  8 13  8 16  8 18  9 12  10 15  11 14
20 30  0 9  0 13  0 15  1 9  1 14  1 17  2 10  2 12  2 14  3 10  3 16  3 19  4 11  4 14  4 15  5 11  5 15  5 16  6 12  6 18  6 19  7 13  7 17  7 18  8 16  8 17  8 18  9 12  10 13  11 19
20 30  0 9  0 14  0 17  1 9  1 15  1 19  2 10  2 16  2 17  3 10  3 16  3 19  4 11  4 13  4 14  5 11  5 13  5 15  6 12  6 15  6 16  7 12  7 18  7 19  8 14  8 17  8 18  9 12  10 13  11 18
20 30  0 8  0 11  0 12  1 9  1 11  1 19  2 10  2 12  2 18  3 11  3 12  3 13  4 13  4 16  4 17  5 13  5 16  5 18  6 14  6 15  6 17  7 14  7 18  7 19  8 17  8 19  9 14  9 15  10 15  10 16
20 30  0 8  0 11  0 12  1 9  1 11  1 18  2 10  2 12  2 16  3 11  3 12  3 13  4 13  4 14  4 15  5 13  5 18  5 19  6 16  6 17  6 18  7 16  7 17  7 19  8 14  8 17  9 14  9 15  10 15  10 19
20 30  0 8  0 11  0 12  1 9  1 11  1 13  2 10  2 12  2 13  3 11  3 14  3 17  4 12  4 15  4 19  5 13  5 15  5 16  6 14  6 18  6 19  7 16  7 17  7 18  8 14  8 15  9 16  9 18  10 17  10 19
20 30  0 8  0 11  0 12  1 9  1 11  1 14  2 10  2 12  2 13  3 11  3 14  3 17  4 12  4 18  4 19  5 13  5 14  5 15  6 15  6 16  6 19  7 16  7 17  7 18  8 15  8 16  9 13  9 18  10 17  10 19
20 30  0 8  0 11  0 12  1 9  1 11  1 14  2 10  2 12  2 13  3 11  3 17  3 18  4 12  4 14  4 17  5 13  5 15  5 16  6 14  6 15  6 16  7 15  7 17  7 18  8 16  8 19  9 13  9 19  10 18  10 19
20 30  0 8  0 11  0 12  1 9  1 11  1 14  2 10  2 12  2 13  3 11  3 18  3 19  4 12  4 14  4 15  5 13  5 15  5 16  6 14  6 16  6 18  7 16  7 17  7 18  8 15  8 17  9 13  9 19  10 17  10 19
20 30  0 8  0 11  0 13  1 9  1 11  1 12  2 10  2 13  2 14  3 11  3 14  3 15  4 12  4 15  4 16  5 13  5 18  5 19  6 14  6 15  6 19  7 16  7 17  7 18  8 12  8 19  9 17  9 18  10 16  10 17
20 30  0 8  0 11  0 13  1 9  1 11  1 12  2 10  2 13  2 14  3 11  3 16  3 19  4 12  4 15  4 16  5 13  5 14  5 15  6 14  6 16  6 17  7 15  7 17  7 18  8 12  8 19  9 17  9 18  10 18  10 19
20 30  0 8  0 11  0 13  1 9  1 11  1 12  2 10  2 13  2 14  3 11  3 18  3 19  4 12  4 15  4 19  5 13  5 14  5 19  6 14  6 15  6 16  7 16  7 17  7 18  8 12  8 15  9 16  9 17  10 17  10 18
20 30  0 8  0 11  0 12  1 9  1 12  1 13  2 10  2 12  2 19  3 11  3 13  3 14  4 11  4 14  4 15  5 13  5 18  5 19  6 14  6 16  6 19  7 16  7 17  7 18  8 17  8 18  9 15  9 17  10 15  10 16
20 30  0 8  0 11  0 12  1 9  1 12  1 13  2 10  2 12  2 14  3 11  3 13  3 15  4 11  4 15  4 19  5 13  5 17  5 18  6 14  6 15  6 16  7 14  7 16  7 19  8 17  8 18  9 16  9 17  10 18  10 19
20 30  0 8  0 11  0 12  1 9  1 12  1 13  2 10  2 12  2 19  3 11  3 14  3 17  4 11  4 14  4 18  5 13  5 14  5 15  6 15  6 16  6 17  7 16  7 18  7 19  8 13  8 18  9 17  9 19  10 15  10 16
20 30  0 8  0 11  0 12  1 9  1 12  1 19  2 10  2 12  2 13  3 11  3 14  3 15  4 11  4 15  4 18  5 13  5 15  5 16  6 14  6 16  6 17  7 16  7 17  7 19  8 17  8 18  9 13  9 14  10 18  10 19
20 30  0 8  0 11  0 12  1 9  1 12  1 19  2 10  2 12  2 13  3 11  3 14  3 15  4 11  4 15  4 16  5 13  5 16  5 17  6 14  6 18  6 19  7 15  7 17  7 18  8 16  8 18  9 13  9 14  10 17  10 19
20 30  0 8  0 11  0 12  1 9  1 12  1 17  2 10  2 12  2 13  3 11  3 14  3 15  4 11  4 16  4 17  5 13  5 15  5 19  6 14  6 18  6 19  7 16  7 17  7 18  8 15  8 16  9 13  9 14  10 18  10 19
20 30  0 8  0 11  0 12  1 9  1 12  1 19  2 10  2 12  2 13  3 11  3 15  3 16  4 11  4 16  4 19  5 13  5 18  5 19  6 14  6 16  6 17  7 15  7 17  7 18  8 17  8 18  9 13  9 14  10 14  10 15
20 30  0 8  0 11  0 12  1 9  1 12  1 13  2 10  2 13  2 17  3 11  3 12  3 19  4 11  4 13  4 14  5 14  5 15  5 16  6 15  6 18  6 19  7 16  7 17  7 18  8 17  8 18  9 16  9 19  10 14  10 15
20 30  0 8  0 11  0 12  1 9  1 12  1 13  2 10  2 13  2 14  3 11  3 12  3 18  4 11  4 15  4 16  5 13  5 14  5 15  6 15  6 16  6 19  7 17  7 18  7 19  8 14  8 17  9 16  9 17  10 18  10 19
20 30  0 8  0 11  0 12  1 9  1 12  1 13  2 10  2 13  2 14  3 11  3 12  3 18  4 11  4 15  4 16  5 13  5 14  5 19  6 15  6 17  6 18  7 17  7 18  7 19  8 14  8 15  9 16  9 19  10 16  10 17
20 30  0 8  0 11  0 12  1 9  1 12  1 15  2 10  2 13  2 14  3 11  3 12  3 13  4 11  4 17  4 18  5 13  5 16  5 19  6 14  6 15  6 16  7 14  7 17  7 18  8 16  8 17  9 18  9 19  10 15  10 19
20 30  0 8  0 11  0 12  1 9  1 12  1 18  2 10  2 13  2 14  3 11  3 12  3 13  4 11  4 15  4 16  5 13  5 16  5 19  6 14  6 15  6 19  7 17  7 18  7 19  8 16  8 17  9 14  9 15  10 17  10 18
20 30  0 8  0 11  0 12  1 9  1 12  1 13  2 10  2 15  2 16  3 11  3 12  3 14  4 11  4 17  4 19  5 13  5 14  5 15  6 14  6 18  6 19  7 15  7 16  7 19  8 13  8 18  9 16  9 17  10 17  10 18
20 30  0 8  0 11  0 12  1 9  1 13  1 14  2 10  2 14  2 15  3 11  3 12  3 13  4 11  4 12  4 13  5 14  5 15  5 16  6 17  6 18  6 19  7 17  7 18  7 19  8 17  8 18  9 15  9 16  10 16  10 19
20 30  0 8  0 11  0 12  1 9  1 12  1 13  2 10  2 13  2 18  3 11  3 13  3 14  4 11  4 14  4 17  5 12  5 18  5 19  6 15  6 16  6 19  7 17  7 18  7 19  8 15  8 16  9 16  9 17  10 14  10 15
20 30  0 8  0 11  0 12  1 9  1 12  1 13  2 10  2 13  2 17  3 11  3 13  3 14  4 11  4 15  4 16  5 12  5 16  5 18  6 14  6 18  6 19  7 17  7 18  7 19  8 17  8 19  9 15  9 16  10 14  10 15
20 30  0 8  0 11  0 12  1 9  1 12  1 13  2 10  2 13  2 18  3 11  3 13  3 14  4 11  4 15  4 16  5 12  5 18  5 19  6 14  6 17  6 19  7 17  7 18  7 19  8 16  8 17  9 15  9 16  10 14  10 15
20 30  0 8  0 11  0 12  1 9  1 12  1 13  2 10  2 13  2 18  3 11  3 13  3 14  4 11  4 15  4 16  5 12  5 18  5 19  6 15  6 16  6 19  7 17  7 18  7 19  8 14  8 17  9 16  9 17  10 14  10 15
20 30  0 8  0 11  0 12  1 9  1 12  1 13  2 10  2 13  2 14  3 11  3 14  3 16  4 11  4 17  4 19  5 12  5 13  5 15  6 14  6 16  6 18  7 15  7 16  7 17  8 15  8 19  9 18  9 19  10 17  10 18
20 30  0 8  0 11  0 12  1 9  1 12  1 13  2 10  2 13  2 14  3 11  3 16  3 17  4 11  4 17  4 19  5 12  5 13  5 15  6 14  6 15  6 16  7 15  7 18  7 19  8 14  8 19  9 17  9 18  10 16  10 18
20 30  0 8  0 11  0 12  1 9  1 12  1 13  2 10  2 13  2 14  3 11  3 14  3 15  4 11  4 14  4 18  5 12  5 17  5 18  6 13  6 18  6 19  7 15  7 16  7 19  8 16  8 17  9 15  9 16  10 17  10 19
20 30  0 8  0 11  0 12  1 9  1 12  1 13  2 10  2 13  2 14  3 11  3 14  3 15  4 11  4 15  4 17  5 12  5 14  5 19  6 13  6 15  6 16  7 17  7 18  7 19  8 18  8 19  9 16  9 17  10 16  10 18
20 30  0 8  0 11  0 12  1 9  1 12  1 13  2 10  2 13  2 14  3 11  3 14  3 15  4 11  4 15  4 17  5 12  5 16  5 19  6 13  6 18  6 19  7 17  7 18  7 19  8 14  8 18  9 15  9 16  10 16  10 17
20 30  0 8  0 11  0 12  1 9  1 12  1 13  2 10  2 13  2 14  3 11  3 15  3 16  4 11  4 16  4 19  5 12  5 14  5 15  6 13  6 18  6 19  7 17  7 18  7 19  8 14  8 18  9 16  9 17  10 15  10 17
20 30  0 8  0 11  0 12  1 9  1 12  1 13  2 10  2 14  2 15  3 11  3 13  3 14  4 11  4 14  4 18  5 12  5 15  5 16  6 13  6 15  6 19  7 16  7 17  7 18  8 16  8 17  9 18  9 19  10 17  10 19
20 30  0 8  0 11  0 12  1 9  1 12  1 13  2 10  2 14  2 15  3 11  3 13  3 14  4 11  4 14  4 19  5 12  5 18  5 19  6 13  6 15  6 16  7 16  7 17  7 18  8 16  8 17  9 15  9 19  10 17  10 18
20 30  0 8  0 11  0 12  1 9  1 12  1 13  2 10  2 14  2 15  3 11  3 13  3 14  4 11  4 14  4 16  5 12  5 16  5 19  6 13  6 17  6 18  7 15  7 16  7 17  8 18  8 19  9 15  9 19  10 17  10 18
20 30  0 8  0 11  0 12  1 9  1 12  1 13  2 10  2 14  2 18  3 11  3 13  3 14  4 11  4 14  4 15  5 12  5 16  5 19  6 13  6 16  6 17  7 17  7 18  7 19  8 17  8 18  9 15  9 19  10 15  10 16
20 30  0 8  0 11  0 12  1 9  1 12  1 17  2 10  2 13  2 14  3 11  3 13  3 16  4 11  4 14  4 19  5 12  5 15  5 16  6 13  6 16  6 17  7 17  7 18  7 19  8 15  8 18  9 14  9 15  10 18  10 19
20 30  0 8  0 11  0 12  1 9  1 12  1 13  2 10  2 15  2 18  3 11  3 14  3 16  4 11  4 17  4 19  5 12  5 13  5 19  6 13  6 14  6 15  7 14  7 18  7 19  8 17  8 18  9 15  9 16  10 16  10 17
20 30  0 8  0 11  0 12  1 9  1 12  1 13  2 10  2 14  2 18  3 11  3 14  3 15  4 11  4 15  4 16  5 12  5 18  5 19  6 13  6 17  6 18  7 16  7 17  7 19  8 13  8 14  9 15  9 19  10 16  10 17
20 30  0 8  0 11  0 12  1 9  1 12  1 19  2 10  2 14  2 15  3 11  3 16  3 17  4 11  4 18  4 19  5 12  5 13  5 14  6 13  6 16  6 17  7 14  7 15  7 19  8 13  8 18  9 15  9 16  10 17  10 18
20 30  0 8  0 11  0 12  1 9  1 12  1 19  2 10  2 14  2 15  3 11  3 13  3 16  4 11  4 13  4 19  5 12  5 15  5 16  6 14  6 17  6 18  7 17  7 18  7 19  8 15  8 18  9 13  9 14  10 16  10 17
20 30  0 8  0 11  0 12  1 9  1 12  1 18  2 10  2 14  2 17  3 11  3 13  3 15  4 11  4 18  4 19  5 12  5 14  5 15  6 13  6 16  6 19  7 17  7 18  7 19  8 16  8 17  9 13  9 14  10 15  10 16
20 30  0 8  0 11  0 12  1 9  1 12  1 19  2 10  2 14  2 18  3 11  3 16  3 17  4 11  4 18  4 19  5 12  5 13  5 14  6 13  6 17  6 18  7 14  7 16  7 17  8 15  8 19  9 13  9 15  10 15  10 16
20 30  0 8  0 11  0 12  1 9  1 13  1 14  2 10  2 15  2 16  3 11  3 12  3 13  4 11  4 14  4 19  5 12  5 15  5 19  6 13  6 16  6 17  7 14  7 15  7 16  8 17  8 18  9 17  9 18  10 18  10 19
20 30  0 8  0 11  0 17  1 9  1 12  1 18  2 10  2 13  2 14  3 11  3 12  3 13  4 11  4 13  4 19  5 12  5 16  5 17  6 14  6 15  6 18  7 17  7 18  7 19  8 14  8 15  9 15  9 16  10 16  10 19
20 30  0 8  0 11  0 12  1 9  1 13  1 14  2 10  2 14  2 15  3 11  3 13  3 16  4 11  4 13  4 17  5 12  5 14  5 19  6 12  6 15  6 16  7 17  7 18  7 19  8 15  8 17  9 16  9 18  10 18  10 19
20 30  0 8  0 11  0 12  1 9  1 13  1 14  2 10  2 15  2 16  3 11  3 13  3 15  4 11  4 15  4 19  5 12  5 13  5 17  6 12  6 18  6 19  7 14  7 16  7 17  8 14  8 18  9 16  9 18  10 17  10 19
20 30  0 8  0 11  0 12  1 9  1 13  1 14  2 10  2 15  2 16  3 11  3 13  3 15  4 11  4 14  4 17  5 12  5 14  5 16  6 12  6 15  6 19  7 13  7 16  7 19  8 17  8 18  9 17  9 18  10 18  10 19
20 30  0 8  0 11  0 12  1 9  1 13  1 14  2 10  2 15  2 16  3 11  3 13  3 15  4 11  4 15  4 19  5 12  5 14  5 16  6 12  6 14  6 19  7 13  7 17  7 18  8 17  8 18  9 16  9 17  10 18  10 19
20 30  0 8  0 13  0 14  1 9  1 15  1 16  2 10  2 16  2 17  3 11  3 12  3 13  4 11  4 12  4 13  5 11  5 12  5 17  6 14  6 15  6 16  7 14  7 18  7 19  8 15  8 18  9 17  9 19  10 18  10 19
20 30  0 8  0 12  0 14  1 9  1 13  1 16  2 10  2 14  2 15  3 11  3 12  3 13  4 11  4 15  4 17  5 11  5 16  5 17  6 12  6 14  6 19  7 13  7 18  7 19  8 17  8 18  9 15  9 19  10 16  10 18
20 30  0 8  0 12  0 15  1 9  1 13  1 14  2 10  2 14  2 18  3 11  3 12  3 13  4 11  4 14  4 17  5 11  5 16  5 17  6 12  6 18  6 19  7 15  7 17  7 18  8 13  8 19  9 16  9 19  10 15  10 16
20 30  0 8  0 10  0 12  1 9  1 12  1 16  2 10  2 12  2 13  3 11  3 13  3 15  4 11  4 17  4 18  5 13  5 18  5 19  6 14  6 16  6 19  7 16  7 17  7 18  8 14  8 15  9 15  9 19  10 17  11 14
20 30  0 8  0 10  0 12  1 9  1 12  1 18  2 10  2 14  2 15  3 11  3 12  3 13  4 11  4 13  4 14  5 13  5 16  5 17  6 14  6 18  6 19  7 15  7 16  7 19  8 17  8 18  9 15  9 16  10 17  11 19
20 30  0 8  0 10  0 12  1 9  1 12  1 16  2 10  2 14  2 18  3 11  3 12  3 13  4 11  4 13  4 14  5 13  5 15  5 18  6 14  6 16  6 17  7 16  7 17  7 19  8 15  8 17  9 18  9 19  10 15  11 19
20 30  0 8  0 10  0 12  1 9  1 12  1 15  2 10  2 18  2 19  3 11  3 12  3 13  4 11  4 18  4 19  5 14  5 16  5 17  6 14  6 17  6 19  7 15  7 16  7 18  8 15  8 16  9 13  9 17  10 13  11 14
20 30  0 8  0 10  0 12  1 9  1 13  1 14  2 10  2 12  2 13  3 11  3 12  3 16  4 11  4 16  4 19  5 13  5 17  5 19  6 14  6 18  6 19  7 15  7 17  7 18  8 14  8 15  9 15  9 16  10 18  11 17
20 30  0 8  0 10  0 12  1 9  1 14  1 15  2 10  2 13  2 14  3 11  3 12  3 16  4 11  4 12  4 19  5 13  5 18  5 19  6 14  6 15  6 19  7 16  7 17  7 18  8 15  8 16  9 17  9 18  10 17  11 13
20 30  0 8  0 10  0 12  1 9  1 13  1 14  2 10  2 12  2 13  3 11  3 14  3 15  4 11  4 15  4 16  5 12  5 16  5 17  6 13  6 14  6 18  7 17  7 18  7 19  8 18  8 19  9 16  9 17  10 15  11 19
20 30  0 8  0 10  0 12  1 9  1 14  1 15  2 10  2 12  2 13  3 11  3 13  3 14  4 11  4 15  4 16  5 12  5 14  5 17  6 13  6 18  6 19  7 16  7 17  7 18  8 16  8 18  9 17  9 19  10 15  11 19
20 30  0 8  0 10  0 12  1 9  1 14  1 15  2 10  2 12  2 13  3 11  3 13  3 14  4 11  4 15  4 19  5 12  5 18  5 19  6 13  6 14  6 17  7 16  7 17  7 18  8 16  8 19  9 17  9 18  10 15  11 16
20 30  0 8  0 10  0 12  1 9  1 15  1 16  2 10  2 12  2 13  3 11  3 13  3 14  4 11  4 14  4 15  5 12  5 16  5 17  6 13  6 17  6 19  7 14  7 16  7 19  8 17  8 18  9 18  9 19  10 15  11 18
20 30  0 8  0 10  0 12  1 9  1 14  1 15  2 10  2 12  2 13  3 11  3 13  3 14  4 11  4 15  4 16  5 12  5 15  5 17  6 13  6 17  6 18  7 16  7 18  7 19  8 14  8 18  9 17  9 19  10 16  11 19
20 30  0 8  0 10  0 12  1 9  1 14  1 15  2 10  2 12  2 13  3 11  3 13  3 14  4 11  4 15  4 16  5 12  5 15  5 17  6 13  6 18  6 19  7 16  7 18  7 19  8 14  8 17  9 17  9 18  10 16  11 19
20 30  0 8  0 10  0 19  1 9  1 14  1 19  2 10  2 12  2 13  3 11  3 12  3 13  4 11  4 13  4 15  5 12  5 16  5 18  6 14  6 16  6 17  7 15  7 18  7 19  8 17  8 18  9 15  9 16  10 14  11 17
20 30  0 8  0 10  0 14  1 9  1 12  1 19  2 10  2 12  2 13  3 11  3 14  3 15  4 11  4 18  4 19  5 13  5 17  5 18  6 14  6 15  6 17  7 16  7 18  7 19  8 13  8 16  9 15  9 16  10 17  11 12
20 30  0 8  0 10  0 17  1 9  1 15  1 16  2 10  2 12  2 13  3 11  3 13  3 14  4 11  4 16  4 19  5 12  5 17  5 18  6 13  6 18  6 19  7 14  7 16  7 17  8 14  8 15  9 18  9 19  10 15  11 12
20 30  0 8  0 10  0 19  1 9  1 15  1 16  2 10  2 12  2 13  3 11  3 13  3 15  4 11  4 17  4 18  5 12  5 16  5 17  6 13  6 16  6 19  7 14  7 17  7 18  8 14  8 15  9 18  9 19  10 14  11 12
20 30  0 8  0 10  0 19  1 9  1 15  1 16  2 10  2 12  2 13  3 11  3 13  3 15  4 11  4 18  4 19  5 12  5 16  5 17  6 13  6 17  6 18  7 14  7 16  7 17  8 14  8 15  9 18  9 19  10 14  11 12
20 30  0 8  0 12  0 13  1 9  1 13  1 14  2 10  2 11  2 13  3 10  3 17  3 18  4 11  4 18  4 19  5 12  5 14  5 16  6 14  6 18  6 19  7 15  7 16  7 17  8 16  8 17  9 15  9 19  10 12  11 15
20 30  0 8  0 12  0 14  1 9  1 13  1 14  2 10  2 11  2 13  3 10  3 13  3 17  4 11  4 14  4 19  5 12  5 16  5 17  6 15  6 17  6 18  7 16  7 18  7 19  8 18  8 19  9 15  9 16  10 12  11 15
20 30  0 8  0 12  0 13  1 9  1 13  1 14  2 10  2 11  2 14  3 10  3 17  3 19  4 11  4 14  4 15  5 12  5 13  5 19  6 15  6 16  6 17  7 16  7 18  7 19  8 15  8 18  9 17  9 18  10 12  11 16
20 30  0 8  0 12  0 14  1 9  1 13  1 14  2 10  2 11  2 13  3 10  3 17  3 18  4 11  4 14  4 15  5 12  5 15  5 16  6 13  6 18  6 19  7 15  7 16  7 19  8 17  8 18  9 16  9 17  10 12  11 19
20 30  0 8  0 12  0 14  1 9  1 13  1 15  2 10  2 11  2 13  3 10  3 15  3 16  4 11  4 14  4 15  5 12  5 18  5 19  6 13  6 16  6 17  7 14  7 17  7 18  8 16  8 17  9 18  9 19  10 12  11 19
20 30  0 8  0 12  0 14  1 9  1 13  1 15  2 10  2 11  2 13  3 10  3 17  3 18  4 11  4 14  4 15  5 12  5 15  5 16  6 13  6 16  6 17  7 14  7 16  7 17  8 18  8 19  9 18  9 19  10 12  11 19
20 30  0 8  0 12  0 19  1 9  1 13  1 14  2 10  2 11  2 13  3 10  3 17  3 18  4 11  4 15  4 16  5 12  5 16  5 17  6 13  6 14  6 18  7 15  7 18  7 19  8 14  8 15  9 16  9 17  10 12  11 19
20 30  0 8  0 12  0 14  1 9  1 14  1 18  2 10  2 11  2 13  3 10  3 18  3 19  4 11  4 13  4 14  5 12  5 15  5 19  6 13  6 15  6 16  7 17  7 18  7 19  8 16  8 17  9 15  9 16  10 12  11 17
20 30  0 8  0 12  0 14  1 9  1 14  1 19  2 10  2 11  2 13  3 10  3 18  3 19  4 11  4 13  4 14  5 12  5 16  5 19  6 13  6 15  6 16  7 15  7 17  7 18  8 17  8 18  9 15  9 16  10 12  11 17
20 30  0 8  0 12  0 14  1 9  1 14  1 18  2 10  2 11  2 13  3 10  3 15  3 17  4 11  4 13  4 14  5 12  5 18  5 19  6 13  6 16  6 17  7 17  7 18  7 19  8 16  8 19  9 15  9 16  10 12  11 15
20 30  0 8  0 12  0 14  1 9  1 14  1 19  2 10  2 11  2 13  3 10  3 16  3 19  4 11  4 13  4 18  5 12  5 14  5 17  6 13  6 16  6 17  7 15  7 17  7 18  8 18  8 19  9 15  9 16  10 12  11 15
20 30  0 8  0 12  0 14  1 9  1 13  1 15  2 10  2 11  2 13  3 10  3 18  3 19  4 11  4 14  4 15  5 12  5 14  5 16  6 15  6 17  6 18  7 16  7 17  7 18  8 13  8 19  9 16  9 19  10 12  11 17
20 30  0 8  0 13  0 14  1 9  1 14  1 15  2 10  2 11  2 13  3 10  3 15  3 19  4 11  4 12  4 14  5 12  5 17  5 19  6 13  6 16  6 17  7 15  7 16  7 17  8 16  8 18  9 18  9 19  10 12  11 18
20 30  0 8  0 13  0 18  1 9  1 15  1 16  2 10  2 12  2 13  3 10  3 18  3 19  4 11  4 12  4 13  5 11  5 16  5 17  6 12  6 16  6 17  7 14  7 17  7 19  8 14  8 15  9 18  9 19  10 14  11 15
20 30  0 8  0 12  0 13  1 9  1 16  1 18  2 10  2 13  2 14  3 10  3 14  3 17  4 11  4 13  4 15  5 11  5 15  5 16  6 12  6 14  6 15  7 12  7 18  7 19  8 18  8 19  9 17  9 19  10 16  11 17
20 30  0 8  0 12  0 13  1 9  1 12  1 19  2 10  2 14  2 16  3 10  3 17  3 18  4 11  4 13  4 14  5 11  5 14  5 15  6 13  6 18  6 19  7 15  7 17  7 18  8 16  8 17  9 15  9 16  10 12  11 19
20 30  0 8  0 12  0 13  1 9  1 12  1 18  2 10  2 14  2 17  3 10  3 17  3 19  4 11  4 13  4 14  5 11  5 14  5 18  6 13  6 16  6 19  7 15  7 16  7 17  8 18  8 19  9 15  9 16  10 12  11 15
20 30  0 8  0 12  0 13  1 9  1 12  1 15  2 10  2 14  2 15  3 10  3 17  3 18  4 11  4 13  4 14  5 11  5 15  5 18  6 13  6 14  6 19  7 17  7 18  7 19  8 16  8 19  9 16  9 17  10 12  11 16
20 30  0 8  0 12  0 13  1 9  1 12  1 15  2 10  2 14  2 17  3 10  3 15  3 18  4 11  4 13  4 14  5 11  5 15  5 16  6 13  6 18  6 19  7 14  7 17  7 19  8 16  8 19  9 16  9 17  10 12  11 18
20 30  0 8  0 12  0 13  1 9  1 12  1 19  2 10  2 15  2 17  3 10  3 17  3 18  4 11  4 13  4 14  5 11  5 14  5 15  6 13  6 16  6 18  7 14  7 16  7 17  8 18  8 19  9 15  9 16  10 12  11 19
20 30  0 8  0 12  0 13  1 9  1 12  1 18  2 10  2 15  2 17  3 10  3 17  3 19  4 11  4 13  4 14  5 11  5 14  5 19  6 13  6 16  6 17  7 16  7 18  7 19  8 15  8 18  9 14  9 15  10 12  11 16
20 30  0 8  0 12  0 13  1 9  1 12  1 17  2 10  2 14  2 15  3 10  3 14  3 19  4 11  4 13  4 16  5 11  5 17  5 18  6 13  6 16  6 19  7 15  7 17  7 18  8 18  8 19  9 15  9 16  10 12  11 14
20 30  0 8  0 12  0 17  1 9  1 13  1 16  2 10  2 14  2 15  3 10  3 15  3 16  4 11  4 12  4 13  5 11  5 13  5 14  6 14  6 18  6 19  7 15  7 17  7 19  8 16  8 18  9 17  9 18  10 12  11 19
20 30  0 8  0 12  0 19  1 9  1 13  1 14  2 10  2 14  2 16  3 10  3 15  3 17  4 11  4 12  4 13  5 11  5 17  5 18  6 13  6 14  6 19  7 16  7 18  7 19  8 15  8 16  9 17  9 18  10 12  11 15
20 30  0 8  0 12  0 19  1 9  1 15  1 16  2 10  2 16  2 17  3 10  3 17  3 18  4 11  4 12  4 13  5 11  5 13  5 14  6 13  6 15  6 17  7 14  7 16  7 19  8 14  8 15  9 18  9 19  10 12  11 18
20 30  0 8  0 13  0 14  1 9  1 15  1 16  2 10  2 14  2 17  3 10  3 16  3 17  4 11  4 12  4 13  5 11  5 12  5 15  6 13  6 14  6 18  7 15  7 17  7 18  8 16  8 19  9 18  9 19  10 12  11 19
20 30  0 8  0 12  0 13  1 9  1 13  1 16  2 10  2 16  2 17  3 10  3 16  3 19  4 11  4 13  4 14  5 11  5 14  5 15  6 12  6 15  6 18  7 14  7 17  7 18  8 15  8 17  9 18  9 19  10 12  11 19
20 30  0 8  0 12  0 13  1 9  1 13  1 14  2 10  2 15  2 17  3 10  3 18  3 19  4 11  4 14  4 15  5 11  5 15  5 19  6 12  6 13  6 19  7 14  7 16  7 18  8 16  8 17  9 17  9 18  10 12  11 16
20 30  0 8  0 12  0 13  1 9  1 13  1 14  2 10  2 15  2 17  3 10  3 18  3 19  4 11  4 14  4 15  5 11  5 15  5 19  6 12  6 13  6 19  7 14  7 17  7 18  8 16  8 17  9 16  9 18  10 12  11 16
20 30  0 8  0 12  0 13  1 9  1 15  1 16  2 10  2 14  2 16  3 10  3 17  3 18  4 11  4 13  4 14  5 11  5 14  5 15  6 12  6 15  6 17  7 13  7 17  7 18  8 16  8 19  9 18  9 19  10 12  11 19
20 30  0 8  0 12  0 15  1 9  1 13  1 14  2 10  2 14  2 16  3 10  3 18  3 19  4 11  4 15  4 16  5 11  5 18  5 19  6 12  6 15  6 17  7 13  7 16  7 17  8 14  8 19  9 17  9 18  10 12  11 13
20 30  0 8  0 13  0 14  1 9  1 15  1 16  2 10  2 13  2 16  3 10  3 15  3 17  4 11  4 12  4 13  5 11  5 14  5 15  6 12  6 17  6 18  7 14  7 16  7 19  8 18  8 19  9 18  9 19  10 12  11 17
20 30  0 8  0 13  0 16  1 9  1 14  1 15  2 10  2 14  2 15  3 10  3 17  3 18  4 11  4 12  4 13  5 11  5 13  5 14  6 12  6 16  6 19  7 17  7 18  7 19  8 15  8 18  9 16  9 17  10 12  11 19
20 30  0 8  0 13  0 19  1 9  1 14  1 15  2 10  2 14  2 15  3 10  3 17  3 18  4 11  4 12  4 13  5 11  5 13  5 14  6 12  6 16  6 19  7 17  7 18  7 19  8 15  8 16  9 16  9 17  10 12  11 18
20 30  0 8  0 13  0 14  1 9  1 15  1 16  2 10  2 14  2 15  3 10  3 16  3 19  4 11  4 12  4 13  5 11  5 13  5 15  6 12  6 17  6 18  7 14  7 16  7 17  8 17  8 18  9 18  9 19  10 12  11 19
20 30  0 8  0 13  0 14  1 9  1 15  1 16  2 10  2 14  2 15  3 10  3 18  3 19  4 11  4 12  4 13  5 11  5 13  5 15  6 12  6 16  6 17  7 14  7 17  7 18  8 16  8 19  9 18  9 19  10 12  11 17
20 30  0 8  0 13  0 14  1 9  1 14  1 15  2 10  2 14  2 15  3 10  3 17  3 19  4 11  4 12  4 13  5 11  5 15  5 16  6 12  6 13  6 18  7 16  7 18  7 19  8 16  8 17  9 17  9 18  10 12  11 19
20 30  0 8  0 13  0 14  1 9  1 15  1 16  2 10  2 14  2 15  3 10  3 18  3 19  4 11  4 12  4 13  5 11  5 14  5 15  6 12  6 16  6 19  7 13  7 17  7 18  8 16  8 17  9 18  9 19  10 12  11 17
20 30  0 8  0 14  0 15  1 9  1 14  1 19  2 10  2 13  2 14  3 10  3 18  3 19  4 11  4 12  4 13  5 11  5 15  5 18  6 12  6 16  6 19  7 13  7 15  7 17  8 17  8 18  9 16  9 17  10 12  11 16
20 30  0 8  0 13  0 14  1 9  1 15  1 16  2 10  2 14  2 15  3 10  3 16  3 17  4 11  4 12  4 15  5 11  5 16  5 19  6 12  6 17  6 18  7 13  7 14  7 19  8 17  8 18  9 18  9 19  10 12  11 13
20 30  0 7  0 11  0 12  1 8  1 12  1 13  2 9  2 12  2 17  3 10  3 13  3 14  4 11  4 18  4 19  5 14  5 15  5 16  6 15  6 17  6 18  7 16  7 19  8 18  8 19  9 14  9 15  10 16  10 17  11 13
20 30  0 7  0 11  0 12  1 8  1 12  1 13  2 9  2 13  2 16  3 10  3 13  3 14  4 11  4 12  4 19  5 15  5 16  5 18  6 17  6 18  6 19  7 14  7 17  8 18  8 19  9 14  9 15  10 16  10 17  11 15
20 30  0 7  0 11  0 12  1 8  1 12  1 14  2 9  2 13  2 14  3 10  3 14  3 19  4 11  4 12  4 15  5 15  5 16  5 17  6 17  6 18  6 19  7 13  7 17  8 18  8 19  9 16  9 18  10 15  10 16  11 13
20 30  0 7  0 11  0 12  1 8  1 12  1 14  2 9  2 13  2 14  3 10  3 14  3 19  4 11  4 12  4 15  5 15  5 18  5 19  6 16  6 17  6 18  7 16  7 17  8 13  8 17  9 18  9 19  10 15  10 16  11 13
20 30  0 7  0 11  0 16  1 8  1 12  1 13  2 9  2 12  2 14  3 10  3 13  3 17  4 11  4 12  4 13  5 14  5 15  5 19  6 17  6 18  6 19  7 14  7 15  8 15  8 16  9 17  9 18  10 16  10 19  11 18
20 30  0 7  0 11  0 16  1 8  1 12  1 13  2 9  2 12  2 14  3 10  3 13  3 17  4 11  4 12  4 13  5 14  5 17  5 18  6 17  6 18  6 19  7 14  7 15  8 15  8 19  9 15  9 16  10 16  10 19  11 18
20 30  0 7  0 11  0 14  1 8  1 12  1 13  2 9  2 12  2 16  3 10  3 13  3 17  4 11  4 12  4 13  5 15  5 17  5 18  6 17  6 18  6 19  7 15  7 16  8 14  8 18  9 14  9 15  10 16  10 19  11 19
20 30  0 7  0 11  0 12  1 8  1 12  1 13  2 9  2 13  2 14  3 10  3 14  3 15  4 11  4 15  4 16  5 12  5 13  5 19  6 15  6 16  6 18  7 17  7 18  8 16  8 17  9 18  9 19  10 17  10 19  11 14
20 30  0 7  0 11  0 12  1 8  1 12  1 13  2 9  2 13  2 14  3 10  3 14  3 19  4 11  4 15  4 17  5 12  5 13  5 15  6 17  6 18  6 19  7 16  7 18  8 16  8 17  9 18  9 19  10 15  10 16  11 14
20 30  0 7  0 11  0 12  1 8  1 12  1 13  2 9  2 13  2 14  3 10  3 14  3 18  4 11  4 14  4 15  5 12  5 17  5 18  6 13  6 18  6 19  7 16  7 17  8 15  8 19  9 16  9 17  10 15  10 16  11 19
20 30  0 7  0 11  0 12  1 8  1 12  1 13  2 9  2 13  2 14  3 10  3 14  3 15  4 11  4 15  4 18  5 12  5 15  5 17  6 13  6 14  6 19  7 16  7 19  8 18  8 19  9 16  9 17  10 17  10 18  11 16
20 30  0 7  0 11  0 12  1 8  1 12  1 13  2 9  2 13  2 14  3 10  3 14  3 15  4 11  4 16  4 17  5 12  5 17  5 18  6 13  6 16  6 19  7 15  7 18  8 14  8 19  9 16  9 17  10 18  10 19  11 15
20 30  0 7  0 11  0 12  1 8  1 12  1 13  2 9  2 13  2 14  3 10  3 14  3 15  4 11  4 18  4 19  5 12  5 15  5 16  6 14  6 16  6 19  7 17  7 18  8 16  8 17  9 15  9 19  10 17  10 18  11 13
20 30  0 7  0 11  0 12  1 8  1 13  1 14  2 9  2 13  2 16  3 10  3 14  3 15  4 11  4 12  4 13  5 12  5 15  5 17  6 14  6 17  6 19  7 16  7 17  8 15  8 18  9 18  9 19  10 16  10 19  11 18
20 30  0 7  0 11  0 12  1 8  1 13  1 14  2 9  2 13  2 16  3 10  3 14  3 15  4 11  4 12  4 13  5 12  5 18  5 19  6 14  6 15  6 19  7 16  7 17  8 16  8 18  9 15  9 17  10 17  10 18  11 19
20 30  0 7  0 11  0 16  1 8  1 12  1 13  2 9  2 13  2 14  3 10  3 14  3 19  4 11  4 12  4 13  5 12  5 17  5 18  6 15  6 17  6 18  7 14  7 15  8 15  8 16  9 18  9 19  10 16  10 17  11 19
20 30  0 7  0 11  0 16  1 8  1 12  1 13  2 9  2 13  2 15  3 10  3 15  3 19  4 11  4 12  4 13  5 12  5 17  5 18  6 14  6 17  6 18  7 14  7 15  8 16  8 19  9 18  9 19  10 16  10 17  11 14
20 30  0 7  0 12  0 13  1 8  1 12  1 13  2 9  2 13  2 16  3 10  3 14  3 15  4 11  4 12  4 19  5 11  5 16  5 17  6 14  6 16  6 18  7 15  7 19  8 17  8 18  9 15  9 17  10 18  10 19  11 14
20 30  0 7  0 12  0 13  1 8  1 12  1 16  2 9  2 13  2 18  3 10  3 13  3 14  4 11  4 15  4 17  5 11  5 15  5 19  6 14  6 16  6 19  7 17  7 18  8 18  8 19  9 14  9 15  10 16  10 17  11 12
20 30  0 7  0 12  0 13  1 8  1 12  1 17  2 9  2 13  2 16  3 10  3 14  3 15  4 11  4 13  4 14  5 11  5 17  5 18  6 14  6 15  6 16  7 15  7 19  8 16  8 19  9 18  9 19  10 17  10 18  11 12
20 30  0 7  0 12  0 13  1 8  1 12  1 14  2 9  2 13  2 15  3 10  3 15  3 16  4 11  4 14  4 15  5 11  5 17  5 18  6 13  6 16  6 19  7 18  7 19  8 16  8 17  9 14  9 17  10 18  10 19  11 12
20 30  0 7  0 12  0 13  1 8  1 13  1 14  2 9  2 13  2 17  3 10  3 15  3 16  4 11  4 14  4 19  5 11  5 15  5 16  6 12  6 17  6 19  7 14  7 15  8 18  8 19  9 16  9 18  10 17  10 18  11 12
20 30  0 7  0 12  0 13  1 8  1 13  1 14  2 9  2 14  2 15  3 10  3 15  3 16  4 11  4 14  4 15  5 11  5 16  5 17  6 12  6 13  6 18  7 16  7 19  8 17  8 19  9 17  9 18  10 18  10 19  11 12
20 30  0 7  0 12  0 13  1 8  1 13  1 14  2 9  2 14  2 15  3 10  3 15  3 19  4 11  4 14  4 15  5 11  5 16  5 18  6 12  6 13  6 16  7 17  7 18  8 17  8 19  9 18  9 19  10 16  10 17  11 12
