16 24  0 8  0 9  0 10  1 8  1 11  1 13  2 8  2 12  2 14  3 9  3 11  3 12  4 9  4 13  4 15  5 10  5 12  5 13  6 10  6 14  6 15  7 11  7 14  7 15
16 24  0 7  0 8  0 9  1 8  1 9  1 10  2 9  2 10  2 14  3 10  3 11  3 12  4 11  4 12  4 13  5 13  5 14  5 15  6 13  6 14  6 15  7 11  7 12  8 15
16 24  0 7  0 8  0 12  1 8  1 9  1 10  2 9  2 10  2 11  3 9  3 10  3 14  4 11  4 12  4 13  5 11  5 13  5 15  6 12  6 14  6 15  7 14  7 15  8 13
16 24  0 7  0 8  0 12  1 8  1 9  1 10  2 9  2 10  2 11  3 9  3 14  3 15  4 10  4 14  4 15  5 11  5 12  5 13  6 12  6 13  6 14  7 11  7 13  8 15
16 24  0 7  0 10  0 11  1 8  1 9  1 10  2 8  2 9  2 10  3 9  3 12  3 13  4 11  4 12  4 13  5 11  5 14  5 15  6 12  6 14  6 15  7 13  7 15  8 14
16 24  0 7  0 10  0 11  1 8  1 9  1 10  2 8  2 9  2 10  3 9  3 14  3 15  4 11  4 12  4 13  5 11  5 12  5 13  6 13  6 14  6 15  7 14  7 15  8 12
16 24  0 7  0 9  0 10  1 8  1 11  1 13  2 8  2 14  2 15  3 9  3 10  3 11  4 9  4 10  4 14  5 11  5 12  5 13  6 12  6 14  6 15  7 13  7 15  8 12
16 24  0 7  0 10  0 11  1 8  1 9  1 10  2 8  2 13  2 14  3 9  3 11  3 15  4 9  4 12  4 13  5 10  5 14  5 15  6 11  6 12  6 14  7 13  7 15  8 12
16 24  0 7  0 10  0 11  1 8  1 9  1 10  2 8  2 13  2 15  3 9  3 11  3 13  4 9  4 12  4 14  5 10  5 13  5 14  6 11  6 14  6 15  7 12  7 15  8 12
16 24  0 7  0 11  0 12  1 7  1 13  1 14  2 8  2 10  2 11  3 8  3 13  3 15  4 9  4 10  4 14  5 9  5 12  5 15  6 11  6 14  6 15  7 10  8 12  9 13
16 24  0 6  0 9  0 10  1 7  1 10  1 11  2 8  2 10  2 15  3 9  3 11  3 12  4 9  4 13  4 15  5 12  5 14  5 15  6 11  6 14  7 13  7 14  8 12  8 13
16 24  0 6  0 11  0 15  1 7  1 11  1 12  2 8  2 12  2 14  3 9  3 10  3 11  4 9  4 10  4 13  5 9  5 10  5 14  6 12  6 13  7 14  7 15  8 13  8 15
16 24  0 6  0 8  0 10  1 7  1 10  1 11  2 8  2 10  2 14  3 9  3 11  3 13  4 9  4 14  4 15  5 12  5 14  5 15  6 13  6 15  7 12  7 13  8 11  9 12
16 24  0 6  0 8  0 10  1 7  1 10  1 11  2 8  2 12  2 14  3 9  3 10  3 12  4 9  4 11  4 13  5 12  5 13  5 15  6 13  6 14  7 14  7 15  8 11  9 15
16 24  0 6  0 8  0 10  1 7  1 10  1 11  2 8  2 12  2 13  3 9  3 11  3 13  4 9  4 13  4 14  5 10  5 12  5 15  6 14  6 15  7 14  7 15  8 11  9 12
16 24  0 6  0 8  0 10  1 7  1 10  1 11  2 8  2 12  2 15  3 9  3 11  3 13  4 9  4 13  4 14  5 10  5 14  5 15  6 12  6 13  7 14  7 15  8 11  9 12
16 24  0 6  0 10  0 11  1 7  1 11  1 12  2 8  2 9  2 11  3 8  3 14  3 15  4 9  4 12  4 13  5 10  5 13  5 15  6 12  6 14  7 13  7 14  8 10  9 15
16 24  0 6  0 10  0 11  1 7  1 10  1 12  2 8  2 11  2 12  3 8  3 14  3 15  4 9  4 11  4 14  5 9  5 12  5 15  6 13  6 14  7 13  7 15  8 10  9 13
16 24  0 5  0 9  0 10  1 6  1 10  1 11  2 7  2 10  2 13  3 8  3 11  3 12  4 9  4 13  4 14  5 12  5 14  6 14  6 15  7 12  7 15  8 13  8 15  9 11
16 24  0 5  0 9  0 10  1 6  1 10  1 11  2 7  2 10  2 15  3 8  3 11  3 12  4 9  4 13  4 15  5 14  5 15  6 12  6 14  7 12  7 13  8 13  8 14  9 11
