14 21  0 1  0 2  0 3  1 10  1 13  2 11  2 13  3 9  3 12  4 5  4 9  4 13  5 6  5 7  6 8  6 12  7 8  7 12  8 10  9 11  10 11
14 21  0 1  0 2  0 3  1 11  1 12  2 8  2 13  3 9  3 10  4 11  4 12  4 13  5 7  5 12  5 13  6 7  6 9  6 10  7 11  8 9  8 10
14 21  0 1  0 2  0 3  1 11  1 13  2 12  2 13  3 12  3 13  4 9  4 10  4 11  5 7  5 8  5 11  6 7  6 8  6 9  7 10  8 10  9 12
14 21  0 1  0 2  0 3  1 12  1 13  2 12  2 13  3 10  3 11  4 6  4 9  4 12  5 7  5 8  5 9  6 7  6 8  7 11  8 11  9 10  10 13
14 21  0 1  0 2  0 3  1 12  1 13  2 8  2 10  3 9  3 11  4 7  4 12  4 13  5 7  5 12  5 13  6 7  6 10  6 11  8 9  8 11  9 10
14 21  0 1  0 2  0 3  1 8  1 13  2 10  2 11  3 9  3 12  4 6  4 7  4 13  5 6  5 7  5 13  6 11  7 12  8 9  8 10  9 11  10 12
14 21  0 1  0 2  0 3  1 8  1 13  2 9  2 11  3 10  3 12  4 7  4 12  4 13  5 7  5 12  5 13  6 7  6 10  6 11  8 9  8 11  9 10
14 21  0 1  0 2  0 3  1 8  1 9  2 10  2 11  3 12  3 13  4 8  4 9  4 10  5 8  5 9  5 11  6 10  6 12  6 13  7 11  7 12  7 13
14 21  0 1  0 2  0 3  1 8  1 9  2 10  2 13  3 11  3 12  4 8  4 9  4 10  5 8  5 9  5 10  6 11  6 12  6 13  7 11  7 12  7 13
16 24  0 1  0 2  0 3  1 10  1 15  2 11  2 13  3 12  3 14  4 5  4 9  4 13  5 8  5 12  6 7  6 13  6 14  7 10  7 12  8 11  8 15  9 10  9 11  14 15
16 24  0 1  0 2  0 3  1 10  1 15  2 11  2 14  3 12  3 13  4 5  4 8  4 13  5 9  5 12  6 7  6 11  6 13  7 10  7 12  8 10  8 14  9 11  9 15  14 15
16 24  0 1  0 2  0 3  1 10  1 15  2 12  2 13  3 11  3 14  4 5  4 6  4 9  5 8  5 14  6 7  6 11  7 8  7 12  8 10  9 10  9 13  11 15  12 15  13 14
16 24  0 1  0 2  0 3  1 10  1 15  2 12  2 14  3 11  3 13  4 5  4 6  4 12  5 7  5 11  6 8  6 13  7 9  7 14  8 10  8 11  9 10  9 12  13 15  14 15
16 24  0 1  0 2  0 3  1 10  1 15  2 12  2 14  3 11  3 13  4 5  4 6  4 8  5 7  5 10  6 7  6 10  7 11  8 12  8 14  9 11  9 12  9 13  13 15  14 15
16 24  0 1  0 2  0 3  1 10  1 15  2 12  2 14  3 11  3 13  4 5  4 6  4 9  5 8  5 14  6 7  6 11  7 8  7 12  8 10  9 10  9 13  11 15  12 15  13 14
16 24  0 1  0 2  0 3  1 10  1 15  2 12  2 14  3 11  3 13  4 6  4 7  4 14  5 8  5 11  5 15  6 12  6 15  7 10  7 13  8 13  8 14  9 10  9 11  9 12
16 24  0 1  0 2  0 3  1 11  1 15  2 13  2 14  3 10  3 12  4 5  4 6  4 7  5 8  5 10  6 12  6 15  7 11  7 13  8 12  8 13  9 10  9 11  9 14  14 15
16 24  0 1  0 2  0 3  1 11  1 15  2 13  2 15  3 12  3 14  4 5  4 6  4 15  5 10  5 14  6 9  6 13  7 8  7 12  7 14  8 10  8 11  9 10  9 12  11 13
16 24  0 1  0 2  0 3  1 12  1 15  2 13  2 15  3 11  3 14  4 5  4 6  4 15  5 10  5 14  6 12  6 13  7 8  7 9  7 10  8 11  8 14  9 12  9 13  10 11
16 24  0 1  0 2  0 3  1 13  1 15  2 10  2 14  3 11  3 12  4 5  4 7  4 9  5 6  5 8  6 7  6 10  7 11  8 12  8 14  9 10  9 13  11 15  12 15  13 14
16 24  0 1  0 2  0 3  1 13  1 15  2 12  2 15  3 11  3 14  4 5  4 6  4 15  5 10  5 14  6 8  6 9  7 9  7 11  7 14  8 10  8 13  9 12  10 11  12 13
16 24  0 1  0 2  0 3  1 14  1 15  2 10  2 12  3 11  3 13  4 5  4 6  4 9  5 7  5 8  6 12  6 13  7 10  7 15  8 11  8 14  9 10  9 11  12 15  13 14
16 24  0 1  0 2  0 3  1 14  1 15  2 10  2 12  3 11  3 13  4 5  4 6  4 9  5 7  5 8  6 12  6 13  7 11  7 15  8 10  8 14  9 10  9 11  12 15  13 14
16 24  0 1  0 2  0 3  1 14  1 15  2 12  2 15  3 11  3 13  4 5  4 11  4 15  5 12  5 13  6 9  6 10  6 14  7 9  7 10  7 14  8 9  8 11  8 13  10 12
16 24  0 1  0 2  0 3  1 14  1 15  2 13  2 15  3 11  3 12  4 5  4 6  4 15  5 7  5 8  6 9  6 10  7 11  7 13  8 12  8 14  9 11  9 14  10 12  10 13
16 24  0 1  0 2  0 3  1 14  1 15  2 13  2 15  3 12  3 14  4 5  4 8  4 11  5 9  5 10  6 8  6 11  6 15  7 9  7 10  7 14  8 12  9 13  10 13  11 12
16 24  0 1  0 2  0 3  1 14  1 15  2 14  2 15  3 12  3 13  4 5  4 6  4 9  5 7  5 8  6 10  6 14  7 11  7 15  8 10  8 13  9 11  9 12  10 12  11 13
16 24  0 1  0 2  0 3  1 14  1 15  2 14  2 15  3 12  3 13  4 5  4 8  4 10  5 9  5 11  6 8  6 11  6 15  7 9  7 10  7 14  8 12  9 13  10 13  11 12
16 24  0 1  0 2  0 3  1 14  1 15  2 14  2 15  3 12  3 13  4 5  4 8  4 11  5 9  5 10  6 8  6 11  6 15  7 9  7 10  7 14  8 12  9 13  10 13  11 12
18 27  0 1  0 2  0 3  1 12  1 13  2 14  2 15  3 16  3 17  4 7  4 8  4 9  5 6  5 10  5 16  6 11  6 17  7 12  7 13  8 15  8 17  9 14  9 16  10 12  10 14  11 13  11 15
18 27  0 1  0 2  0 3  1 12  1 13  2 14  2 16  3 15  3 17  4 6  4 8  4 12  5 7  5 9  5 12  6 10  6 14  7 11  7 13  8 14  8 15  9 15  9 16  10 13  10 17  11 16  11 17
18 27  0 1  0 2  0 3  1 12  1 13  2 14  2 17  3 15  3 16  4 7  4 8  4 12  5 6  5 10  5 12  6 9  6 14  7 11  7 13  8 14  8 15  9 13  9 15  10 16  10 17  11 16  11 17
18 27  0 1  0 2  0 3  1 12  1 13  2 15  2 17  3 14  3 16  4 5  4 6  4 12  5 7  5 13  6 8  6 14  7 9  7 15  8 15  8 16  9 14  9 17  10 11  10 13  10 17  11 12  11 16
18 27  0 1  0 2  0 3  1 12  1 13  2 15  2 17  3 14  3 16  4 5  4 6  4 12  5 7  5 13  6 8  6 14  7 9  7 15  8 15  8 17  9 14  9 16  10 11  10 13  10 17  11 12  11 16
18 27  0 1  0 2  0 3  1 12  1 13  2 15  2 17  3 14  3 16  4 5  4 6  4 13  5 7  5 12  6 8  6 14  7 9  7 15  8 15  8 16  9 14  9 17  10 11  10 13  10 17  11 12  11 16
18 27  0 1  0 2  0 3  1 12  1 13  2 15  2 17  3 14  3 16  4 5  4 6  4 13  5 7  5 12  6 8  6 14  7 9  7 15  8 15  8 17  9 14  9 16  10 11  10 13  10 17  11 12  11 16
18 27  0 1  0 2  0 3  1 12  1 13  2 15  2 17  3 14  3 16  4 5  4 6  4 7  5 8  5 15  6 11  6 14  7 10  7 17  8 9  8 12  9 13  9 15  10 12  10 14  11 13  11 16  16 17
18 27  0 1  0 2  0 3  1 12  1 13  2 15  2 17  3 14  3 16  4 5  4 6  4 7  5 8  5 15  6 11  6 14  7 10  7 17  8 9  8 12  9 14  9 15  10 12  10 13  11 13  11 16  16 17
18 27  0 1  0 2  0 3  1 12  1 14  2 13  2 16  3 15  3 17  4 6  4 7  4 10  5 6  5 8  5 9  6 16  7 14  7 17  8 13  8 17  9 12  9 15  10 15  10 16  11 12  11 13  11 14
18 27  0 1  0 2  0 3  1 12  1 14  2 13  2 16  3 15  3 17  4 6  4 8  4 10  5 6  5 7  5 9  6 16  7 14  7 17  8 13  8 17  9 12  9 15  10 15  10 16  11 12  11 13  11 14
18 27  0 1  0 2  0 3  1 12  1 15  2 13  2 17  3 14  3 16  4 5  4 6  4 7  5 8  5 14  6 11  6 15  7 10  7 17  8 9  8 12  9 13  9 15  10 12  10 14  11 13  11 16  16 17
18 27  0 1  0 2  0 3  1 12  1 15  2 13  2 17  3 14  3 16  4 5  4 7  4 11  5 9  5 10  6 7  6 8  6 14  7 12  8 13  8 17  9 12  9 13  10 15  10 16  11 14  11 15  16 17
18 27  0 1  0 2  0 3  1 12  1 15  2 13  2 17  3 14  3 16  4 6  4 7  4 9  5 6  5 7  5 15  6 13  7 16  8 9  8 10  8 17  9 14  10 12  10 15  11 12  11 13  11 14  16 17
18 27  0 1  0 2  0 3  1 12  1 15  2 13  2 17  3 14  3 16  4 6  4 8  4 10  5 6  5 7  5 15  6 12  7 9  7 13  8 9  8 17  9 14  10 15  10 16  11 12  11 13  11 14  16 17
18 27  0 1  0 2  0 3  1 12  1 15  2 13  2 17  3 14  3 16  4 6  4 8  4 9  5 6  5 7  5 15  6 12  7 9  7 13  8 10  8 17  9 14  10 15  10 16  11 12  11 13  11 14  16 17
18 27  0 1  0 2  0 3  1 12  1 15  2 14  2 17  3 13  3 16  4 5  4 6  4 12  5 7  5 13  6 9  6 16  7 8  7 14  8 11  8 17  9 10  9 12  10 14  10 15  11 13  11 15  16 17
18 27  0 1  0 2  0 3  1 12  1 15  2 14  2 17  3 13  3 16  4 5  4 6  4 12  5 7  5 15  6 8  6 16  7 10  7 17  8 9  8 17  9 14  9 15  10 13  10 16  11 12  11 13  11 14
18 27  0 1  0 2  0 3  1 12  1 15  2 14  2 17  3 13  3 16  4 5  4 6  4 7  5 8  5 13  6 11  6 15  7 10  7 14  8 9  8 12  9 15  9 16  10 12  10 17  11 13  11 14  16 17
18 27  0 1  0 2  0 3  1 12  1 15  2 14  2 17  3 13  3 16  4 5  4 6  4 7  5 8  5 16  6 11  6 15  7 10  7 17  8 9  8 12  9 13  9 15  10 12  10 14  11 13  11 14  16 17
18 27  0 1  0 2  0 3  1 12  1 15  2 14  2 17  3 13  3 16  4 5  4 6  4 7  5 8  5 17  6 11  6 15  7 10  7 14  8 9  8 12  9 13  9 14  10 12  10 15  11 13  11 16  16 17
18 27  0 1  0 2  0 3  1 12  1 15  2 14  2 17  3 13  3 16  4 5  4 6  4 8  5 7  5 10  6 9  6 12  7 8  7 14  8 16  9 15  9 17  10 13  10 15  11 12  11 13  11 14  16 17
18 27  0 1  0 2  0 3  1 12  1 15  2 14  2 17  3 13  3 16  4 6  4 8  4 10  5 7  5 8  5 9  6 7  6 17  7 14  8 13  9 12  9 15  10 15  10 16  11 12  11 13  11 14  16 17
18 27  0 1  0 2  0 3  1 12  1 15  2 14  2 17  3 13  3 16  4 6  4 8  4 9  5 6  5 7  5 15  6 17  7 8  7 12  8 14  9 10  9 13  10 15  10 16  11 12  11 13  11 14  16 17
18 27  0 1  0 2  0 3  1 12  1 16  2 15  2 17  3 13  3 14  4 5  4 6  4 7  5 8  5 14  6 11  6 15  7 10  7 14  8 9  8 12  9 13  9 15  10 12  10 17  11 13  11 16  16 17
18 27  0 1  0 2  0 3  1 12  1 16  2 15  2 17  3 13  3 14  4 5  4 6  4 7  5 8  5 15  6 11  6 14  7 10  7 15  8 9  8 12  9 14  9 17  10 12  10 13  11 13  11 16  16 17
18 27  0 1  0 2  0 3  1 12  1 16  2 15  2 17  3 13  3 14  4 5  4 7  4 14  5 6  5 13  6 8  6 12  7 9  7 12  8 15  8 17  9 15  9 16  10 11  10 14  10 17  11 13  11 16
18 27  0 1  0 2  0 3  1 12  1 16  2 15  2 17  3 13  3 14  4 5  4 7  4 14  5 6  5 13  6 9  6 12  7 8  7 12  8 15  8 17  9 15  9 16  10 11  10 14  10 17  11 13  11 16
18 27  0 1  0 2  0 3  1 12  1 17  2 13  2 14  3 15  3 16  4 6  4 7  4 10  5 6  5 8  5 10  6 12  7 9  7 13  8 9  8 14  9 16  10 15  11 12  11 13  11 14  15 17  16 17
18 27  0 1  0 2  0 3  1 12  1 17  2 13  2 14  3 15  3 16  4 6  4 8  4 11  5 6  5 7  5 9  6 12  7 10  7 12  8 9  8 14  9 16  10 13  10 14  11 13  11 15  15 17  16 17
18 27  0 1  0 2  0 3  1 12  1 17  2 13  2 15  3 14  3 16  4 5  4 6  4 7  5 8  5 14  6 11  6 15  7 10  7 14  8 9  8 12  9 15  9 17  10 12  10 13  11 13  11 16  16 17
18 27  0 1  0 2  0 3  1 12  1 17  2 13  2 15  3 14  3 16  4 5  4 7  4 11  5 6  5 10  6 9  6 15  7 8  7 14  8 12  8 15  9 14  9 16  10 13  10 17  11 12  11 13  16 17
18 27  0 1  0 2  0 3  1 12  1 17  2 13  2 15  3 14  3 16  4 5  4 9  4 12  5 6  5 13  6 7  6 16  7 8  7 12  8 11  8 13  9 10  9 14  10 15  10 17  11 14  11 15  16 17
18 27  0 1  0 2  0 3  1 12  1 17  2 13  2 15  3 14  3 16  4 6  4 7  4 11  5 8  5 9  5 10  6 9  6 12  7 8  7 12  8 16  9 15  10 13  10 14  11 13  11 14  15 17  16 17
18 27  0 1  0 2  0 3  1 12  1 17  2 13  2 15  3 14  3 16  4 6  4 9  4 11  5 6  5 8  5 10  6 7  7 12  7 13  8 13  8 14  9 12  9 15  10 15  10 17  11 14  11 16  16 17
18 27  0 1  0 2  0 3  1 12  1 17  2 13  2 16  3 14  3 15  4 5  4 9  4 13  5 6  5 16  6 7  6 14  7 8  7 12  8 11  8 13  9 10  9 12  10 15  10 17  11 14  11 15  16 17
18 27  0 1  0 2  0 3  1 12  1 17  2 13  2 16  3 14  3 15  4 6  4 9  4 11  5 6  5 7  5 12  6 16  7 10  7 14  8 9  8 10  8 15  9 13  10 13  11 12  11 14  15 17  16 17
18 27  0 1  0 2  0 3  1 12  1 17  2 13  2 16  3 14  3 15  4 7  4 8  4 9  5 6  5 7  5 12  6 10  6 16  7 14  8 10  8 15  9 11  9 14  10 13  11 12  11 13  15 17  16 17
18 27  0 1  0 2  0 3  1 12  1 17  2 14  2 16  3 13  3 15  4 5  4 6  4 7  5 10  5 12  6 8  6 17  7 9  7 17  8 13  8 15  9 14  9 16  10 15  10 16  11 12  11 13  11 14
18 27  0 1  0 2  0 3  1 12  1 17  2 14  2 16  3 13  3 15  4 5  4 8  4 9  5 7  5 10  6 7  6 8  6 11  7 17  8 13  9 12  9 14  10 13  10 16  11 12  11 15  14 17  15 16
18 27  0 1  0 2  0 3  1 12  1 17  2 14  2 16  3 13  3 15  4 6  4 7  4 8  5 7  5 10  5 14  6 9  6 17  7 17  8 12  8 16  9 13  9 15  10 15  10 16  11 12  11 13  11 14
18 27  0 1  0 2  0 3  1 12  1 17  2 14  2 16  3 13  3 15  4 6  4 8  4 10  5 7  5 9  5 11  6 9  6 12  7 8  7 12  8 13  9 14  10 14  10 16  11 13  11 15  15 17  16 17
18 27  0 1  0 2  0 3  1 12  1 17  2 14  2 16  3 13  3 15  4 6  4 8  4 12  5 7  5 9  5 12  6 10  6 13  7 11  7 14  8 11  8 14  9 10  9 13  10 16  11 15  15 17  16 17
18 27  0 1  0 2  0 3  1 12  1 17  2 14  2 16  3 13  3 15  4 6  4 8  4 9  5 6  5 7  5 12  6 16  7 10  7 14  8 10  8 15  9 11  9 13  10 13  11 12  11 14  15 17  16 17
18 27  0 1  0 2  0 3  1 12  1 17  2 14  2 16  3 13  3 15  4 6  4 9  4 11  5 6  5 7  5 12  6 16  7 10  7 14  8 9  8 10  8 15  9 14  10 13  11 12  11 13  15 17  16 17
18 27  0 1  0 2  0 3  1 12  1 17  2 14  2 16  3 13  3 15  4 7  4 8  4 9  5 6  5 7  5 12  6 10  6 16  7 14  8 10  8 15  9 11  9 14  10 13  11 12  11 13  15 17  16 17
18 27  0 1  0 2  0 3  1 12  1 17  2 14  2 16  3 13  3 15  4 7  4 9  4 11  5 6  5 7  5 12  6 10  6 14  7 13  8 9  8 10  8 14  9 16  10 15  11 12  11 13  15 17  16 17
18 27  0 1  0 2  0 3  1 12  1 17  2 14  2 16  3 13  3 15  4 9  4 11  4 12  5 8  5 10  5 12  6 10  6 11  6 13  7 8  7 9  7 13  8 14  9 14  10 16  11 15  15 17  16 17
18 27  0 1  0 2  0 3  1 12  1 17  2 14  2 16  3 13  3 15  4 9  4 11  4 12  5 8  5 10  5 12  6 7  6 10  6 13  7 9  7 14  8 11  8 14  9 13  10 16  11 15  15 17  16 17
18 27  0 1  0 2  0 3  1 12  1 17  2 15  2 16  3 13  3 14  4 5  4 6  4 15  5 9  5 14  6 8  6 12  7 8  7 9  7 12  8 13  9 16  10 11  10 15  10 17  11 13  11 14  16 17
18 27  0 1  0 2  0 3  1 12  1 17  2 15  2 16  3 13  3 14  4 5  4 6  4 15  5 9  5 14  6 8  6 12  7 8  7 9  7 16  8 13  9 12  10 11  10 15  10 17  11 13  11 14  16 17
18 27  0 1  0 2  0 3  1 12  1 17  2 15  2 16  3 13  3 14  4 5  4 6  4 7  5 8  5 14  6 11  6 15  7 10  7 17  8 9  8 12  9 13  9 14  10 12  10 15  11 13  11 16  16 17
18 27  0 1  0 2  0 3  1 13  1 14  2 12  2 16  3 15  3 17  4 6  4 8  4 12  5 7  5 8  5 13  6 7  6 17  7 16  8 15  9 10  9 14  9 17  10 15  10 16  11 12  11 13  11 14
18 27  0 1  0 2  0 3  1 13  1 14  2 12  2 17  3 15  3 16  4 6  4 8  4 14  5 7  5 10  5 17  6 7  6 17  7 16  8 9  8 15  9 12  9 16  10 13  10 15  11 12  11 13  11 14
18 27  0 1  0 2  0 3  1 13  1 14  2 12  2 17  3 15  3 16  4 7  4 10  4 12  5 7  5 8  5 14  6 8  6 9  6 13  7 17  8 15  9 16  9 17  10 15  10 16  11 12  11 13  11 14
18 27  0 1  0 2  0 3  1 13  1 14  2 15  2 17  3 12  3 16  4 5  4 7  4 11  5 8  5 9  6 9  6 10  6 16  7 8  7 17  8 13  9 13  10 12  10 15  11 12  11 14  14 15  16 17
18 27  0 1  0 2  0 3  1 13  1 14  2 15  2 17  3 12  3 16  4 5  4 8  4 11  5 7  5 9  6 9  6 10  6 12  7 8  7 17  8 13  9 13  10 15  10 16  11 12  11 14  14 15  16 17
18 27  0 1  0 2  0 3  1 13  1 14  2 15  2 17  3 12  3 16  4 5  4 9  4 11  5 7  5 8  6 8  6 10  6 17  7 9  7 13  8 13  9 16  10 12  10 15  11 12  11 14  14 15  16 17
18 27  0 1  0 2  0 3  1 13  1 14  2 15  2 17  3 12  3 16  4 6  4 9  4 10  5 9  5 11  5 13  6 7  6 15  7 8  7 16  8 10  8 12  9 17  10 13  11 12  11 14  14 15  16 17
18 27  0 1  0 2  0 3  1 13  1 14  2 15  2 17  3 12  3 16  4 6  4 9  4 10  5 9  5 11  5 17  6 7  6 15  7 8  7 16  8 10  8 12  9 13  10 13  11 12  11 14  14 15  16 17
18 27  0 1  0 2  0 3  1 13  1 14  2 15  2 17  3 12  3 16  4 8  4 9  4 11  5 6  5 7  5 9  6 8  6 14  7 10  7 15  8 12  9 17  10 13  10 16  11 12  11 13  14 15  16 17
18 27  0 1  0 2  0 3  1 13  1 15  2 14  2 16  3 12  3 17  4 7  4 9  4 14  5 6  5 8  5 12  6 7  6 17  7 13  8 11  8 16  9 10  9 12  10 14  10 15  11 13  11 15  16 17
18 27  0 1  0 2  0 3  1 13  1 15  2 16  2 17  3 12  3 14  4 7  4 9  4 10  5 6  5 11  5 12  6 10  6 13  7 8  7 13  8 9  8 16  9 12  10 17  11 14  11 15  14 17  15 16
18 27  0 1  0 2  0 3  1 13  1 16  2 15  2 17  3 12  3 14  4 5  4 7  4 9  5 6  5 8  6 7  6 15  7 14  8 10  8 12  9 11  9 12  10 13  10 17  11 13  11 16  14 17  15 16
18 27  0 1  0 2  0 3  1 13  1 17  2 12  2 14  3 15  3 16  4 5  4 7  4 10  5 9  5 11  6 7  6 8  6 13  7 16  8 14  8 15  9 12  9 17  10 12  10 15  11 13  11 14  16 17
18 27  0 1  0 2  0 3  1 13  1 17  2 12  2 14  3 15  3 16  4 7  4 9  4 11  5 6  5 7  5 10  6 8  6 14  7 16  8 13  8 15  9 12  9 17  10 12  10 15  11 13  11 14  16 17
18 27  0 1  0 2  0 3  1 13  1 17  2 12  2 15  3 14  3 16  4 6  4 7  4 9  5 7  5 10  5 11  6 8  6 13  7 16  8 14  8 15  9 12  9 17  10 12  10 15  11 13  11 14  16 17
18 27  0 1  0 2  0 3  1 13  1 17  2 12  2 15  3 14  3 16  4 6  4 9  4 10  5 6  5 11  5 12  6 13  7 8  7 9  7 13  8 10  8 17  9 16  10 12  11 14  11 15  14 17  15 16
18 27  0 1  0 2  0 3  1 13  1 17  2 12  2 15  3 14  3 16  4 8  4 9  4 10  5 6  5 11  5 12  6 10  6 13  7 8  7 9  7 13  8 17  9 16  10 12  11 14  11 15  14 17  15 16
18 27  0 1  0 2  0 3  1 13  1 17  2 12  2 16  3 14  3 15  4 5  4 6  4 12  5 7  5 13  6 8  6 14  7 9  7 15  8 12  8 17  9 13  9 16  10 11  10 15  10 17  11 14  11 16
18 27  0 1  0 2  0 3  1 13  1 17  2 12  2 16  3 14  3 15  4 5  4 6  4 13  5 7  5 12  6 8  6 14  7 9  7 15  8 15  8 16  9 14  9 17  10 11  10 13  10 17  11 12  11 16
18 27  0 1  0 2  0 3  1 13  1 17  2 12  2 16  3 14  3 15  4 6  4 7  4 13  5 6  5 7  5 12  6 15  7 14  8 9  8 10  8 12  9 11  9 13  10 14  10 16  11 15  11 17  16 17
18 27  0 1  0 2  0 3  1 13  1 17  2 14  2 16  3 12  3 15  4 5  4 6  4 9  5 7  5 14  6 7  6 15  7 17  8 10  8 11  8 15  9 12  9 13  10 13  10 14  11 12  11 16  16 17
18 27  0 1  0 2  0 3  1 13  1 17  2 14  2 16  3 12  3 15  4 5  4 8  4 10  5 7  5 9  6 7  6 8  6 11  7 17  8 13  9 12  9 14  10 13  10 16  11 12  11 15  14 17  15 16
18 27  0 1  0 2  0 3  1 13  1 17  2 15  2 17  3 14  3 16  4 5  4 6  4 17  5 11  5 12  6 10  6 12  7 10  7 12  7 13  8 9  8 11  8 16  9 14  9 15  10 16  11 14  13 15
18 27  0 1  0 2  0 3  1 13  1 17  2 15  2 17  3 14  3 16  4 5  4 6  4 17  5 12  5 16  6 11  6 15  7 9  7 14  7 16  8 10  8 12  8 13  9 12  9 13  10 11  10 15  11 14
18 27  0 1  0 2  0 3  1 14  1 15  2 12  2 16  3 13  3 17  4 5  4 6  4 7  5 9  5 14  6 10  6 15  7 12  7 13  8 11  8 14  8 15  9 16  9 17  10 16  10 17  11 12  11 13
18 27  0 1  0 2  0 3  1 14  1 15  2 12  2 17  3 13  3 16  4 5  4 7  4 8  5 6  5 9  6 7  6 11  7 10  8 12  8 14  9 13  9 15  10 13  10 17  11 12  11 16  14 17  15 16
18 27  0 1  0 2  0 3  1 14  1 15  2 12  2 17  3 13  3 16  4 6  4 8  4 10  5 7  5 9  5 11  6 7  6 15  7 14  8 9  8 12  9 13  10 13  10 17  11 12  11 16  14 17  15 16
18 27  0 1  0 2  0 3  1 14  1 15  2 13  2 17  3 12  3 16  4 5  4 11  4 16  5 10  5 14  6 8  6 9  6 17  7 8  7 9  7 15  8 13  9 12  10 11  10 13  11 12  14 17  15 16
18 27  0 1  0 2  0 3  1 14  1 15  2 13  2 17  3 12  3 16  4 5  4 6  4 7  5 9  5 17  6 10  6 16  7 12  7 13  8 11  8 14  8 15  9 14  9 16  10 15  10 17  11 12  11 13
18 27  0 1  0 2  0 3  1 14  1 15  2 13  2 17  3 12  3 16  4 5  4 7  4 9  5 6  5 14  6 8  6 15  7 8  7 17  8 16  9 12  9 13  10 13  10 15  10 17  11 12  11 14  11 16
18 27  0 1  0 2  0 3  1 14  1 15  2 13  2 17  3 12  3 16  4 5  4 9  4 10  5 6  5 7  6 8  6 11  7 8  7 17  8 16  9 13  9 15  10 12  10 13  11 12  11 14  14 17  15 16
18 27  0 1  0 2  0 3  1 14  1 15  2 13  2 17  3 12  3 16  4 6  4 8  4 14  5 7  5 9  5 15  6 10  6 16  7 11  7 17  8 10  8 12  9 11  9 13  10 13  11 12  14 17  15 16
18 27  0 1  0 2  0 3  1 14  1 15  2 13  2 17  3 12  3 16  4 6  4 8  4 14  5 7  5 9  5 15  6 10  6 16  7 11  7 17  8 9  8 13  9 12  10 11  10 13  11 12  14 17  15 16
18 27  0 1  0 2  0 3  1 14  1 15  2 16  2 17  3 12  3 13  4 6  4 8  4 10  5 7  5 9  5 11  6 9  6 15  7 8  7 14  8 13  9 12  10 13  10 17  11 12  11 16  14 17  15 16
18 27  0 1  0 2  0 3  1 14  1 16  2 13  2 15  3 12  3 17  4 6  4 8  4 10  5 9  5 11  5 13  6 7  6 15  7 8  7 13  8 12  9 10  9 17  10 16  11 12  11 14  14 15  16 17
18 27  0 1  0 2  0 3  1 14  1 16  2 13  2 15  3 12  3 17  4 6  4 8  4 10  5 9  5 11  5 13  6 7  6 15  7 8  7 16  8 12  9 10  9 17  10 13  11 12  11 14  14 15  16 17
18 27  0 1  0 2  0 3  1 14  1 16  2 13  2 15  3 12  3 17  4 7  4 9  4 10  5 10  5 11  5 13  6 7  6 8  6 15  7 16  8 9  8 13  9 17  10 12  11 12  11 14  14 15  16 17
18 27  0 1  0 2  0 3  1 14  1 17  2 12  2 15  3 13  3 16  4 5  4 10  4 11  5 6  5 7  6 9  6 17  7 8  7 15  8 12  8 13  9 12  9 16  10 14  10 15  11 13  11 14  16 17
18 27  0 1  0 2  0 3  1 14  1 17  2 12  2 16  3 13  3 15  4 6  4 7  4 10  5 6  5 8  5 9  6 17  7 12  7 17  8 13  8 16  9 14  9 15  10 15  10 16  11 12  11 13  11 14
18 27  0 1  0 2  0 3  1 14  1 17  2 13  2 15  3 12  3 16  4 5  4 6  4 9  5 8  5 14  6 7  6 14  7 8  7 15  8 16  9 12  9 13  10 13  10 15  10 17  11 12  11 16  11 17
18 27  0 1  0 2  0 3  1 14  1 17  2 13  2 15  3 12  3 16  4 7  4 9  4 10  5 10  5 11  5 13  6 7  6 8  6 15  7 16  8 9  8 13  9 17  10 12  11 12  11 14  14 15  16 17
18 27  0 1  0 2  0 3  1 14  1 17  2 13  2 15  3 12  3 16  4 7  4 9  4 10  5 10  5 11  5 17  6 7  6 8  6 15  7 12  8 9  8 16  9 13  10 13  11 12  11 14  14 15  16 17
18 27  0 1  0 2  0 3  1 14  1 17  2 13  2 16  3 12  3 15  4 5  4 9  4 13  5 6  5 14  6 7  6 12  7 8  7 16  8 11  8 13  9 10  9 12  10 15  10 17  11 14  11 15  16 17
18 27  0 1  0 2  0 3  1 14  1 17  2 13  2 17  3 15  3 16  4 5  4 6  4 17  5 11  5 16  6 12  6 15  7 8  7 12  7 14  8 11  8 13  9 11  9 13  9 15  10 12  10 14  10 16
18 27  0 1  0 2  0 3  1 14  1 17  2 15  2 16  3 12  3 13  4 6  4 8  4 10  5 6  5 8  5 9  6 7  7 11  7 17  8 16  9 13  9 15  10 12  10 14  11 12  11 13  14 15  16 17
18 27  0 1  0 2  0 3  1 14  1 17  2 15  2 17  3 13  3 16  4 5  4 13  4 17  5 6  5 7  6 11  6 12  7 10  7 12  8 9  8 11  8 16  9 10  9 14  10 16  11 15  12 14  13 15
18 27  0 1  0 2  0 3  1 14  1 17  2 15  2 17  3 13  3 16  4 5  4 13  4 17  5 6  5 7  6 15  6 16  7 11  7 12  8 9  8 10  8 14  9 12  9 13  10 11  10 15  11 16  12 14
18 27  0 1  0 2  0 3  1 14  1 17  2 15  2 17  3 13  3 16  4 5  4 13  4 17  5 6  5 7  6 15  6 16  7 11  7 12  8 9  8 10  8 14  9 12  9 13  10 12  10 15  11 14  11 16
18 27  0 1  0 2  0 3  1 15  1 16  2 14  2 17  3 12  3 13  4 5  4 8  4 17  5 7  5 16  6 7  6 9  6 14  7 12  8 11  8 12  9 10  9 13  10 14  10 15  11 13  11 15  16 17
18 27  0 1  0 2  0 3  1 15  1 17  2 12  2 13  3 14  3 16  4 6  4 8  4 9  5 6  5 7  5 15  6 13  7 9  7 16  8 10  8 17  9 14  10 12  10 15  11 12  11 13  11 14  16 17
18 27  0 1  0 2  0 3  1 15  1 17  2 12  2 13  3 14  3 16  4 7  4 8  4 9  5 6  5 8  5 9  6 7  6 16  7 12  8 15  9 14  10 13  10 15  10 17  11 12  11 13  11 14  16 17
18 27  0 1  0 2  0 3  1 15  1 17  2 12  2 16  3 13  3 14  4 5  4 6  4 14  5 11  5 12  6 10  6 13  7 8  7 9  7 12  8 14  8 16  9 13  9 15  10 16  10 17  11 15  11 17
18 27  0 1  0 2  0 3  1 15  1 17  2 12  2 16  3 13  3 14  4 5  4 6  4 7  5 8  5 13  6 11  6 17  7 10  7 12  8 9  8 16  9 12  9 15  10 13  10 14  11 14  11 15  16 17
18 27  0 1  0 2  0 3  1 15  1 17  2 12  2 16  3 13  3 14  4 5  4 6  4 7  5 8  5 15  6 11  6 17  7 10  7 12  8 9  8 16  9 13  9 14  10 13  10 15  11 12  11 14  16 17
18 27  0 1  0 2  0 3  1 15  1 17  2 12  2 16  3 13  3 14  4 6  4 8  4 9  5 6  5 8  5 10  6 7  7 11  7 16  8 17  9 13  9 15  10 12  10 13  11 12  11 14  14 17  15 16
18 27  0 1  0 2  0 3  1 15  1 17  2 13  2 16  3 12  3 14  4 5  4 7  4 12  5 6  5 14  6 8  6 15  7 9  7 13  8 11  8 13  9 10  9 12  10 15  10 17  11 14  11 16  16 17
18 27  0 1  0 2  0 3  1 15  1 17  2 13  2 16  3 12  3 14  4 6  4 7  4 8  5 7  5 8  5 9  6 10  6 15  7 13  8 14  9 15  9 17  10 12  10 14  11 12  11 13  11 16  16 17
18 27  0 1  0 2  0 3  1 15  1 17  2 13  2 16  3 12  3 14  4 6  4 8  4 11  5 6  5 9  5 10  6 7  7 12  7 16  8 13  8 17  9 13  9 14  10 14  10 15  11 12  11 15  16 17
18 27  0 1  0 2  0 3  1 15  1 17  2 13  2 16  3 12  3 14  4 6  4 8  4 9  5 6  5 7  5 15  6 13  7 9  7 16  8 10  8 17  9 14  10 12  10 15  11 12  11 13  11 14  16 17
18 27  0 1  0 2  0 3  1 15  1 17  2 13  2 17  3 14  3 16  4 5  4 6  4 17  5 10  5 16  6 11  6 12  7 8  7 13  7 16  8 11  8 12  9 10  9 11  9 13  10 15  12 14  14 15
18 27  0 1  0 2  0 3  1 15  1 17  2 14  2 16  3 12  3 13  4 5  4 6  4 11  5 7  5 15  6 8  6 14  7 9  7 16  8 10  8 17  9 10  9 13  10 12  11 12  11 13  14 17  15 16
18 27  0 1  0 2  0 3  1 15  1 17  2 14  2 16  3 12  3 13  4 5  4 9  4 10  5 7  5 13  6 8  6 11  6 15  7 8  7 14  8 12  9 15  9 17  10 13  10 14  11 12  11 16  16 17
18 27  0 1  0 2  0 3  1 15  1 17  2 14  2 16  3 12  3 13  4 6  4 8  4 10  5 7  5 9  5 11  6 9  6 14  7 8  7 15  8 12  9 13  10 13  10 17  11 12  11 16  14 17  15 16
18 27  0 1  0 2  0 3  1 15  1 17  2 14  2 16  3 12  3 13  4 6  4 8  4 10  5 7  5 9  5 11  6 9  6 15  7 8  7 14  8 13  9 12  10 13  10 17  11 12  11 16  14 17  15 16
18 27  0 1  0 2  0 3  1 15  1 17  2 14  2 17  3 13  3 16  4 5  4 13  4 17  5 6  5 7  6 12  6 16  7 10  7 11  8 9  8 10  8 14  9 11  9 13  10 16  11 15  12 14  12 15
18 27  0 1  0 2  0 3  1 16  1 17  2 12  2 14  3 13  3 15  4 5  4 7  4 9  5 6  5 8  6 7  6 14  7 15  8 11  8 16  9 10  9 12  10 13  10 17  11 12  11 13  14 17  15 16
18 27  0 1  0 2  0 3  1 16  1 17  2 13  2 15  3 12  3 14  4 5  4 6  4 12  5 7  5 13  6 8  6 14  7 9  7 15  8 15  8 17  9 14  9 16  10 11  10 12  10 13  11 16  11 17
18 27  0 1  0 2  0 3  1 16  1 17  2 13  2 15  3 12  3 14  4 5  4 6  4 12  5 7  5 13  6 8  6 14  7 9  7 15  8 15  8 17  9 14  9 16  10 11  10 13  10 17  11 12  11 16
18 27  0 1  0 2  0 3  1 16  1 17  2 13  2 15  3 12  3 14  4 5  4 6  4 13  5 7  5 12  6 8  6 14  7 9  7 15  8 12  8 17  9 13  9 16  10 11  10 15  10 17  11 14  11 16
18 27  0 1  0 2  0 3  1 16  1 17  2 13  2 15  3 12  3 14  4 5  4 6  4 13  5 7  5 12  6 8  6 14  7 9  7 15  8 15  8 17  9 14  9 16  10 11  10 12  10 13  11 16  11 17
18 27  0 1  0 2  0 3  1 16  1 17  2 13  2 15  3 12  3 14  4 6  4 8  4 10  5 7  5 9  5 11  6 9  6 15  7 8  7 14  8 13  9 12  10 13  10 17  11 12  11 16  14 17  15 16
18 27  0 1  0 2  0 3  1 16  1 17  2 14  2 17  3 13  3 15  4 5  4 13  4 17  5 6  5 7  6 10  6 12  7 9  7 11  8 9  8 10  8 14  9 13  10 15  11 14  11 16  12 15  12 16
18 27  0 1  0 2  0 3  1 16  1 17  2 14  2 17  3 13  3 15  4 5  4 13  4 17  5 6  5 7  6 11  6 12  7 10  7 12  8 9  8 12  8 13  9 14  9 15  10 15  10 16  11 14  11 16
18 27  0 1  0 2  0 3  1 16  1 17  2 14  2 17  3 13  3 15  4 5  4 13  4 17  5 6  5 7  6 11  6 16  7 10  7 12  8 9  8 10  8 13  9 14  9 15  10 16  11 12  11 15  12 14
18 27  0 1  0 2  0 3  1 16  1 17  2 14  2 17  3 13  3 15  4 5  4 13  4 17  5 6  5 7  6 12  6 16  7 10  7 11  8 9  8 10  8 13  9 14  9 15  10 16  11 12  11 15  12 14
18 27  0 1  0 2  0 3  1 16  1 17  2 14  2 17  3 13  3 15  4 5  4 13  4 17  5 6  5 7  6 12  6 16  7 11  7 15  8 10  8 12  8 13  9 12  9 14  9 15  10 11  10 14  11 16
18 27  0 1  0 2  0 3  1 16  1 17  2 15  2 17  3 13  3 14  4 5  4 13  4 17  5 6  5 7  6 11  6 16  7 10  7 12  8 12  8 15  8 16  9 10  9 14  9 15  10 11  11 13  12 14
18 27  0 1  0 2  0 3  1 16  1 17  2 15  2 17  3 13  3 14  4 5  4 13  4 17  5 6  5 7  6 12  6 16  7 11  7 15  8 10  8 12  8 13  9 12  9 14  9 15  10 11  10 14  11 16
18 27  0 1  0 2  0 3  1 16  1 17  2 15  2 17  3 13  3 14  4 5  4 6  4 17  5 10  5 12  6 11  6 12  7 8  7 9  7 12  8 13  8 14  9 15  9 16  10 13  10 15  11 14  11 16
18 27  0 1  0 2  0 3  1 16  1 17  2 15  2 17  3 14  3 16  4 5  4 6  4 11  5 7  5 10  6 12  6 16  7 13  7 17  8 9  8 11  8 12  9 10  9 13  10 15  11 14  12 15  13 14
18 27  0 1  0 2  0 3  1 16  1 17  2 15  2 17  3 14  3 16  4 6  4 10  4 16  5 7  5 11  5 17  6 8  6 12  7 9  7 13  8 10  8 13  9 11  9 12  10 15  11 14  12 15  13 14
20 30  0 1  0 2  0 3  1 14  1 15  2 17  2 19  3 16  3 18  4 7  4 9  4 12  5 8  5 10  5 13  6 9  6 10  6 11  7 8  7 16  8 17  9 18  10 19  11 14  11 15  12 15  12 17  13 14  13 16  18 19
20 30  0 1  0 2  0 3  1 14  1 17  2 16  2 19  3 15  3 18  4 7  4 10  4 11  5 8  5 9  5 11  6 9  6 13  6 17  7 12  7 19  8 10  8 16  9 16  10 15  11 14  12 14  12 17  13 15  13 18  18 19
20 30  0 1  0 2  0 3  1 14  1 19  2 15  2 17  3 16  3 18  4 6  4 7  4 10  5 6  5 8  5 12  6 9  7 9  7 11  8 13  8 17  9 16  10 15  10 19  11 14  11 15  12 14  12 17  13 16  13 18  18 19
20 30  0 1  0 2  0 3  1 14  1 19  2 15  2 18  3 16  3 17  4 8  4 10  4 12  5 9  5 11  5 13  6 7  6 10  6 17  7 11  7 16  8 9  8 14  9 15  10 19  11 18  12 15  12 17  13 14  13 16  18 19
20 30  0 1  0 2  0 3  1 15  1 16  2 14  2 19  3 17  3 18  4 5  4 9  4 13  5 7  5 8  6 8  6 11  6 19  7 12  7 15  8 16  9 10  9 14  10 17  10 19  11 16  11 18  12 17  12 18  13 14  13 15
20 30  0 1  0 2  0 3  1 15  1 18  2 17  2 19  3 14  3 16  4 5  4 11  4 13  5 9  5 10  6 8  6 10  6 19  7 8  7 9  7 17  8 16  9 15  10 18  11 12  11 14  12 16  12 17  13 14  13 15  18 19
20 30  0 1  0 2  0 3  1 15  1 18  2 17  2 19  3 14  3 16  4 5  4 11  4 13  5 9  5 10  6 8  6 11  6 17  7 8  7 9  7 17  8 16  9 15  10 12  10 18  11 14  12 16  12 19  13 14  13 15  18 19
20 30  0 1  0 2  0 3  1 15  1 18  2 17  2 19  3 14  3 16  4 5  4 6  4 7  5 8  5 9  6 10  6 11  7 8  7 10  8 15  9 13  9 17  10 19  11 12  11 18  12 14  12 15  13 14  13 16  16 19  17 18
20 30  0 1  0 2  0 3  1 15  1 19  2 16  2 17  3 14  3 18  4 9  4 10  4 13  5 6  5 7  5 8  6 9  6 10  7 12  7 19  8 11  8 15  9 15  10 16  11 14  11 17  12 16  12 17  13 14  13 18  18 19
20 30  0 1  0 2  0 3  1 15  1 19  2 16  2 18  3 14  3 17  4 9  4 11  4 13  5 8  5 10  5 12  6 7  6 11  6 19  7 10  7 17  8 9  8 16  9 15  10 16  11 18  12 14  12 17  13 14  13 15  18 19
20 30  0 1  0 2  0 3  1 15  1 19  2 16  2 19  3 17  3 18  4 5  4 15  4 19  5 6  5 7  6 12  6 18  7 13  7 14  8 12  8 16  8 18  9 11  9 16  9 17  10 11  10 14  10 15  11 13  12 14  13 17
20 30  0 1  0 2  0 3  1 15  1 19  2 16  2 19  3 17  3 18  4 5  4 15  4 19  5 6  5 7  6 13  6 17  7 14  7 18  8 12  8 16  8 18  9 11  9 16  9 17  10 11  10 12  10 15  11 13  12 14  13 14
20 30  0 1  0 2  0 3  1 15  1 19  2 16  2 19  3 17  3 18  4 5  4 15  4 19  5 6  5 7  6 13  6 17  7 14  7 18  8 9  8 12  8 18  9 11  9 17  10 11  10 12  10 15  11 13  12 14  13 16  14 16
20 30  0 1  0 2  0 3  1 15  1 19  2 16  2 19  3 17  3 18  4 5  4 15  4 19  5 6  5 7  6 14  6 18  7 12  7 13  8 9  8 10  8 18  9 11  9 17  10 14  10 15  11 12  11 16  12 17  13 14  13 16
20 30  0 1  0 2  0 3  1 15  1 19  2 16  2 19  3 17  3 18  4 5  4 15  4 19  5 6  5 7  6 14  6 18  7 13  7 17  8 11  8 12  8 18  9 10  9 12  9 15  10 14  10 16  11 13  11 17  12 14  13 16
20 30  0 1  0 2  0 3  1 15  1 19  2 16  2 19  3 17  3 18  4 5  4 6  4 19  5 11  5 14  6 12  6 13  7 8  7 9  7 16  8 10  8 12  9 13  9 15  10 11  10 17  11 18  12 17  13 14  14 16  15 18
20 30  0 1  0 2  0 3  1 15  1 19  2 17  2 18  3 14  3 16  4 7  4 8  4 13  5 9  5 10  5 12  6 8  6 9  6 10  7 11  7 18  8 15  9 17  10 16  11 14  11 17  12 16  12 19  13 14  13 15  18 19
20 30  0 1  0 2  0 3  1 16  1 17  2 14  2 19  3 15  3 18  4 10  4 11  4 13  5 8  5 9  5 12  6 10  6 11  6 17  7 8  7 9  7 16  8 15  9 14  10 16  11 14  12 17  12 19  13 15  13 18  18 19
20 30  0 1  0 2  0 3  1 16  1 17  2 18  2 19  3 14  3 15  4 5  4 9  4 13  5 7  5 8  6 9  6 10  6 19  7 12  7 15  8 11  8 18  9 16  10 16  10 17  11 14  11 17  12 18  12 19  13 14  13 15
20 30  0 1  0 2  0 3  1 16  1 19  2 15  2 17  3 14  3 18  4 11  4 12  4 13  5 6  5 7  5 10  6 11  6 12  7 8  7 17  8 9  8 15  9 10  9 18  10 19  11 14  12 15  13 14  13 16  16 17  18 19
20 30  0 1  0 2  0 3  1 16  1 19  2 15  2 17  3 14  3 18  4 5  4 12  4 13  5 8  5 9  6 7  6 10  6 16  7 9  7 19  8 11  8 19  9 18  10 15  10 17  11 14  11 15  12 16  12 17  13 14  13 18
20 30  0 1  0 2  0 3  1 16  1 19  2 15  2 17  3 14  3 18  4 8  4 10  4 11  5 11  5 13  5 15  6 7  6 8  6 19  7 12  7 16  8 17  9 10  9 12  9 16  10 14  11 17  12 15  13 14  13 18  18 19
20 30  0 1  0 2  0 3  1 16  1 19  2 15  2 19  3 17  3 18  4 5  4 6  4 19  5 17  5 18  6 13  6 14  7 9  7 11  7 16  8 11  8 15  8 18  9 10  9 17  10 14  10 16  11 13  12 13  12 14  12 15
20 30  0 1  0 2  0 3  1 16  1 19  2 17  2 18  3 14  3 15  4 5  4 11  4 13  5 9  5 10  6 8  6 11  6 19  7 10  7 12  7 17  8 9  8 15  9 17  10 16  11 18  12 14  12 16  13 14  13 15  18 19
20 30  0 1  0 2  0 3  1 16  1 19  2 17  2 19  3 15  3 18  4 5  4 6  4 19  5 13  5 14  6 12  6 14  7 8  7 9  7 14  8 12  8 17  9 10  9 16  10 11  10 13  11 17  11 18  12 18  13 15  15 16
20 30  0 1  0 2  0 3  1 16  1 19  2 17  2 19  3 15  3 18  4 5  4 6  4 19  5 13  5 14  6 12  6 14  7 8  7 9  7 16  8 13  8 18  9 12  9 17  10 11  10 13  10 18  11 12  11 17  14 15  15 16
20 30  0 1  0 2  0 3  1 17  1 18  2 15  2 19  3 14  3 16  4 5  4 12  4 13  5 10  5 11  6 7  6 9  6 14  7 8  7 16  8 11  8 19  9 10  9 18  10 17  11 16  12 15  12 17  13 14  13 15  18 19
20 30  0 1  0 2  0 3  1 17  1 18  2 15  2 19  3 14  3 16  4 9  4 11  4 13  5 8  5 10  5 12  6 7  6 11  6 17  7 10  7 16  8 9  8 14  9 18  10 17  11 15  12 15  12 19  13 14  13 16  18 19
20 30  0 1  0 2  0 3  1 17  1 18  2 16  2 19  3 14  3 15  4 10  4 11  4 13  5 7  5 8  5 9  6 7  6 10  6 16  7 17  8 11  8 15  9 12  9 18  10 17  11 16  12 14  12 19  13 14  13 15  18 19
20 30  0 1  0 2  0 3  1 17  1 19  2 14  2 15  3 16  3 18  4 5  4 11  4 13  5 6  5 9  6 8  6 12  7 8  7 9  7 10  8 17  9 16  10 14  10 16  11 17  11 19  12 15  12 18  13 14  13 15  18 19
20 30  0 1  0 2  0 3  1 17  1 19  2 15  2 18  3 14  3 16  4 10  4 11  4 13  5 9  5 10  5 11  6 8  6 9  6 15  7 8  7 12  7 19  8 16  9 18  10 17  11 14  12 16  12 17  13 14  13 15  18 19
20 30  0 1  0 2  0 3  1 17  1 19  2 15  2 19  3 16  3 18  4 5  4 15  4 19  5 6  5 7  6 12  6 18  7 13  7 14  8 9  8 16  8 18  9 10  9 17  10 11  10 14  11 13  11 15  12 13  12 17  14 16
20 30  0 1  0 2  0 3  1 17  1 19  2 15  2 19  3 16  3 18  4 5  4 15  4 19  5 6  5 7  6 13  6 18  7 12  7 14  8 9  8 16  8 18  9 13  9 17  10 12  10 14  10 17  11 12  11 13  11 15  14 16
20 30  0 1  0 2  0 3  1 17  1 19  2 16  2 18  3 14  3 15  4 5  4 7  4 13  5 9  5 12  6 8  6 10  6 11  7 8  7 9  8 17  9 16  10 15  10 17  11 16  11 18  12 14  12 19  13 14  13 15  18 19
20 30  0 1  0 2  0 3  1 17  1 19  2 16  2 19  3 15  3 18  4 5  4 6  4 19  5 12  5 18  6 13  6 14  7 8  7 12  7 18  8 9  8 10  9 12  9 17  10 13  10 16  11 13  11 14  11 15  14 17  15 16
20 30  0 1  0 2  0 3  1 18  1 19  2 16  2 19  3 15  3 17  4 5  4 6  4 19  5 13  5 18  6 12  6 14  7 8  7 12  7 18  8 9  8 15  9 10  9 16  10 13  10 15  11 12  11 14  11 17  13 17  14 16
20 30  0 1  0 2  0 3  1 18  1 19  2 16  2 19  3 15  3 17  4 5  4 6  4 19  5 14  5 18  6 12  6 13  7 12  7 15  7 18  8 9  8 12  8 13  9 15  9 16  10 13  10 14  10 17  11 14  11 16  11 17
20 30  0 1  0 2  0 3  1 18  1 19  2 17  2 19  3 16  3 18  4 5  4 6  4 19  5 9  5 15  6 10  6 14  7 8  7 9  7 15  8 10  8 14  9 12  10 13  11 12  11 13  11 18  12 17  13 17  14 16  15 16
20 30  0 1  0 2  0 3  1 18  1 19  2 17  2 19  3 16  3 18  4 5  4 8  4 18  5 7  5 10  6 9  6 11  6 19  7 8  7 9  8 13  9 12  10 11  10 14  11 15  12 13  12 16  13 17  14 15  14 17  15 16
22 33  0 1  0 2  0 3  1 18  1 19  2 17  2 21  3 16  3 20  4 8  4 10  4 12  5 9  5 11  5 13  6 13  6 14  6 15  7 12  7 14  7 15  8 9  8 19  9 18  10 11  10 17  11 16  12 17  13 16  14 21  15 20  18 21  19 20
22 33  0 1  0 2  0 3  1 19  1 21  2 18  2 21  3 17  3 20  4 5  4 6  4 21  5 13  5 14  6 15  6 16  7 11  7 18  7 20  8 9  8 10  8 19  9 11  9 16  10 16  10 17  11 15  12 13  12 14  12 17  13 19  14 18  15 20
24 36  0 1  0 2  0 3  1 20  1 21  2 19  2 23  3 18  3 22  4 5  4 6  4 15  5 7  5 14  6 10  6 16  7 11  7 17  8 9  8 10  8 13  9 11  9 12  10 21  11 20  12 13  12 23  13 22  14 19  14 23  15 18  15 22  16 19  16 21  17 18  17 20
24 36  0 1  0 2  0 3  1 22  1 23  2 21  2 23  3 19  3 20  4 5  4 6  4 23  5 17  5 18  6 16  6 18  7 18  7 19  7 20  8 12  8 15  8 22  9 10  9 11  9 15  10 19  10 21  11 14  11 21  12 13  12 14  13 17  13 20  14 17  15 16  16 22
